[2023-10-06 18:52:06] - Closing JPA EntityManagerFactory for persistence unit 'default'
[2023-10-06 18:52:06] - HikariPool-1 - Shutdown initiated...
[2023-10-06 18:52:06] - HikariPool-1 - Shutdown completed.
[2023-10-06 23:02:58] - Starting App using Java 17.0.8 with PID 23772 (F:\Java\qwest\target\classes started by tjapka in F:\Java\qwest)
[2023-10-06 23:02:58] - No active profile set, falling back to 1 default profile: "default"
[2023-10-06 23:02:58] - Bootstrapping Spring Data JPA repositories in DEFAULT mode.
[2023-10-06 23:02:58] - Finished Spring Data repository scanning in 35 ms. Found 1 JPA repository interfaces.
[2023-10-06 23:02:59] - Tomcat initialized with port(s): 8080 (http)
[2023-10-06 23:02:59] - Initializing ProtocolHandler ["http-nio-8080"]
[2023-10-06 23:02:59] - Starting service [Tomcat]
[2023-10-06 23:02:59] - Starting Servlet engine: [Apache Tomcat/10.1.12]
[2023-10-06 23:02:59] - Initializing Spring embedded WebApplicationContext
[2023-10-06 23:02:59] - Root WebApplicationContext: initialization completed in 953 ms
[2023-10-06 23:02:59] - HHH000204: Processing PersistenceUnitInfo [name: default]
[2023-10-06 23:02:59] - HHH000412: Hibernate ORM core version 6.2.7.Final
[2023-10-06 23:02:59] - HHH000406: Using bytecode reflection optimizer
[2023-10-06 23:02:59] - HHH000021: Bytecode provider name : bytebuddy
[2023-10-06 23:02:59] - No LoadTimeWeaver setup: ignoring JPA class transformer
[2023-10-06 23:02:59] - HikariPool-1 - Starting...
[2023-10-06 23:02:59] - HikariPool-1 - Added connection com.mysql.cj.jdbc.ConnectionImpl@69a73867
[2023-10-06 23:02:59] - HikariPool-1 - Start completed.
[2023-10-06 23:02:59] - HHH000021: Bytecode provider name : bytebuddy
[2023-10-06 23:03:00] - HHH000490: Using JtaPlatform implementation: [org.hibernate.engine.transaction.jta.platform.internal.NoJtaPlatform]
[2023-10-06 23:03:00] - Initialized JPA EntityManagerFactory for persistence unit 'default'
[2023-10-06 23:03:01] - error setting bots command List: Error executing org.telegram.telegrambots.meta.api.methods.commands.SetMyCommands query: [400] Bad Request: BOT_COMMAND_INVALID
[2023-10-06 23:03:01] - spring.jpa.open-in-view is enabled by default. Therefore, database queries may be performed during view rendering. Explicitly configure spring.jpa.open-in-view to disable this warning
[2023-10-06 23:03:01] - Starting ProtocolHandler ["http-nio-8080"]
[2023-10-06 23:03:01] - Tomcat started on port(s): 8080 (http) with context path ''
[2023-10-06 23:03:01] - Started App in 3.863 seconds (process running for 4.56)
[2023-10-06 23:03:37] - Replied to User: Алекс
[2023-10-06 23:04:36] - Index 4 out of bounds for length 4
java.lang.ArrayIndexOutOfBoundsException: Index 4 out of bounds for length 4
	at com.tele.qwest.service.TelegramBot.checking(TelegramBot.java:145)
	at com.tele.qwest.service.TelegramBot.onUpdateReceived(TelegramBot.java:114)
	at java.base/java.util.ArrayList.forEach(ArrayList.java:1511)
	at org.telegram.telegrambots.meta.generics.LongPollingBot.onUpdatesReceived(LongPollingBot.java:27)
	at org.telegram.telegrambots.updatesreceivers.DefaultBotSession$HandlerThread.run(DefaultBotSession.java:317)
[2023-10-06 23:05:02] - Index 4 out of bounds for length 4
java.lang.ArrayIndexOutOfBoundsException: Index 4 out of bounds for length 4
	at com.tele.qwest.service.TelegramBot.checking(TelegramBot.java:142)
	at com.tele.qwest.service.TelegramBot.onUpdateReceived(TelegramBot.java:114)
	at java.base/java.util.ArrayList.forEach(ArrayList.java:1511)
	at org.telegram.telegrambots.meta.generics.LongPollingBot.onUpdatesReceived(LongPollingBot.java:27)
	at org.telegram.telegrambots.updatesreceivers.DefaultBotSession$HandlerThread.run(DefaultBotSession.java:317)
[2023-10-06 23:05:05] - Index 4 out of bounds for length 4
java.lang.ArrayIndexOutOfBoundsException: Index 4 out of bounds for length 4
	at com.tele.qwest.service.TelegramBot.checking(TelegramBot.java:142)
	at com.tele.qwest.service.TelegramBot.onUpdateReceived(TelegramBot.java:114)
	at java.base/java.util.ArrayList.forEach(ArrayList.java:1511)
	at org.telegram.telegrambots.meta.generics.LongPollingBot.onUpdatesReceived(LongPollingBot.java:27)
	at org.telegram.telegrambots.updatesreceivers.DefaultBotSession$HandlerThread.run(DefaultBotSession.java:317)
[2023-10-06 23:05:09] - Index 4 out of bounds for length 4
java.lang.ArrayIndexOutOfBoundsException: Index 4 out of bounds for length 4
	at com.tele.qwest.service.TelegramBot.checking(TelegramBot.java:142)
	at com.tele.qwest.service.TelegramBot.onUpdateReceived(TelegramBot.java:114)
	at java.base/java.util.ArrayList.forEach(ArrayList.java:1511)
	at org.telegram.telegrambots.meta.generics.LongPollingBot.onUpdatesReceived(LongPollingBot.java:27)
	at org.telegram.telegrambots.updatesreceivers.DefaultBotSession$HandlerThread.run(DefaultBotSession.java:317)
[2023-10-06 23:05:13] - Index 4 out of bounds for length 4
java.lang.ArrayIndexOutOfBoundsException: Index 4 out of bounds for length 4
	at com.tele.qwest.service.TelegramBot.checking(TelegramBot.java:142)
	at com.tele.qwest.service.TelegramBot.onUpdateReceived(TelegramBot.java:114)
	at java.base/java.util.ArrayList.forEach(ArrayList.java:1511)
	at org.telegram.telegrambots.meta.generics.LongPollingBot.onUpdatesReceived(LongPollingBot.java:27)
	at org.telegram.telegrambots.updatesreceivers.DefaultBotSession$HandlerThread.run(DefaultBotSession.java:317)
[2023-10-06 23:06:06] - Closing JPA EntityManagerFactory for persistence unit 'default'
[2023-10-06 23:06:06] - HikariPool-1 - Shutdown initiated...
[2023-10-06 23:06:06] - HikariPool-1 - Shutdown completed.
