[2023-10-06 17:36:44] - Index 4 out of bounds for length 4
java.lang.ArrayIndexOutOfBoundsException: Index 4 out of bounds for length 4
	at com.tele.qwest.service.TelegramBot.checking(TelegramBot.java:137)
	at com.tele.qwest.service.TelegramBot.onUpdateReceived(TelegramBot.java:112)
	at java.base/java.util.ArrayList.forEach(ArrayList.java:1511)
	at org.telegram.telegrambots.meta.generics.LongPollingBot.onUpdatesReceived(LongPollingBot.java:27)
	at org.telegram.telegrambots.updatesreceivers.DefaultBotSession$HandlerThread.run(DefaultBotSession.java:317)
[2023-10-06 17:37:09] - Closing JPA EntityManagerFactory for persistence unit 'default'
[2023-10-06 17:37:09] - HikariPool-1 - Shutdown initiated...
[2023-10-06 17:37:09] - HikariPool-1 - Shutdown completed.
[2023-10-06 17:37:14] - Starting App using Java 17.0.8 with PID 13936 (F:\Java\qwest\target\classes started by tjapka in F:\Java\qwest)
[2023-10-06 17:37:14] - No active profile set, falling back to 1 default profile: "default"
[2023-10-06 17:37:15] - Bootstrapping Spring Data JPA repositories in DEFAULT mode.
[2023-10-06 17:37:15] - Finished Spring Data repository scanning in 37 ms. Found 1 JPA repository interfaces.
[2023-10-06 17:37:15] - Tomcat initialized with port(s): 8080 (http)
[2023-10-06 17:37:15] - Initializing ProtocolHandler ["http-nio-8080"]
[2023-10-06 17:37:15] - Starting service [Tomcat]
[2023-10-06 17:37:15] - Starting Servlet engine: [Apache Tomcat/10.1.12]
[2023-10-06 17:37:15] - Initializing Spring embedded WebApplicationContext
[2023-10-06 17:37:15] - Root WebApplicationContext: initialization completed in 1076 ms
[2023-10-06 17:37:16] - HHH000204: Processing PersistenceUnitInfo [name: default]
[2023-10-06 17:37:16] - HHH000412: Hibernate ORM core version 6.2.7.Final
[2023-10-06 17:37:16] - HHH000406: Using bytecode reflection optimizer
[2023-10-06 17:37:16] - HHH000021: Bytecode provider name : bytebuddy
[2023-10-06 17:37:16] - No LoadTimeWeaver setup: ignoring JPA class transformer
[2023-10-06 17:37:16] - HikariPool-1 - Starting...
[2023-10-06 17:37:16] - HikariPool-1 - Added connection com.mysql.cj.jdbc.ConnectionImpl@749d7c01
[2023-10-06 17:37:16] - HikariPool-1 - Start completed.
[2023-10-06 17:37:16] - HHH000021: Bytecode provider name : bytebuddy
[2023-10-06 17:37:17] - HHH000490: Using JtaPlatform implementation: [org.hibernate.engine.transaction.jta.platform.internal.NoJtaPlatform]
[2023-10-06 17:37:17] - Initialized JPA EntityManagerFactory for persistence unit 'default'
[2023-10-06 17:37:17] - error setting bots command List: Error executing org.telegram.telegrambots.meta.api.methods.commands.SetMyCommands query: [400] Bad Request: BOT_COMMAND_INVALID
[2023-10-06 17:37:17] - spring.jpa.open-in-view is enabled by default. Therefore, database queries may be performed during view rendering. Explicitly configure spring.jpa.open-in-view to disable this warning
[2023-10-06 17:37:18] - Starting ProtocolHandler ["http-nio-8080"]
[2023-10-06 17:37:18] - Tomcat started on port(s): 8080 (http) with context path ''
[2023-10-06 17:37:18] - Started App in 3.769 seconds (process running for 4.491)
[2023-10-06 17:38:11] - Index 4 out of bounds for length 4
java.lang.ArrayIndexOutOfBoundsException: Index 4 out of bounds for length 4
	at com.tele.qwest.service.TelegramBot.getQuestion(TelegramBot.java:155)
	at com.tele.qwest.service.TelegramBot.checking(TelegramBot.java:141)
	at com.tele.qwest.service.TelegramBot.onUpdateReceived(TelegramBot.java:112)
	at java.base/java.util.ArrayList.forEach(ArrayList.java:1511)
	at org.telegram.telegrambots.meta.generics.LongPollingBot.onUpdatesReceived(LongPollingBot.java:27)
	at org.telegram.telegrambots.updatesreceivers.DefaultBotSession$HandlerThread.run(DefaultBotSession.java:317)
[2023-10-06 17:55:12] - Closing JPA EntityManagerFactory for persistence unit 'default'
[2023-10-06 17:55:12] - HikariPool-1 - Shutdown initiated...
[2023-10-06 17:55:12] - HikariPool-1 - Shutdown completed.
[2023-10-06 17:55:17] - Starting App using Java 17.0.8 with PID 24348 (F:\Java\qwest\target\classes started by tjapka in F:\Java\qwest)
[2023-10-06 17:55:17] - No active profile set, falling back to 1 default profile: "default"
[2023-10-06 17:55:17] - Bootstrapping Spring Data JPA repositories in DEFAULT mode.
[2023-10-06 17:55:17] - Finished Spring Data repository scanning in 34 ms. Found 1 JPA repository interfaces.
[2023-10-06 17:55:18] - Tomcat initialized with port(s): 8080 (http)
[2023-10-06 17:55:18] - Initializing ProtocolHandler ["http-nio-8080"]
[2023-10-06 17:55:18] - Starting service [Tomcat]
[2023-10-06 17:55:18] - Starting Servlet engine: [Apache Tomcat/10.1.12]
[2023-10-06 17:55:18] - Initializing Spring embedded WebApplicationContext
[2023-10-06 17:55:18] - Root WebApplicationContext: initialization completed in 958 ms
[2023-10-06 17:55:18] - HHH000204: Processing PersistenceUnitInfo [name: default]
[2023-10-06 17:55:18] - HHH000412: Hibernate ORM core version 6.2.7.Final
[2023-10-06 17:55:18] - HHH000406: Using bytecode reflection optimizer
[2023-10-06 17:55:18] - HHH000021: Bytecode provider name : bytebuddy
[2023-10-06 17:55:18] - No LoadTimeWeaver setup: ignoring JPA class transformer
[2023-10-06 17:55:18] - HikariPool-1 - Starting...
[2023-10-06 17:55:19] - HikariPool-1 - Added connection com.mysql.cj.jdbc.ConnectionImpl@69a73867
[2023-10-06 17:55:19] - HikariPool-1 - Start completed.
[2023-10-06 17:55:19] - HHH000021: Bytecode provider name : bytebuddy
[2023-10-06 17:55:19] - HHH000490: Using JtaPlatform implementation: [org.hibernate.engine.transaction.jta.platform.internal.NoJtaPlatform]
[2023-10-06 17:55:19] - Initialized JPA EntityManagerFactory for persistence unit 'default'
[2023-10-06 17:55:20] - error setting bots command List: Error executing org.telegram.telegrambots.meta.api.methods.commands.SetMyCommands query: [400] Bad Request: BOT_COMMAND_INVALID
[2023-10-06 17:55:20] - spring.jpa.open-in-view is enabled by default. Therefore, database queries may be performed during view rendering. Explicitly configure spring.jpa.open-in-view to disable this warning
[2023-10-06 17:55:20] - Starting ProtocolHandler ["http-nio-8080"]
[2023-10-06 17:55:20] - Tomcat started on port(s): 8080 (http) with context path ''
[2023-10-06 17:55:20] - Started App in 3.744 seconds (process running for 4.458)
[2023-10-06 17:55:27] - Index 4 out of bounds for length 4
java.lang.ArrayIndexOutOfBoundsException: Index 4 out of bounds for length 4
	at com.tele.qwest.service.TelegramBot.getQuestion(TelegramBot.java:155)
	at com.tele.qwest.service.TelegramBot.onUpdateReceived(TelegramBot.java:103)
	at java.base/java.util.ArrayList.forEach(ArrayList.java:1511)
	at org.telegram.telegrambots.meta.generics.LongPollingBot.onUpdatesReceived(LongPollingBot.java:27)
	at org.telegram.telegrambots.updatesreceivers.DefaultBotSession$HandlerThread.run(DefaultBotSession.java:317)
[2023-10-06 17:55:58] - Closing JPA EntityManagerFactory for persistence unit 'default'
[2023-10-06 17:55:58] - HikariPool-1 - Shutdown initiated...
[2023-10-06 17:55:58] - HikariPool-1 - Shutdown completed.
[2023-10-06 17:56:02] - Starting App using Java 17.0.8 with PID 22772 (F:\Java\qwest\target\classes started by tjapka in F:\Java\qwest)
[2023-10-06 17:56:02] - No active profile set, falling back to 1 default profile: "default"
[2023-10-06 17:56:03] - Bootstrapping Spring Data JPA repositories in DEFAULT mode.
[2023-10-06 17:56:03] - Finished Spring Data repository scanning in 37 ms. Found 1 JPA repository interfaces.
[2023-10-06 17:56:03] - Tomcat initialized with port(s): 8080 (http)
[2023-10-06 17:56:03] - Initializing ProtocolHandler ["http-nio-8080"]
[2023-10-06 17:56:03] - Starting service [Tomcat]
[2023-10-06 17:56:03] - Starting Servlet engine: [Apache Tomcat/10.1.12]
[2023-10-06 17:56:03] - Initializing Spring embedded WebApplicationContext
[2023-10-06 17:56:03] - Root WebApplicationContext: initialization completed in 956 ms
[2023-10-06 17:56:03] - HHH000204: Processing PersistenceUnitInfo [name: default]
[2023-10-06 17:56:03] - HHH000412: Hibernate ORM core version 6.2.7.Final
[2023-10-06 17:56:03] - HHH000406: Using bytecode reflection optimizer
[2023-10-06 17:56:04] - HHH000021: Bytecode provider name : bytebuddy
[2023-10-06 17:56:04] - No LoadTimeWeaver setup: ignoring JPA class transformer
[2023-10-06 17:56:04] - HikariPool-1 - Starting...
[2023-10-06 17:56:04] - HikariPool-1 - Added connection com.mysql.cj.jdbc.ConnectionImpl@794cb26b
[2023-10-06 17:56:04] - HikariPool-1 - Start completed.
[2023-10-06 17:56:04] - HHH000021: Bytecode provider name : bytebuddy
[2023-10-06 17:56:05] - HHH000490: Using JtaPlatform implementation: [org.hibernate.engine.transaction.jta.platform.internal.NoJtaPlatform]
[2023-10-06 17:56:05] - Initialized JPA EntityManagerFactory for persistence unit 'default'
[2023-10-06 17:56:05] - error setting bots command List: Error executing org.telegram.telegrambots.meta.api.methods.commands.SetMyCommands query: [400] Bad Request: BOT_COMMAND_INVALID
[2023-10-06 17:56:05] - spring.jpa.open-in-view is enabled by default. Therefore, database queries may be performed during view rendering. Explicitly configure spring.jpa.open-in-view to disable this warning
[2023-10-06 17:56:06] - Starting ProtocolHandler ["http-nio-8080"]
[2023-10-06 17:56:06] - Tomcat started on port(s): 8080 (http) with context path ''
[2023-10-06 17:56:06] - Started App in 3.634 seconds (process running for 4.322)
[2023-10-06 17:56:10] - Index 4 out of bounds for length 4
java.lang.ArrayIndexOutOfBoundsException: Index 4 out of bounds for length 4
	at com.tele.qwest.service.TelegramBot.getQuestion(TelegramBot.java:155)
	at com.tele.qwest.service.TelegramBot.onUpdateReceived(TelegramBot.java:103)
	at java.base/java.util.ArrayList.forEach(ArrayList.java:1511)
	at org.telegram.telegrambots.meta.generics.LongPollingBot.onUpdatesReceived(LongPollingBot.java:27)
	at org.telegram.telegrambots.updatesreceivers.DefaultBotSession$HandlerThread.run(DefaultBotSession.java:317)
[2023-10-06 17:56:13] - Index 4 out of bounds for length 4
java.lang.ArrayIndexOutOfBoundsException: Index 4 out of bounds for length 4
	at com.tele.qwest.service.TelegramBot.getQuestion(TelegramBot.java:155)
	at com.tele.qwest.service.TelegramBot.onUpdateReceived(TelegramBot.java:103)
	at java.base/java.util.ArrayList.forEach(ArrayList.java:1511)
	at org.telegram.telegrambots.meta.generics.LongPollingBot.onUpdatesReceived(LongPollingBot.java:27)
	at org.telegram.telegrambots.updatesreceivers.DefaultBotSession$HandlerThread.run(DefaultBotSession.java:317)
[2023-10-06 17:56:19] - Index 4 out of bounds for length 4
java.lang.ArrayIndexOutOfBoundsException: Index 4 out of bounds for length 4
	at com.tele.qwest.service.TelegramBot.checking(TelegramBot.java:137)
	at com.tele.qwest.service.TelegramBot.onUpdateReceived(TelegramBot.java:112)
	at java.base/java.util.ArrayList.forEach(ArrayList.java:1511)
	at org.telegram.telegrambots.meta.generics.LongPollingBot.onUpdatesReceived(LongPollingBot.java:27)
	at org.telegram.telegrambots.updatesreceivers.DefaultBotSession$HandlerThread.run(DefaultBotSession.java:317)
