[2023-10-07 21:27:11] - Starting App using Java 17.0.8 with PID 22604 (F:\Java\qwest\target\classes started by tjapka in F:\Java\qwest)
[2023-10-07 21:27:11] - No active profile set, falling back to 1 default profile: "default"
[2023-10-07 21:27:11] - Bootstrapping Spring Data JPA repositories in DEFAULT mode.
[2023-10-07 21:27:11] - Finished Spring Data repository scanning in 37 ms. Found 1 JPA repository interfaces.
[2023-10-07 21:27:12] - Tomcat initialized with port(s): 8080 (http)
[2023-10-07 21:27:12] - Initializing ProtocolHandler ["http-nio-8080"]
[2023-10-07 21:27:12] - Starting service [Tomcat]
[2023-10-07 21:27:12] - Starting Servlet engine: [Apache Tomcat/10.1.12]
[2023-10-07 21:27:12] - Initializing Spring embedded WebApplicationContext
[2023-10-07 21:27:12] - Root WebApplicationContext: initialization completed in 989 ms
[2023-10-07 21:27:12] - HHH000204: Processing PersistenceUnitInfo [name: default]
[2023-10-07 21:27:12] - HHH000412: Hibernate ORM core version 6.2.7.Final
[2023-10-07 21:27:12] - HHH000406: Using bytecode reflection optimizer
[2023-10-07 21:27:12] - HHH000021: Bytecode provider name : bytebuddy
[2023-10-07 21:27:12] - No LoadTimeWeaver setup: ignoring JPA class transformer
[2023-10-07 21:27:12] - HikariPool-1 - Starting...
[2023-10-07 21:27:13] - HikariPool-1 - Added connection com.mysql.cj.jdbc.ConnectionImpl@4809c771
[2023-10-07 21:27:13] - HikariPool-1 - Start completed.
[2023-10-07 21:27:13] - HHH000021: Bytecode provider name : bytebuddy
[2023-10-07 21:27:13] - HHH000490: Using JtaPlatform implementation: [org.hibernate.engine.transaction.jta.platform.internal.NoJtaPlatform]
[2023-10-07 21:27:13] - Initialized JPA EntityManagerFactory for persistence unit 'default'
[2023-10-07 21:27:14] - error setting bots command List: Error executing org.telegram.telegrambots.meta.api.methods.commands.SetMyCommands query: [400] Bad Request: BOT_COMMAND_INVALID
[2023-10-07 21:27:14] - Exception encountered during context initialization - cancelling refresh attempt: org.springframework.beans.factory.UnsatisfiedDependencyException: Error creating bean with name 'botInitializer' defined in file [F:\Java\qwest\target\classes\com\tele\qwest\Config\BotInitializer.class]: Unsatisfied dependency expressed through constructor parameter 0: Error creating bean with name 'telegramBot' defined in file [F:\Java\qwest\target\classes\com\tele\qwest\service\TelegramBot.class]: Failed to instantiate [com.tele.qwest.service.TelegramBot]: Constructor threw exception
[2023-10-07 21:27:14] - Closing JPA EntityManagerFactory for persistence unit 'default'
[2023-10-07 21:27:14] - HikariPool-1 - Shutdown initiated...
[2023-10-07 21:27:14] - HikariPool-1 - Shutdown completed.
[2023-10-07 21:27:14] - Stopping service [Tomcat]
[2023-10-07 21:27:14] - 

Error starting ApplicationContext. To display the condition evaluation report re-run your application with 'debug' enabled.
[2023-10-07 21:27:14] - Application run failed
org.springframework.beans.factory.UnsatisfiedDependencyException: Error creating bean with name 'botInitializer' defined in file [F:\Java\qwest\target\classes\com\tele\qwest\Config\BotInitializer.class]: Unsatisfied dependency expressed through constructor parameter 0: Error creating bean with name 'telegramBot' defined in file [F:\Java\qwest\target\classes\com\tele\qwest\service\TelegramBot.class]: Failed to instantiate [com.tele.qwest.service.TelegramBot]: Constructor threw exception
	at org.springframework.beans.factory.support.ConstructorResolver.createArgumentArray(ConstructorResolver.java:800)
	at org.springframework.beans.factory.support.ConstructorResolver.autowireConstructor(ConstructorResolver.java:245)
	at org.springframework.beans.factory.support.AbstractAutowireCapableBeanFactory.autowireConstructor(AbstractAutowireCapableBeanFactory.java:1352)
	at org.springframework.beans.factory.support.AbstractAutowireCapableBeanFactory.createBeanInstance(AbstractAutowireCapableBeanFactory.java:1189)
	at org.springframework.beans.factory.support.AbstractAutowireCapableBeanFactory.doCreateBean(AbstractAutowireCapableBeanFactory.java:560)
	at org.springframework.beans.factory.support.AbstractAutowireCapableBeanFactory.createBean(AbstractAutowireCapableBeanFactory.java:520)
	at org.springframework.beans.factory.support.AbstractBeanFactory.lambda$doGetBean$0(AbstractBeanFactory.java:326)
	at org.springframework.beans.factory.support.DefaultSingletonBeanRegistry.getSingleton(DefaultSingletonBeanRegistry.java:234)
	at org.springframework.beans.factory.support.AbstractBeanFactory.doGetBean(AbstractBeanFactory.java:324)
	at org.springframework.beans.factory.support.AbstractBeanFactory.getBean(AbstractBeanFactory.java:200)
	at org.springframework.beans.factory.support.DefaultListableBeanFactory.preInstantiateSingletons(DefaultListableBeanFactory.java:973)
	at org.springframework.context.support.AbstractApplicationContext.finishBeanFactoryInitialization(AbstractApplicationContext.java:942)
	at org.springframework.context.support.AbstractApplicationContext.refresh(AbstractApplicationContext.java:608)
	at org.springframework.boot.web.servlet.context.ServletWebServerApplicationContext.refresh(ServletWebServerApplicationContext.java:146)
	at org.springframework.boot.SpringApplication.refresh(SpringApplication.java:734)
	at org.springframework.boot.SpringApplication.refreshContext(SpringApplication.java:436)
	at org.springframework.boot.SpringApplication.run(SpringApplication.java:312)
	at org.springframework.boot.SpringApplication.run(SpringApplication.java:1306)
	at org.springframework.boot.SpringApplication.run(SpringApplication.java:1295)
	at com.tele.qwest.App.main(App.java:10)
Caused by: org.springframework.beans.factory.BeanCreationException: Error creating bean with name 'telegramBot' defined in file [F:\Java\qwest\target\classes\com\tele\qwest\service\TelegramBot.class]: Failed to instantiate [com.tele.qwest.service.TelegramBot]: Constructor threw exception
	at org.springframework.beans.factory.support.ConstructorResolver.instantiate(ConstructorResolver.java:326)
	at org.springframework.beans.factory.support.ConstructorResolver.autowireConstructor(ConstructorResolver.java:314)
	at org.springframework.beans.factory.support.AbstractAutowireCapableBeanFactory.autowireConstructor(AbstractAutowireCapableBeanFactory.java:1352)
	at org.springframework.beans.factory.support.AbstractAutowireCapableBeanFactory.createBeanInstance(AbstractAutowireCapableBeanFactory.java:1189)
	at org.springframework.beans.factory.support.AbstractAutowireCapableBeanFactory.doCreateBean(AbstractAutowireCapableBeanFactory.java:560)
	at org.springframework.beans.factory.support.AbstractAutowireCapableBeanFactory.createBean(AbstractAutowireCapableBeanFactory.java:520)
	at org.springframework.beans.factory.support.AbstractBeanFactory.lambda$doGetBean$0(AbstractBeanFactory.java:326)
	at org.springframework.beans.factory.support.DefaultSingletonBeanRegistry.getSingleton(DefaultSingletonBeanRegistry.java:234)
	at org.springframework.beans.factory.support.AbstractBeanFactory.doGetBean(AbstractBeanFactory.java:324)
	at org.springframework.beans.factory.support.AbstractBeanFactory.getBean(AbstractBeanFactory.java:200)
	at org.springframework.beans.factory.config.DependencyDescriptor.resolveCandidate(DependencyDescriptor.java:254)
	at org.springframework.beans.factory.support.DefaultListableBeanFactory.doResolveDependency(DefaultListableBeanFactory.java:1417)
	at org.springframework.beans.factory.support.DefaultListableBeanFactory.resolveDependency(DefaultListableBeanFactory.java:1337)
	at org.springframework.beans.factory.support.ConstructorResolver.resolveAutowiredArgument(ConstructorResolver.java:888)
	at org.springframework.beans.factory.support.ConstructorResolver.createArgumentArray(ConstructorResolver.java:791)
	... 19 common frames omitted
Caused by: org.springframework.beans.BeanInstantiationException: Failed to instantiate [com.tele.qwest.service.TelegramBot]: Constructor threw exception
	at org.springframework.beans.BeanUtils.instantiateClass(BeanUtils.java:224)
	at org.springframework.beans.factory.support.SimpleInstantiationStrategy.instantiate(SimpleInstantiationStrategy.java:110)
	at org.springframework.beans.factory.support.ConstructorResolver.instantiate(ConstructorResolver.java:323)
	... 33 common frames omitted
Caused by: java.lang.ArrayIndexOutOfBoundsException: Index 2 out of bounds for length 2
	at com.tele.qwest.service.TelegramBot.<init>(TelegramBot.java:65)
	at java.base/jdk.internal.reflect.NativeConstructorAccessorImpl.newInstance0(Native Method)
	at java.base/jdk.internal.reflect.NativeConstructorAccessorImpl.newInstance(NativeConstructorAccessorImpl.java:77)
	at java.base/jdk.internal.reflect.DelegatingConstructorAccessorImpl.newInstance(DelegatingConstructorAccessorImpl.java:45)
	at java.base/java.lang.reflect.Constructor.newInstanceWithCaller(Constructor.java:499)
	at java.base/java.lang.reflect.Constructor.newInstance(Constructor.java:480)
	at org.springframework.beans.BeanUtils.instantiateClass(BeanUtils.java:211)
	... 35 common frames omitted
[2023-10-07 21:27:42] - Starting App using Java 17.0.8 with PID 24184 (F:\Java\qwest\target\classes started by tjapka in F:\Java\qwest)
[2023-10-07 21:27:42] - No active profile set, falling back to 1 default profile: "default"
[2023-10-07 21:27:42] - Bootstrapping Spring Data JPA repositories in DEFAULT mode.
[2023-10-07 21:27:42] - Finished Spring Data repository scanning in 36 ms. Found 1 JPA repository interfaces.
[2023-10-07 21:27:42] - Tomcat initialized with port(s): 8080 (http)
[2023-10-07 21:27:42] - Initializing ProtocolHandler ["http-nio-8080"]
[2023-10-07 21:27:42] - Starting service [Tomcat]
[2023-10-07 21:27:42] - Starting Servlet engine: [Apache Tomcat/10.1.12]
[2023-10-07 21:27:43] - Initializing Spring embedded WebApplicationContext
[2023-10-07 21:27:43] - Root WebApplicationContext: initialization completed in 952 ms
[2023-10-07 21:27:43] - HHH000204: Processing PersistenceUnitInfo [name: default]
[2023-10-07 21:27:43] - HHH000412: Hibernate ORM core version 6.2.7.Final
[2023-10-07 21:27:43] - HHH000406: Using bytecode reflection optimizer
[2023-10-07 21:27:43] - HHH000021: Bytecode provider name : bytebuddy
[2023-10-07 21:27:43] - No LoadTimeWeaver setup: ignoring JPA class transformer
[2023-10-07 21:27:43] - HikariPool-1 - Starting...
[2023-10-07 21:27:43] - HikariPool-1 - Added connection com.mysql.cj.jdbc.ConnectionImpl@749d7c01
[2023-10-07 21:27:43] - HikariPool-1 - Start completed.
[2023-10-07 21:27:43] - HHH000021: Bytecode provider name : bytebuddy
[2023-10-07 21:27:44] - HHH000490: Using JtaPlatform implementation: [org.hibernate.engine.transaction.jta.platform.internal.NoJtaPlatform]
[2023-10-07 21:27:44] - Initialized JPA EntityManagerFactory for persistence unit 'default'
[2023-10-07 21:27:44] - error setting bots command List: Error executing org.telegram.telegrambots.meta.api.methods.commands.SetMyCommands query: [400] Bad Request: BOT_COMMAND_INVALID
[2023-10-07 21:27:44] - spring.jpa.open-in-view is enabled by default. Therefore, database queries may be performed during view rendering. Explicitly configure spring.jpa.open-in-view to disable this warning
[2023-10-07 21:27:45] - Starting ProtocolHandler ["http-nio-8080"]
[2023-10-07 21:27:45] - Tomcat started on port(s): 8080 (http) with context path ''
[2023-10-07 21:27:45] - Started App in 3.651 seconds (process running for 4.345)
[2023-10-07 21:27:45] - Replied to User: Алекс
