[2023-10-07 14:31:09] - Index 4 out of bounds for length 4
java.lang.ArrayIndexOutOfBoundsException: Index 4 out of bounds for length 4
	at com.tele.qwest.service.TelegramBot.checking(TelegramBot.java:133)
	at com.tele.qwest.service.TelegramBot.onUpdateReceived(TelegramBot.java:120)
	at java.base/java.util.ArrayList.forEach(ArrayList.java:1511)
	at org.telegram.telegrambots.meta.generics.LongPollingBot.onUpdatesReceived(LongPollingBot.java:27)
	at org.telegram.telegrambots.updatesreceivers.DefaultBotSession$HandlerThread.run(DefaultBotSession.java:317)
[2023-10-07 14:32:16] - Index 4 out of bounds for length 4
java.lang.ArrayIndexOutOfBoundsException: Index 4 out of bounds for length 4
	at com.tele.qwest.service.TelegramBot.checking(TelegramBot.java:128)
	at com.tele.qwest.service.TelegramBot.onUpdateReceived(TelegramBot.java:120)
	at java.base/java.util.ArrayList.forEach(ArrayList.java:1511)
	at org.telegram.telegrambots.meta.generics.LongPollingBot.onUpdatesReceived(LongPollingBot.java:27)
	at org.telegram.telegrambots.updatesreceivers.DefaultBotSession$HandlerThread.run(DefaultBotSession.java:317)
[2023-10-07 14:32:21] - Index 4 out of bounds for length 4
java.lang.ArrayIndexOutOfBoundsException: Index 4 out of bounds for length 4
	at com.tele.qwest.service.TelegramBot.checking(TelegramBot.java:128)
	at com.tele.qwest.service.TelegramBot.onUpdateReceived(TelegramBot.java:120)
	at java.base/java.util.ArrayList.forEach(ArrayList.java:1511)
	at org.telegram.telegrambots.meta.generics.LongPollingBot.onUpdatesReceived(LongPollingBot.java:27)
	at org.telegram.telegrambots.updatesreceivers.DefaultBotSession$HandlerThread.run(DefaultBotSession.java:317)
[2023-10-07 14:33:43] - Closing JPA EntityManagerFactory for persistence unit 'default'
[2023-10-07 14:33:43] - HikariPool-1 - Shutdown initiated...
[2023-10-07 14:33:43] - HikariPool-1 - Shutdown completed.
[2023-10-07 14:33:50] - Starting App using Java 17.0.8 with PID 14752 (F:\Java\qwest\target\classes started by tjapka in F:\Java\qwest)
[2023-10-07 14:33:50] - No active profile set, falling back to 1 default profile: "default"
[2023-10-07 14:33:51] - Bootstrapping Spring Data JPA repositories in DEFAULT mode.
[2023-10-07 14:33:51] - Finished Spring Data repository scanning in 37 ms. Found 1 JPA repository interfaces.
[2023-10-07 14:33:51] - Tomcat initialized with port(s): 8080 (http)
[2023-10-07 14:33:51] - Initializing ProtocolHandler ["http-nio-8080"]
[2023-10-07 14:33:51] - Starting service [Tomcat]
[2023-10-07 14:33:51] - Starting Servlet engine: [Apache Tomcat/10.1.12]
[2023-10-07 14:33:51] - Initializing Spring embedded WebApplicationContext
[2023-10-07 14:33:51] - Root WebApplicationContext: initialization completed in 956 ms
[2023-10-07 14:33:51] - HHH000204: Processing PersistenceUnitInfo [name: default]
[2023-10-07 14:33:51] - HHH000412: Hibernate ORM core version 6.2.7.Final
[2023-10-07 14:33:51] - HHH000406: Using bytecode reflection optimizer
[2023-10-07 14:33:51] - HHH000021: Bytecode provider name : bytebuddy
[2023-10-07 14:33:52] - No LoadTimeWeaver setup: ignoring JPA class transformer
[2023-10-07 14:33:52] - HikariPool-1 - Starting...
[2023-10-07 14:33:52] - HikariPool-1 - Added connection com.mysql.cj.jdbc.ConnectionImpl@749d7c01
[2023-10-07 14:33:52] - HikariPool-1 - Start completed.
[2023-10-07 14:33:52] - HHH000021: Bytecode provider name : bytebuddy
[2023-10-07 14:33:53] - HHH000490: Using JtaPlatform implementation: [org.hibernate.engine.transaction.jta.platform.internal.NoJtaPlatform]
[2023-10-07 14:33:53] - Initialized JPA EntityManagerFactory for persistence unit 'default'
[2023-10-07 14:33:53] - error setting bots command List: Error executing org.telegram.telegrambots.meta.api.methods.commands.SetMyCommands query: [400] Bad Request: BOT_COMMAND_INVALID
[2023-10-07 14:33:53] - spring.jpa.open-in-view is enabled by default. Therefore, database queries may be performed during view rendering. Explicitly configure spring.jpa.open-in-view to disable this warning
[2023-10-07 14:33:53] - Starting ProtocolHandler ["http-nio-8080"]
[2023-10-07 14:33:54] - Tomcat started on port(s): 8080 (http) with context path ''
[2023-10-07 14:33:54] - Started App in 3.624 seconds (process running for 4.32)
[2023-10-07 14:33:58] - Index 4 out of bounds for length 4
java.lang.ArrayIndexOutOfBoundsException: Index 4 out of bounds for length 4
	at com.tele.qwest.service.TelegramBot.checking(TelegramBot.java:128)
	at com.tele.qwest.service.TelegramBot.onUpdateReceived(TelegramBot.java:120)
	at java.base/java.util.ArrayList.forEach(ArrayList.java:1511)
	at org.telegram.telegrambots.meta.generics.LongPollingBot.onUpdatesReceived(LongPollingBot.java:27)
	at org.telegram.telegrambots.updatesreceivers.DefaultBotSession$HandlerThread.run(DefaultBotSession.java:317)
[2023-10-07 14:35:11] - Index 4 out of bounds for length 4
java.lang.ArrayIndexOutOfBoundsException: Index 4 out of bounds for length 4
	at com.tele.qwest.service.TelegramBot.checking(TelegramBot.java:133)
	at com.tele.qwest.service.TelegramBot.onUpdateReceived(TelegramBot.java:120)
	at java.base/java.util.ArrayList.forEach(ArrayList.java:1511)
	at org.telegram.telegrambots.meta.generics.LongPollingBot.onUpdatesReceived(LongPollingBot.java:27)
	at org.telegram.telegrambots.updatesreceivers.DefaultBotSession$HandlerThread.run(DefaultBotSession.java:317)
[2023-10-07 14:36:18] - Closing JPA EntityManagerFactory for persistence unit 'default'
[2023-10-07 14:36:18] - HikariPool-1 - Shutdown initiated...
[2023-10-07 14:36:18] - HikariPool-1 - Shutdown completed.
[2023-10-07 14:36:23] - Starting App using Java 17.0.8 with PID 7572 (F:\Java\qwest\target\classes started by tjapka in F:\Java\qwest)
[2023-10-07 14:36:23] - No active profile set, falling back to 1 default profile: "default"
[2023-10-07 14:36:23] - Bootstrapping Spring Data JPA repositories in DEFAULT mode.
[2023-10-07 14:36:23] - Finished Spring Data repository scanning in 35 ms. Found 1 JPA repository interfaces.
[2023-10-07 14:36:23] - Tomcat initialized with port(s): 8080 (http)
[2023-10-07 14:36:23] - Initializing ProtocolHandler ["http-nio-8080"]
[2023-10-07 14:36:23] - Starting service [Tomcat]
[2023-10-07 14:36:23] - Starting Servlet engine: [Apache Tomcat/10.1.12]
[2023-10-07 14:36:24] - Initializing Spring embedded WebApplicationContext
[2023-10-07 14:36:24] - Root WebApplicationContext: initialization completed in 954 ms
[2023-10-07 14:36:24] - HHH000204: Processing PersistenceUnitInfo [name: default]
[2023-10-07 14:36:24] - HHH000412: Hibernate ORM core version 6.2.7.Final
[2023-10-07 14:36:24] - HHH000406: Using bytecode reflection optimizer
[2023-10-07 14:36:24] - HHH000021: Bytecode provider name : bytebuddy
[2023-10-07 14:36:24] - No LoadTimeWeaver setup: ignoring JPA class transformer
[2023-10-07 14:36:24] - HikariPool-1 - Starting...
[2023-10-07 14:36:24] - HikariPool-1 - Added connection com.mysql.cj.jdbc.ConnectionImpl@749d7c01
[2023-10-07 14:36:24] - HikariPool-1 - Start completed.
[2023-10-07 14:36:24] - HHH000021: Bytecode provider name : bytebuddy
[2023-10-07 14:36:25] - HHH000490: Using JtaPlatform implementation: [org.hibernate.engine.transaction.jta.platform.internal.NoJtaPlatform]
[2023-10-07 14:36:25] - Initialized JPA EntityManagerFactory for persistence unit 'default'
[2023-10-07 14:36:25] - error setting bots command List: Error executing org.telegram.telegrambots.meta.api.methods.commands.SetMyCommands query: [400] Bad Request: BOT_COMMAND_INVALID
[2023-10-07 14:36:25] - spring.jpa.open-in-view is enabled by default. Therefore, database queries may be performed during view rendering. Explicitly configure spring.jpa.open-in-view to disable this warning
[2023-10-07 14:36:26] - Starting ProtocolHandler ["http-nio-8080"]
[2023-10-07 14:36:26] - Tomcat started on port(s): 8080 (http) with context path ''
[2023-10-07 14:36:26] - Started App in 3.708 seconds (process running for 4.398)
[2023-10-07 14:37:10] - Index 4 out of bounds for length 4
java.lang.ArrayIndexOutOfBoundsException: Index 4 out of bounds for length 4
	at com.tele.qwest.service.TelegramBot.checking(TelegramBot.java:133)
	at com.tele.qwest.service.TelegramBot.onUpdateReceived(TelegramBot.java:120)
	at java.base/java.util.ArrayList.forEach(ArrayList.java:1511)
	at org.telegram.telegrambots.meta.generics.LongPollingBot.onUpdatesReceived(LongPollingBot.java:27)
	at org.telegram.telegrambots.updatesreceivers.DefaultBotSession$HandlerThread.run(DefaultBotSession.java:317)
[2023-10-07 14:38:08] - Closing JPA EntityManagerFactory for persistence unit 'default'
[2023-10-07 14:38:08] - HikariPool-1 - Shutdown initiated...
[2023-10-07 14:38:08] - HikariPool-1 - Shutdown completed.
[2023-10-07 14:38:12] - Starting App using Java 17.0.8 with PID 4800 (F:\Java\qwest\target\classes started by tjapka in F:\Java\qwest)
[2023-10-07 14:38:12] - No active profile set, falling back to 1 default profile: "default"
[2023-10-07 14:38:13] - Bootstrapping Spring Data JPA repositories in DEFAULT mode.
[2023-10-07 14:38:13] - Finished Spring Data repository scanning in 38 ms. Found 1 JPA repository interfaces.
[2023-10-07 14:38:13] - Tomcat initialized with port(s): 8080 (http)
[2023-10-07 14:38:13] - Initializing ProtocolHandler ["http-nio-8080"]
[2023-10-07 14:38:13] - Starting service [Tomcat]
[2023-10-07 14:38:13] - Starting Servlet engine: [Apache Tomcat/10.1.12]
[2023-10-07 14:38:13] - Initializing Spring embedded WebApplicationContext
[2023-10-07 14:38:13] - Root WebApplicationContext: initialization completed in 970 ms
[2023-10-07 14:38:13] - HHH000204: Processing PersistenceUnitInfo [name: default]
[2023-10-07 14:38:14] - HHH000412: Hibernate ORM core version 6.2.7.Final
[2023-10-07 14:38:14] - HHH000406: Using bytecode reflection optimizer
[2023-10-07 14:38:14] - HHH000021: Bytecode provider name : bytebuddy
[2023-10-07 14:38:14] - No LoadTimeWeaver setup: ignoring JPA class transformer
[2023-10-07 14:38:14] - HikariPool-1 - Starting...
[2023-10-07 14:38:14] - HikariPool-1 - Added connection com.mysql.cj.jdbc.ConnectionImpl@749d7c01
[2023-10-07 14:38:14] - HikariPool-1 - Start completed.
[2023-10-07 14:38:14] - HHH000021: Bytecode provider name : bytebuddy
[2023-10-07 14:38:15] - HHH000490: Using JtaPlatform implementation: [org.hibernate.engine.transaction.jta.platform.internal.NoJtaPlatform]
[2023-10-07 14:38:15] - Initialized JPA EntityManagerFactory for persistence unit 'default'
[2023-10-07 14:38:15] - error setting bots command List: Error executing org.telegram.telegrambots.meta.api.methods.commands.SetMyCommands query: [400] Bad Request: BOT_COMMAND_INVALID
[2023-10-07 14:38:15] - spring.jpa.open-in-view is enabled by default. Therefore, database queries may be performed during view rendering. Explicitly configure spring.jpa.open-in-view to disable this warning
[2023-10-07 14:38:16] - Starting ProtocolHandler ["http-nio-8080"]
[2023-10-07 14:38:16] - Tomcat started on port(s): 8080 (http) with context path ''
[2023-10-07 14:38:16] - Started App in 3.609 seconds (process running for 4.304)
