[2023-10-06 17:10:17] - Index 4 out of bounds for length 4
java.lang.ArrayIndexOutOfBoundsException: Index 4 out of bounds for length 4
	at com.tele.qwest.service.TelegramBot.checking(TelegramBot.java:140)
	at com.tele.qwest.service.TelegramBot.onUpdateReceived(TelegramBot.java:113)
	at java.base/java.util.ArrayList.forEach(ArrayList.java:1511)
	at org.telegram.telegrambots.meta.generics.LongPollingBot.onUpdatesReceived(LongPollingBot.java:27)
	at org.telegram.telegrambots.updatesreceivers.DefaultBotSession$HandlerThread.run(DefaultBotSession.java:317)
[2023-10-06 17:11:12] - Index 4 out of bounds for length 4
java.lang.ArrayIndexOutOfBoundsException: Index 4 out of bounds for length 4
	at com.tele.qwest.service.TelegramBot.getQuestion(TelegramBot.java:154)
	at com.tele.qwest.service.TelegramBot.checking(TelegramBot.java:144)
	at com.tele.qwest.service.TelegramBot.onUpdateReceived(TelegramBot.java:113)
	at java.base/java.util.ArrayList.forEach(ArrayList.java:1511)
	at org.telegram.telegrambots.meta.generics.LongPollingBot.onUpdatesReceived(LongPollingBot.java:27)
	at org.telegram.telegrambots.updatesreceivers.DefaultBotSession$HandlerThread.run(DefaultBotSession.java:317)
[2023-10-06 17:11:44] - Closing JPA EntityManagerFactory for persistence unit 'default'
[2023-10-06 17:11:44] - HikariPool-1 - Shutdown initiated...
[2023-10-06 17:11:44] - HikariPool-1 - Shutdown completed.
[2023-10-06 17:11:49] - Starting App using Java 17.0.8 with PID 23440 (F:\Java\qwest\target\classes started by tjapka in F:\Java\qwest)
[2023-10-06 17:11:49] - No active profile set, falling back to 1 default profile: "default"
[2023-10-06 17:11:49] - Bootstrapping Spring Data JPA repositories in DEFAULT mode.
[2023-10-06 17:11:50] - Finished Spring Data repository scanning in 34 ms. Found 1 JPA repository interfaces.
[2023-10-06 17:11:50] - Tomcat initialized with port(s): 8080 (http)
[2023-10-06 17:11:50] - Initializing ProtocolHandler ["http-nio-8080"]
[2023-10-06 17:11:50] - Starting service [Tomcat]
[2023-10-06 17:11:50] - Starting Servlet engine: [Apache Tomcat/10.1.12]
[2023-10-06 17:11:50] - Initializing Spring embedded WebApplicationContext
[2023-10-06 17:11:50] - Root WebApplicationContext: initialization completed in 941 ms
[2023-10-06 17:11:50] - HHH000204: Processing PersistenceUnitInfo [name: default]
[2023-10-06 17:11:50] - HHH000412: Hibernate ORM core version 6.2.7.Final
[2023-10-06 17:11:50] - HHH000406: Using bytecode reflection optimizer
[2023-10-06 17:11:50] - HHH000021: Bytecode provider name : bytebuddy
[2023-10-06 17:11:50] - No LoadTimeWeaver setup: ignoring JPA class transformer
[2023-10-06 17:11:50] - HikariPool-1 - Starting...
[2023-10-06 17:11:51] - HikariPool-1 - Added connection com.mysql.cj.jdbc.ConnectionImpl@69a73867
[2023-10-06 17:11:51] - HikariPool-1 - Start completed.
[2023-10-06 17:11:51] - HHH000021: Bytecode provider name : bytebuddy
[2023-10-06 17:11:51] - HHH000490: Using JtaPlatform implementation: [org.hibernate.engine.transaction.jta.platform.internal.NoJtaPlatform]
[2023-10-06 17:11:51] - Initialized JPA EntityManagerFactory for persistence unit 'default'
[2023-10-06 17:11:52] - error setting bots command List: Error executing org.telegram.telegrambots.meta.api.methods.commands.SetMyCommands query: [400] Bad Request: BOT_COMMAND_INVALID
[2023-10-06 17:11:52] - spring.jpa.open-in-view is enabled by default. Therefore, database queries may be performed during view rendering. Explicitly configure spring.jpa.open-in-view to disable this warning
[2023-10-06 17:11:52] - Starting ProtocolHandler ["http-nio-8080"]
[2023-10-06 17:11:52] - Tomcat started on port(s): 8080 (http) with context path ''
[2023-10-06 17:11:52] - Started App in 3.588 seconds (process running for 4.288)
[2023-10-06 17:14:13] - Closing JPA EntityManagerFactory for persistence unit 'default'
[2023-10-06 17:14:13] - HikariPool-1 - Shutdown initiated...
[2023-10-06 17:14:13] - HikariPool-1 - Shutdown completed.
[2023-10-06 17:24:21] - Starting App using Java 17.0.8 with PID 15704 (F:\Java\qwest\target\classes started by tjapka in F:\Java\qwest)
[2023-10-06 17:24:21] - No active profile set, falling back to 1 default profile: "default"
[2023-10-06 17:24:22] - Bootstrapping Spring Data JPA repositories in DEFAULT mode.
[2023-10-06 17:24:22] - Finished Spring Data repository scanning in 35 ms. Found 1 JPA repository interfaces.
[2023-10-06 17:24:22] - Tomcat initialized with port(s): 8080 (http)
[2023-10-06 17:24:22] - Initializing ProtocolHandler ["http-nio-8080"]
[2023-10-06 17:24:22] - Starting service [Tomcat]
[2023-10-06 17:24:22] - Starting Servlet engine: [Apache Tomcat/10.1.12]
[2023-10-06 17:24:22] - Initializing Spring embedded WebApplicationContext
[2023-10-06 17:24:22] - Root WebApplicationContext: initialization completed in 970 ms
[2023-10-06 17:24:23] - HHH000204: Processing PersistenceUnitInfo [name: default]
[2023-10-06 17:24:23] - HHH000412: Hibernate ORM core version 6.2.7.Final
[2023-10-06 17:24:23] - HHH000406: Using bytecode reflection optimizer
[2023-10-06 17:24:23] - HHH000021: Bytecode provider name : bytebuddy
[2023-10-06 17:24:23] - No LoadTimeWeaver setup: ignoring JPA class transformer
[2023-10-06 17:24:23] - HikariPool-1 - Starting...
[2023-10-06 17:24:23] - HikariPool-1 - Added connection com.mysql.cj.jdbc.ConnectionImpl@749d7c01
[2023-10-06 17:24:23] - HikariPool-1 - Start completed.
[2023-10-06 17:24:23] - HHH000021: Bytecode provider name : bytebuddy
[2023-10-06 17:24:24] - HHH000490: Using JtaPlatform implementation: [org.hibernate.engine.transaction.jta.platform.internal.NoJtaPlatform]
[2023-10-06 17:24:24] - Initialized JPA EntityManagerFactory for persistence unit 'default'
[2023-10-06 17:24:24] - error setting bots command List: Error executing org.telegram.telegrambots.meta.api.methods.commands.SetMyCommands query: [400] Bad Request: BOT_COMMAND_INVALID
[2023-10-06 17:24:24] - spring.jpa.open-in-view is enabled by default. Therefore, database queries may be performed during view rendering. Explicitly configure spring.jpa.open-in-view to disable this warning
[2023-10-06 17:24:25] - Starting ProtocolHandler ["http-nio-8080"]
[2023-10-06 17:24:25] - Tomcat started on port(s): 8080 (http) with context path ''
[2023-10-06 17:24:25] - Started App in 3.665 seconds (process running for 4.375)
[2023-10-06 17:27:42] - Closing JPA EntityManagerFactory for persistence unit 'default'
[2023-10-06 17:27:42] - HikariPool-1 - Shutdown initiated...
[2023-10-06 17:27:42] - HikariPool-1 - Shutdown completed.
[2023-10-06 17:27:47] - Starting App using Java 17.0.8 with PID 3676 (F:\Java\qwest\target\classes started by tjapka in F:\Java\qwest)
[2023-10-06 17:27:47] - No active profile set, falling back to 1 default profile: "default"
[2023-10-06 17:27:47] - Bootstrapping Spring Data JPA repositories in DEFAULT mode.
[2023-10-06 17:27:47] - Finished Spring Data repository scanning in 35 ms. Found 1 JPA repository interfaces.
[2023-10-06 17:27:48] - Tomcat initialized with port(s): 8080 (http)
[2023-10-06 17:27:48] - Initializing ProtocolHandler ["http-nio-8080"]
[2023-10-06 17:27:48] - Starting service [Tomcat]
[2023-10-06 17:27:48] - Starting Servlet engine: [Apache Tomcat/10.1.12]
[2023-10-06 17:27:48] - Initializing Spring embedded WebApplicationContext
[2023-10-06 17:27:48] - Root WebApplicationContext: initialization completed in 965 ms
[2023-10-06 17:27:48] - HHH000204: Processing PersistenceUnitInfo [name: default]
[2023-10-06 17:27:48] - HHH000412: Hibernate ORM core version 6.2.7.Final
[2023-10-06 17:27:48] - HHH000406: Using bytecode reflection optimizer
[2023-10-06 17:27:48] - HHH000021: Bytecode provider name : bytebuddy
[2023-10-06 17:27:48] - No LoadTimeWeaver setup: ignoring JPA class transformer
[2023-10-06 17:27:48] - HikariPool-1 - Starting...
[2023-10-06 17:27:49] - HikariPool-1 - Added connection com.mysql.cj.jdbc.ConnectionImpl@69a73867
[2023-10-06 17:27:49] - HikariPool-1 - Start completed.
[2023-10-06 17:27:49] - HHH000021: Bytecode provider name : bytebuddy
[2023-10-06 17:27:49] - HHH000490: Using JtaPlatform implementation: [org.hibernate.engine.transaction.jta.platform.internal.NoJtaPlatform]
[2023-10-06 17:27:49] - Initialized JPA EntityManagerFactory for persistence unit 'default'
[2023-10-06 17:27:50] - error setting bots command List: Error executing org.telegram.telegrambots.meta.api.methods.commands.SetMyCommands query: [400] Bad Request: BOT_COMMAND_INVALID
[2023-10-06 17:27:50] - spring.jpa.open-in-view is enabled by default. Therefore, database queries may be performed during view rendering. Explicitly configure spring.jpa.open-in-view to disable this warning
[2023-10-06 17:27:50] - Starting ProtocolHandler ["http-nio-8080"]
[2023-10-06 17:27:50] - Tomcat started on port(s): 8080 (http) with context path ''
[2023-10-06 17:27:50] - Started App in 3.787 seconds (process running for 4.489)
[2023-10-06 17:28:39] - Index 4 out of bounds for length 4
java.lang.ArrayIndexOutOfBoundsException: Index 4 out of bounds for length 4
	at com.tele.qwest.service.TelegramBot.getQuestion(TelegramBot.java:151)
	at com.tele.qwest.service.TelegramBot.checking(TelegramBot.java:141)
	at com.tele.qwest.service.TelegramBot.onUpdateReceived(TelegramBot.java:112)
	at java.base/java.util.ArrayList.forEach(ArrayList.java:1511)
	at org.telegram.telegrambots.meta.generics.LongPollingBot.onUpdatesReceived(LongPollingBot.java:27)
	at org.telegram.telegrambots.updatesreceivers.DefaultBotSession$HandlerThread.run(DefaultBotSession.java:317)
[2023-10-06 17:30:07] - Closing JPA EntityManagerFactory for persistence unit 'default'
[2023-10-06 17:30:07] - HikariPool-1 - Shutdown initiated...
[2023-10-06 17:30:07] - HikariPool-1 - Shutdown completed.
[2023-10-06 17:30:11] - Starting App using Java 17.0.8 with PID 6352 (F:\Java\qwest\target\classes started by tjapka in F:\Java\qwest)
[2023-10-06 17:30:11] - No active profile set, falling back to 1 default profile: "default"
[2023-10-06 17:30:11] - Bootstrapping Spring Data JPA repositories in DEFAULT mode.
[2023-10-06 17:30:11] - Finished Spring Data repository scanning in 35 ms. Found 1 JPA repository interfaces.
[2023-10-06 17:30:12] - Tomcat initialized with port(s): 8080 (http)
[2023-10-06 17:30:12] - Initializing ProtocolHandler ["http-nio-8080"]
[2023-10-06 17:30:12] - Starting service [Tomcat]
[2023-10-06 17:30:12] - Starting Servlet engine: [Apache Tomcat/10.1.12]
[2023-10-06 17:30:12] - Initializing Spring embedded WebApplicationContext
[2023-10-06 17:30:12] - Root WebApplicationContext: initialization completed in 973 ms
[2023-10-06 17:30:12] - HHH000204: Processing PersistenceUnitInfo [name: default]
[2023-10-06 17:30:12] - HHH000412: Hibernate ORM core version 6.2.7.Final
[2023-10-06 17:30:12] - HHH000406: Using bytecode reflection optimizer
[2023-10-06 17:30:12] - HHH000021: Bytecode provider name : bytebuddy
[2023-10-06 17:30:12] - No LoadTimeWeaver setup: ignoring JPA class transformer
[2023-10-06 17:30:12] - HikariPool-1 - Starting...
[2023-10-06 17:30:13] - HikariPool-1 - Added connection com.mysql.cj.jdbc.ConnectionImpl@749d7c01
[2023-10-06 17:30:13] - HikariPool-1 - Start completed.
[2023-10-06 17:30:13] - HHH000021: Bytecode provider name : bytebuddy
[2023-10-06 17:30:13] - HHH000490: Using JtaPlatform implementation: [org.hibernate.engine.transaction.jta.platform.internal.NoJtaPlatform]
[2023-10-06 17:30:13] - Initialized JPA EntityManagerFactory for persistence unit 'default'
[2023-10-06 17:30:14] - error setting bots command List: Error executing org.telegram.telegrambots.meta.api.methods.commands.SetMyCommands query: [400] Bad Request: BOT_COMMAND_INVALID
[2023-10-06 17:30:14] - spring.jpa.open-in-view is enabled by default. Therefore, database queries may be performed during view rendering. Explicitly configure spring.jpa.open-in-view to disable this warning
[2023-10-06 17:30:14] - Starting ProtocolHandler ["http-nio-8080"]
[2023-10-06 17:30:14] - Tomcat started on port(s): 8080 (http) with context path ''
[2023-10-06 17:30:14] - Started App in 3.685 seconds (process running for 4.371)
