[2023-10-06 14:17:26] - Starting App using Java 17.0.8 with PID 9012 (F:\Java\qwest\target\classes started by tjapka in F:\Java\qwest)
[2023-10-06 14:17:26] - No active profile set, falling back to 1 default profile: "default"
[2023-10-06 14:17:26] - Bootstrapping Spring Data JPA repositories in DEFAULT mode.
[2023-10-06 14:17:26] - Finished Spring Data repository scanning in 35 ms. Found 1 JPA repository interfaces.
[2023-10-06 14:17:27] - Tomcat initialized with port(s): 8080 (http)
[2023-10-06 14:17:27] - Initializing ProtocolHandler ["http-nio-8080"]
[2023-10-06 14:17:27] - Starting service [Tomcat]
[2023-10-06 14:17:27] - Starting Servlet engine: [Apache Tomcat/10.1.12]
[2023-10-06 14:17:27] - Initializing Spring embedded WebApplicationContext
[2023-10-06 14:17:27] - Root WebApplicationContext: initialization completed in 934 ms
[2023-10-06 14:17:27] - HHH000204: Processing PersistenceUnitInfo [name: default]
[2023-10-06 14:17:27] - HHH000412: Hibernate ORM core version 6.2.7.Final
[2023-10-06 14:17:27] - HHH000406: Using bytecode reflection optimizer
[2023-10-06 14:17:27] - HHH000021: Bytecode provider name : bytebuddy
[2023-10-06 14:17:27] - No LoadTimeWeaver setup: ignoring JPA class transformer
[2023-10-06 14:17:27] - HikariPool-1 - Starting...
[2023-10-06 14:17:27] - HikariPool-1 - Added connection com.mysql.cj.jdbc.ConnectionImpl@749d7c01
[2023-10-06 14:17:27] - HikariPool-1 - Start completed.
[2023-10-06 14:17:28] - HHH000021: Bytecode provider name : bytebuddy
[2023-10-06 14:17:28] - HHH000490: Using JtaPlatform implementation: [org.hibernate.engine.transaction.jta.platform.internal.NoJtaPlatform]
[2023-10-06 14:17:28] - Initialized JPA EntityManagerFactory for persistence unit 'default'
[2023-10-06 14:17:29] - spring.jpa.open-in-view is enabled by default. Therefore, database queries may be performed during view rendering. Explicitly configure spring.jpa.open-in-view to disable this warning
[2023-10-06 14:17:29] - Starting ProtocolHandler ["http-nio-8080"]
[2023-10-06 14:17:29] - Tomcat started on port(s): 8080 (http) with context path ''
[2023-10-06 14:17:29] - Started App in 3.65 seconds (process running for 4.565)
[2023-10-06 14:27:06] - Closing JPA EntityManagerFactory for persistence unit 'default'
[2023-10-06 14:27:06] - HikariPool-1 - Shutdown initiated...
[2023-10-06 14:27:06] - HikariPool-1 - Shutdown completed.
[2023-10-06 14:27:12] - Starting App using Java 17.0.8 with PID 16520 (F:\Java\qwest\target\classes started by tjapka in F:\Java\qwest)
[2023-10-06 14:27:12] - No active profile set, falling back to 1 default profile: "default"
[2023-10-06 14:27:13] - Bootstrapping Spring Data JPA repositories in DEFAULT mode.
[2023-10-06 14:27:13] - Finished Spring Data repository scanning in 34 ms. Found 1 JPA repository interfaces.
[2023-10-06 14:27:13] - Tomcat initialized with port(s): 8080 (http)
[2023-10-06 14:27:13] - Initializing ProtocolHandler ["http-nio-8080"]
[2023-10-06 14:27:13] - Starting service [Tomcat]
[2023-10-06 14:27:13] - Starting Servlet engine: [Apache Tomcat/10.1.12]
[2023-10-06 14:27:13] - Initializing Spring embedded WebApplicationContext
[2023-10-06 14:27:13] - Root WebApplicationContext: initialization completed in 977 ms
[2023-10-06 14:27:13] - HHH000204: Processing PersistenceUnitInfo [name: default]
[2023-10-06 14:27:13] - HHH000412: Hibernate ORM core version 6.2.7.Final
[2023-10-06 14:27:13] - HHH000406: Using bytecode reflection optimizer
[2023-10-06 14:27:14] - HHH000021: Bytecode provider name : bytebuddy
[2023-10-06 14:27:14] - No LoadTimeWeaver setup: ignoring JPA class transformer
[2023-10-06 14:27:14] - HikariPool-1 - Starting...
[2023-10-06 14:27:14] - HikariPool-1 - Added connection com.mysql.cj.jdbc.ConnectionImpl@aa0dbca
[2023-10-06 14:27:14] - HikariPool-1 - Start completed.
[2023-10-06 14:27:14] - HHH000021: Bytecode provider name : bytebuddy
[2023-10-06 14:27:15] - HHH000490: Using JtaPlatform implementation: [org.hibernate.engine.transaction.jta.platform.internal.NoJtaPlatform]
[2023-10-06 14:27:15] - Initialized JPA EntityManagerFactory for persistence unit 'default'
[2023-10-06 14:27:15] - spring.jpa.open-in-view is enabled by default. Therefore, database queries may be performed during view rendering. Explicitly configure spring.jpa.open-in-view to disable this warning
[2023-10-06 14:27:16] - Starting ProtocolHandler ["http-nio-8080"]
[2023-10-06 14:27:16] - Tomcat started on port(s): 8080 (http) with context path ''
[2023-10-06 14:27:16] - Started App in 3.689 seconds (process running for 4.399)
[2023-10-06 14:27:32] - Closing JPA EntityManagerFactory for persistence unit 'default'
[2023-10-06 14:27:32] - HikariPool-1 - Shutdown initiated...
[2023-10-06 14:27:32] - HikariPool-1 - Shutdown completed.
[2023-10-06 14:27:36] - Starting App using Java 17.0.8 with PID 18004 (F:\Java\qwest\target\classes started by tjapka in F:\Java\qwest)
[2023-10-06 14:27:36] - No active profile set, falling back to 1 default profile: "default"
[2023-10-06 14:27:36] - Bootstrapping Spring Data JPA repositories in DEFAULT mode.
[2023-10-06 14:27:36] - Finished Spring Data repository scanning in 35 ms. Found 1 JPA repository interfaces.
[2023-10-06 14:27:37] - Tomcat initialized with port(s): 8080 (http)
[2023-10-06 14:27:37] - Initializing ProtocolHandler ["http-nio-8080"]
[2023-10-06 14:27:37] - Starting service [Tomcat]
[2023-10-06 14:27:37] - Starting Servlet engine: [Apache Tomcat/10.1.12]
[2023-10-06 14:27:37] - Initializing Spring embedded WebApplicationContext
[2023-10-06 14:27:37] - Root WebApplicationContext: initialization completed in 964 ms
[2023-10-06 14:27:37] - HHH000204: Processing PersistenceUnitInfo [name: default]
[2023-10-06 14:27:37] - HHH000412: Hibernate ORM core version 6.2.7.Final
[2023-10-06 14:27:37] - HHH000406: Using bytecode reflection optimizer
[2023-10-06 14:27:37] - HHH000021: Bytecode provider name : bytebuddy
[2023-10-06 14:27:37] - No LoadTimeWeaver setup: ignoring JPA class transformer
[2023-10-06 14:27:37] - HikariPool-1 - Starting...
[2023-10-06 14:27:37] - HikariPool-1 - Added connection com.mysql.cj.jdbc.ConnectionImpl@69a73867
[2023-10-06 14:27:37] - HikariPool-1 - Start completed.
[2023-10-06 14:27:38] - HHH000021: Bytecode provider name : bytebuddy
[2023-10-06 14:27:38] - HHH000490: Using JtaPlatform implementation: [org.hibernate.engine.transaction.jta.platform.internal.NoJtaPlatform]
[2023-10-06 14:27:38] - Initialized JPA EntityManagerFactory for persistence unit 'default'
[2023-10-06 14:27:39] - spring.jpa.open-in-view is enabled by default. Therefore, database queries may be performed during view rendering. Explicitly configure spring.jpa.open-in-view to disable this warning
[2023-10-06 14:27:39] - Starting ProtocolHandler ["http-nio-8080"]
[2023-10-06 14:27:39] - Tomcat started on port(s): 8080 (http) with context path ''
[2023-10-06 14:27:39] - Started App in 3.609 seconds (process running for 4.312)
[2023-10-06 14:27:59] - Replied to User: Алекс
[2023-10-06 14:31:00] - Closing JPA EntityManagerFactory for persistence unit 'default'
[2023-10-06 14:31:00] - HikariPool-1 - Shutdown initiated...
[2023-10-06 14:31:00] - HikariPool-1 - Shutdown completed.
[2023-10-06 14:31:05] - Starting App using Java 17.0.8 with PID 4700 (F:\Java\qwest\target\classes started by tjapka in F:\Java\qwest)
[2023-10-06 14:31:05] - No active profile set, falling back to 1 default profile: "default"
[2023-10-06 14:31:05] - Bootstrapping Spring Data JPA repositories in DEFAULT mode.
[2023-10-06 14:31:05] - Finished Spring Data repository scanning in 34 ms. Found 1 JPA repository interfaces.
[2023-10-06 14:31:06] - Tomcat initialized with port(s): 8080 (http)
[2023-10-06 14:31:06] - Initializing ProtocolHandler ["http-nio-8080"]
[2023-10-06 14:31:06] - Starting service [Tomcat]
[2023-10-06 14:31:06] - Starting Servlet engine: [Apache Tomcat/10.1.12]
[2023-10-06 14:31:06] - Initializing Spring embedded WebApplicationContext
[2023-10-06 14:31:06] - Root WebApplicationContext: initialization completed in 958 ms
[2023-10-06 14:31:06] - HHH000204: Processing PersistenceUnitInfo [name: default]
[2023-10-06 14:31:06] - HHH000412: Hibernate ORM core version 6.2.7.Final
[2023-10-06 14:31:06] - HHH000406: Using bytecode reflection optimizer
[2023-10-06 14:31:06] - HHH000021: Bytecode provider name : bytebuddy
[2023-10-06 14:31:06] - No LoadTimeWeaver setup: ignoring JPA class transformer
[2023-10-06 14:31:06] - HikariPool-1 - Starting...
[2023-10-06 14:31:06] - HikariPool-1 - Added connection com.mysql.cj.jdbc.ConnectionImpl@69a73867
[2023-10-06 14:31:06] - HikariPool-1 - Start completed.
[2023-10-06 14:31:07] - HHH000021: Bytecode provider name : bytebuddy
[2023-10-06 14:31:07] - HHH000490: Using JtaPlatform implementation: [org.hibernate.engine.transaction.jta.platform.internal.NoJtaPlatform]
[2023-10-06 14:31:07] - Initialized JPA EntityManagerFactory for persistence unit 'default'
[2023-10-06 14:31:08] - spring.jpa.open-in-view is enabled by default. Therefore, database queries may be performed during view rendering. Explicitly configure spring.jpa.open-in-view to disable this warning
[2023-10-06 14:31:08] - Starting ProtocolHandler ["http-nio-8080"]
[2023-10-06 14:31:08] - Tomcat started on port(s): 8080 (http) with context path ''
[2023-10-06 14:31:08] - Started App in 3.613 seconds (process running for 4.31)
[2023-10-06 14:34:08] - Closing JPA EntityManagerFactory for persistence unit 'default'
[2023-10-06 14:34:08] - HikariPool-1 - Shutdown initiated...
[2023-10-06 14:34:09] - HikariPool-1 - Shutdown completed.
[2023-10-06 14:34:42] - Starting App using Java 17.0.8 with PID 19132 (F:\Java\qwest\target\classes started by tjapka in F:\Java\qwest)
[2023-10-06 14:34:42] - No active profile set, falling back to 1 default profile: "default"
[2023-10-06 14:34:42] - Bootstrapping Spring Data JPA repositories in DEFAULT mode.
[2023-10-06 14:34:42] - Finished Spring Data repository scanning in 34 ms. Found 1 JPA repository interfaces.
[2023-10-06 14:34:42] - Tomcat initialized with port(s): 8080 (http)
[2023-10-06 14:34:42] - Initializing ProtocolHandler ["http-nio-8080"]
[2023-10-06 14:34:42] - Starting service [Tomcat]
[2023-10-06 14:34:42] - Starting Servlet engine: [Apache Tomcat/10.1.12]
[2023-10-06 14:34:43] - Initializing Spring embedded WebApplicationContext
[2023-10-06 14:34:43] - Root WebApplicationContext: initialization completed in 958 ms
[2023-10-06 14:34:43] - HHH000204: Processing PersistenceUnitInfo [name: default]
[2023-10-06 14:34:43] - HHH000412: Hibernate ORM core version 6.2.7.Final
[2023-10-06 14:34:43] - HHH000406: Using bytecode reflection optimizer
[2023-10-06 14:34:43] - HHH000021: Bytecode provider name : bytebuddy
[2023-10-06 14:34:43] - No LoadTimeWeaver setup: ignoring JPA class transformer
[2023-10-06 14:34:43] - HikariPool-1 - Starting...
[2023-10-06 14:34:43] - HikariPool-1 - Added connection com.mysql.cj.jdbc.ConnectionImpl@69a73867
[2023-10-06 14:34:43] - HikariPool-1 - Start completed.
[2023-10-06 14:34:43] - HHH000021: Bytecode provider name : bytebuddy
[2023-10-06 14:34:44] - HHH000490: Using JtaPlatform implementation: [org.hibernate.engine.transaction.jta.platform.internal.NoJtaPlatform]
[2023-10-06 14:34:44] - Initialized JPA EntityManagerFactory for persistence unit 'default'
[2023-10-06 14:34:44] - spring.jpa.open-in-view is enabled by default. Therefore, database queries may be performed during view rendering. Explicitly configure spring.jpa.open-in-view to disable this warning
[2023-10-06 14:34:45] - Starting ProtocolHandler ["http-nio-8080"]
[2023-10-06 14:34:45] - Tomcat started on port(s): 8080 (http) with context path ''
[2023-10-06 14:34:45] - Started App in 3.7 seconds (process running for 4.401)
