[2023-10-07 14:17:03] - Closing JPA EntityManagerFactory for persistence unit 'default'
[2023-10-07 14:17:03] - HikariPool-1 - Shutdown initiated...
[2023-10-07 14:17:03] - HikariPool-1 - Shutdown completed.
[2023-10-07 14:17:08] - Starting App using Java 17.0.8 with PID 9588 (F:\Java\qwest\target\classes started by tjapka in F:\Java\qwest)
[2023-10-07 14:17:08] - No active profile set, falling back to 1 default profile: "default"
[2023-10-07 14:17:08] - Bootstrapping Spring Data JPA repositories in DEFAULT mode.
[2023-10-07 14:17:08] - Finished Spring Data repository scanning in 35 ms. Found 1 JPA repository interfaces.
[2023-10-07 14:17:09] - Tomcat initialized with port(s): 8080 (http)
[2023-10-07 14:17:09] - Initializing ProtocolHandler ["http-nio-8080"]
[2023-10-07 14:17:09] - Starting service [Tomcat]
[2023-10-07 14:17:09] - Starting Servlet engine: [Apache Tomcat/10.1.12]
[2023-10-07 14:17:09] - Initializing Spring embedded WebApplicationContext
[2023-10-07 14:17:09] - Root WebApplicationContext: initialization completed in 919 ms
[2023-10-07 14:17:09] - HHH000204: Processing PersistenceUnitInfo [name: default]
[2023-10-07 14:17:09] - HHH000412: Hibernate ORM core version 6.2.7.Final
[2023-10-07 14:17:09] - HHH000406: Using bytecode reflection optimizer
[2023-10-07 14:17:09] - HHH000021: Bytecode provider name : bytebuddy
[2023-10-07 14:17:09] - No LoadTimeWeaver setup: ignoring JPA class transformer
[2023-10-07 14:17:09] - HikariPool-1 - Starting...
[2023-10-07 14:17:09] - HikariPool-1 - Added connection com.mysql.cj.jdbc.ConnectionImpl@69a73867
[2023-10-07 14:17:09] - HikariPool-1 - Start completed.
[2023-10-07 14:17:10] - HHH000021: Bytecode provider name : bytebuddy
[2023-10-07 14:17:10] - HHH000490: Using JtaPlatform implementation: [org.hibernate.engine.transaction.jta.platform.internal.NoJtaPlatform]
[2023-10-07 14:17:10] - Initialized JPA EntityManagerFactory for persistence unit 'default'
[2023-10-07 14:17:11] - error setting bots command List: Error executing org.telegram.telegrambots.meta.api.methods.commands.SetMyCommands query: [400] Bad Request: BOT_COMMAND_INVALID
[2023-10-07 14:17:11] - spring.jpa.open-in-view is enabled by default. Therefore, database queries may be performed during view rendering. Explicitly configure spring.jpa.open-in-view to disable this warning
[2023-10-07 14:17:11] - Starting ProtocolHandler ["http-nio-8080"]
[2023-10-07 14:17:11] - Tomcat started on port(s): 8080 (http) with context path ''
[2023-10-07 14:17:11] - Started App in 3.659 seconds (process running for 4.371)
[2023-10-07 14:18:14] - Closing JPA EntityManagerFactory for persistence unit 'default'
[2023-10-07 14:18:14] - HikariPool-1 - Shutdown initiated...
[2023-10-07 14:18:14] - HikariPool-1 - Shutdown completed.
[2023-10-07 14:18:19] - Starting App using Java 17.0.8 with PID 23760 (F:\Java\qwest\target\classes started by tjapka in F:\Java\qwest)
[2023-10-07 14:18:19] - No active profile set, falling back to 1 default profile: "default"
[2023-10-07 14:18:20] - Bootstrapping Spring Data JPA repositories in DEFAULT mode.
[2023-10-07 14:18:20] - Finished Spring Data repository scanning in 36 ms. Found 1 JPA repository interfaces.
[2023-10-07 14:18:20] - Tomcat initialized with port(s): 8080 (http)
[2023-10-07 14:18:20] - Initializing ProtocolHandler ["http-nio-8080"]
[2023-10-07 14:18:20] - Starting service [Tomcat]
[2023-10-07 14:18:20] - Starting Servlet engine: [Apache Tomcat/10.1.12]
[2023-10-07 14:18:20] - Initializing Spring embedded WebApplicationContext
[2023-10-07 14:18:20] - Root WebApplicationContext: initialization completed in 936 ms
[2023-10-07 14:18:20] - HHH000204: Processing PersistenceUnitInfo [name: default]
[2023-10-07 14:18:21] - HHH000412: Hibernate ORM core version 6.2.7.Final
[2023-10-07 14:18:21] - HHH000406: Using bytecode reflection optimizer
[2023-10-07 14:18:21] - HHH000021: Bytecode provider name : bytebuddy
[2023-10-07 14:18:21] - No LoadTimeWeaver setup: ignoring JPA class transformer
[2023-10-07 14:18:21] - HikariPool-1 - Starting...
[2023-10-07 14:18:21] - HikariPool-1 - Added connection com.mysql.cj.jdbc.ConnectionImpl@69a73867
[2023-10-07 14:18:21] - HikariPool-1 - Start completed.
[2023-10-07 14:18:21] - HHH000021: Bytecode provider name : bytebuddy
[2023-10-07 14:18:22] - HHH000490: Using JtaPlatform implementation: [org.hibernate.engine.transaction.jta.platform.internal.NoJtaPlatform]
[2023-10-07 14:18:22] - Initialized JPA EntityManagerFactory for persistence unit 'default'
[2023-10-07 14:18:22] - error setting bots command List: Error executing org.telegram.telegrambots.meta.api.methods.commands.SetMyCommands query: [400] Bad Request: BOT_COMMAND_INVALID
[2023-10-07 14:18:23] - spring.jpa.open-in-view is enabled by default. Therefore, database queries may be performed during view rendering. Explicitly configure spring.jpa.open-in-view to disable this warning
[2023-10-07 14:18:23] - Starting ProtocolHandler ["http-nio-8080"]
[2023-10-07 14:18:23] - Tomcat started on port(s): 8080 (http) with context path ''
[2023-10-07 14:18:23] - Started App in 4.053 seconds (process running for 4.748)
[2023-10-07 14:20:45] - Closing JPA EntityManagerFactory for persistence unit 'default'
[2023-10-07 14:20:45] - HikariPool-1 - Shutdown initiated...
[2023-10-07 14:20:45] - HikariPool-1 - Shutdown completed.
[2023-10-07 14:20:50] - Starting App using Java 17.0.8 with PID 18216 (F:\Java\qwest\target\classes started by tjapka in F:\Java\qwest)
[2023-10-07 14:20:50] - No active profile set, falling back to 1 default profile: "default"
[2023-10-07 14:20:51] - Bootstrapping Spring Data JPA repositories in DEFAULT mode.
[2023-10-07 14:20:51] - Finished Spring Data repository scanning in 34 ms. Found 1 JPA repository interfaces.
[2023-10-07 14:20:51] - Tomcat initialized with port(s): 8080 (http)
[2023-10-07 14:20:51] - Initializing ProtocolHandler ["http-nio-8080"]
[2023-10-07 14:20:51] - Starting service [Tomcat]
[2023-10-07 14:20:51] - Starting Servlet engine: [Apache Tomcat/10.1.12]
[2023-10-07 14:20:51] - Initializing Spring embedded WebApplicationContext
[2023-10-07 14:20:51] - Root WebApplicationContext: initialization completed in 930 ms
[2023-10-07 14:20:52] - HHH000204: Processing PersistenceUnitInfo [name: default]
[2023-10-07 14:20:52] - HHH000412: Hibernate ORM core version 6.2.7.Final
[2023-10-07 14:20:52] - HHH000406: Using bytecode reflection optimizer
[2023-10-07 14:20:52] - HHH000021: Bytecode provider name : bytebuddy
[2023-10-07 14:20:52] - No LoadTimeWeaver setup: ignoring JPA class transformer
[2023-10-07 14:20:52] - HikariPool-1 - Starting...
[2023-10-07 14:20:52] - HikariPool-1 - Added connection com.mysql.cj.jdbc.ConnectionImpl@749d7c01
[2023-10-07 14:20:52] - HikariPool-1 - Start completed.
[2023-10-07 14:20:52] - HHH000021: Bytecode provider name : bytebuddy
[2023-10-07 14:20:53] - HHH000490: Using JtaPlatform implementation: [org.hibernate.engine.transaction.jta.platform.internal.NoJtaPlatform]
[2023-10-07 14:20:53] - Initialized JPA EntityManagerFactory for persistence unit 'default'
[2023-10-07 14:20:53] - error setting bots command List: Error executing org.telegram.telegrambots.meta.api.methods.commands.SetMyCommands query: [400] Bad Request: BOT_COMMAND_INVALID
[2023-10-07 14:20:53] - spring.jpa.open-in-view is enabled by default. Therefore, database queries may be performed during view rendering. Explicitly configure spring.jpa.open-in-view to disable this warning
[2023-10-07 14:20:54] - Starting ProtocolHandler ["http-nio-8080"]
[2023-10-07 14:20:54] - Tomcat started on port(s): 8080 (http) with context path ''
[2023-10-07 14:20:54] - Started App in 3.597 seconds (process running for 4.286)
[2023-10-07 14:22:49] - Index 4 out of bounds for length 4
java.lang.ArrayIndexOutOfBoundsException: Index 4 out of bounds for length 4
	at com.tele.qwest.service.TelegramBot.checking(TelegramBot.java:133)
	at com.tele.qwest.service.TelegramBot.onUpdateReceived(TelegramBot.java:120)
	at java.base/java.util.ArrayList.forEach(ArrayList.java:1511)
	at org.telegram.telegrambots.meta.generics.LongPollingBot.onUpdatesReceived(LongPollingBot.java:27)
	at org.telegram.telegrambots.updatesreceivers.DefaultBotSession$HandlerThread.run(DefaultBotSession.java:317)
[2023-10-07 14:28:25] - Closing JPA EntityManagerFactory for persistence unit 'default'
[2023-10-07 14:28:25] - HikariPool-1 - Shutdown initiated...
[2023-10-07 14:28:25] - HikariPool-1 - Shutdown completed.
[2023-10-07 14:29:00] - Starting App using Java 17.0.8 with PID 24476 (F:\Java\qwest\target\classes started by tjapka in F:\Java\qwest)
[2023-10-07 14:29:00] - No active profile set, falling back to 1 default profile: "default"
[2023-10-07 14:29:01] - Bootstrapping Spring Data JPA repositories in DEFAULT mode.
[2023-10-07 14:29:01] - Finished Spring Data repository scanning in 33 ms. Found 1 JPA repository interfaces.
[2023-10-07 14:29:01] - Tomcat initialized with port(s): 8080 (http)
[2023-10-07 14:29:01] - Initializing ProtocolHandler ["http-nio-8080"]
[2023-10-07 14:29:01] - Starting service [Tomcat]
[2023-10-07 14:29:01] - Starting Servlet engine: [Apache Tomcat/10.1.12]
[2023-10-07 14:29:01] - Initializing Spring embedded WebApplicationContext
[2023-10-07 14:29:01] - Root WebApplicationContext: initialization completed in 957 ms
[2023-10-07 14:29:01] - HHH000204: Processing PersistenceUnitInfo [name: default]
[2023-10-07 14:29:01] - HHH000412: Hibernate ORM core version 6.2.7.Final
[2023-10-07 14:29:01] - HHH000406: Using bytecode reflection optimizer
[2023-10-07 14:29:01] - HHH000021: Bytecode provider name : bytebuddy
[2023-10-07 14:29:01] - No LoadTimeWeaver setup: ignoring JPA class transformer
[2023-10-07 14:29:01] - HikariPool-1 - Starting...
[2023-10-07 14:29:02] - HikariPool-1 - Added connection com.mysql.cj.jdbc.ConnectionImpl@627bcd7e
[2023-10-07 14:29:02] - HikariPool-1 - Start completed.
[2023-10-07 14:29:02] - HHH000021: Bytecode provider name : bytebuddy
[2023-10-07 14:29:02] - HHH000490: Using JtaPlatform implementation: [org.hibernate.engine.transaction.jta.platform.internal.NoJtaPlatform]
[2023-10-07 14:29:02] - Initialized JPA EntityManagerFactory for persistence unit 'default'
[2023-10-07 14:29:03] - error setting bots command List: Error executing org.telegram.telegrambots.meta.api.methods.commands.SetMyCommands query: [400] Bad Request: BOT_COMMAND_INVALID
[2023-10-07 14:29:03] - spring.jpa.open-in-view is enabled by default. Therefore, database queries may be performed during view rendering. Explicitly configure spring.jpa.open-in-view to disable this warning
[2023-10-07 14:29:03] - Starting ProtocolHandler ["http-nio-8080"]
[2023-10-07 14:29:03] - Tomcat started on port(s): 8080 (http) with context path ''
[2023-10-07 14:29:03] - Started App in 3.621 seconds (process running for 4.299)
