[2023-10-07 13:05:16] - Closing JPA EntityManagerFactory for persistence unit 'default'
[2023-10-07 13:05:16] - HikariPool-1 - Shutdown initiated...
[2023-10-07 13:05:16] - HikariPool-1 - Shutdown completed.
[2023-10-07 13:06:16] - Starting App using Java 17.0.8 with PID 480 (F:\Java\qwest\target\classes started by tjapka in F:\Java\qwest)
[2023-10-07 13:06:16] - No active profile set, falling back to 1 default profile: "default"
[2023-10-07 13:06:17] - Bootstrapping Spring Data JPA repositories in DEFAULT mode.
[2023-10-07 13:06:17] - Finished Spring Data repository scanning in 35 ms. Found 1 JPA repository interfaces.
[2023-10-07 13:06:17] - Tomcat initialized with port(s): 8080 (http)
[2023-10-07 13:06:17] - Initializing ProtocolHandler ["http-nio-8080"]
[2023-10-07 13:06:17] - Starting service [Tomcat]
[2023-10-07 13:06:17] - Starting Servlet engine: [Apache Tomcat/10.1.12]
[2023-10-07 13:06:17] - Initializing Spring embedded WebApplicationContext
[2023-10-07 13:06:17] - Root WebApplicationContext: initialization completed in 1015 ms
[2023-10-07 13:06:17] - HHH000204: Processing PersistenceUnitInfo [name: default]
[2023-10-07 13:06:17] - HHH000412: Hibernate ORM core version 6.2.7.Final
[2023-10-07 13:06:17] - HHH000406: Using bytecode reflection optimizer
[2023-10-07 13:06:18] - HHH000021: Bytecode provider name : bytebuddy
[2023-10-07 13:06:18] - No LoadTimeWeaver setup: ignoring JPA class transformer
[2023-10-07 13:06:18] - HikariPool-1 - Starting...
[2023-10-07 13:06:18] - HikariPool-1 - Added connection com.mysql.cj.jdbc.ConnectionImpl@1d3a03fe
[2023-10-07 13:06:18] - HikariPool-1 - Start completed.
[2023-10-07 13:06:18] - HHH000021: Bytecode provider name : bytebuddy
[2023-10-07 13:06:19] - HHH000490: Using JtaPlatform implementation: [org.hibernate.engine.transaction.jta.platform.internal.NoJtaPlatform]
[2023-10-07 13:06:19] - Initialized JPA EntityManagerFactory for persistence unit 'default'
[2023-10-07 13:06:19] - error setting bots command List: Error executing org.telegram.telegrambots.meta.api.methods.commands.SetMyCommands query: [400] Bad Request: BOT_COMMAND_INVALID
[2023-10-07 13:06:19] - spring.jpa.open-in-view is enabled by default. Therefore, database queries may be performed during view rendering. Explicitly configure spring.jpa.open-in-view to disable this warning
[2023-10-07 13:06:20] - Starting ProtocolHandler ["http-nio-8080"]
[2023-10-07 13:06:20] - Tomcat started on port(s): 8080 (http) with context path ''
[2023-10-07 13:06:20] - Started App in 4.038 seconds (process running for 17.475)
[2023-10-07 13:06:39] - Replied to User: Алекс
[2023-10-07 13:08:41] - Closing JPA EntityManagerFactory for persistence unit 'default'
[2023-10-07 13:08:41] - HikariPool-1 - Shutdown initiated...
[2023-10-07 13:08:41] - HikariPool-1 - Shutdown completed.
[2023-10-07 13:14:37] - Starting App using Java 17.0.8 with PID 9708 (F:\Java\qwest\target\classes started by tjapka in F:\Java\qwest)
[2023-10-07 13:14:37] - No active profile set, falling back to 1 default profile: "default"
[2023-10-07 13:14:37] - Bootstrapping Spring Data JPA repositories in DEFAULT mode.
[2023-10-07 13:14:37] - Finished Spring Data repository scanning in 34 ms. Found 1 JPA repository interfaces.
[2023-10-07 13:14:38] - Tomcat initialized with port(s): 8080 (http)
[2023-10-07 13:14:38] - Initializing ProtocolHandler ["http-nio-8080"]
[2023-10-07 13:14:38] - Starting service [Tomcat]
[2023-10-07 13:14:38] - Starting Servlet engine: [Apache Tomcat/10.1.12]
[2023-10-07 13:14:38] - Initializing Spring embedded WebApplicationContext
[2023-10-07 13:14:38] - Root WebApplicationContext: initialization completed in 958 ms
[2023-10-07 13:14:38] - HHH000204: Processing PersistenceUnitInfo [name: default]
[2023-10-07 13:14:38] - HHH000412: Hibernate ORM core version 6.2.7.Final
[2023-10-07 13:14:38] - HHH000406: Using bytecode reflection optimizer
[2023-10-07 13:14:38] - HHH000021: Bytecode provider name : bytebuddy
[2023-10-07 13:14:38] - No LoadTimeWeaver setup: ignoring JPA class transformer
[2023-10-07 13:14:38] - HikariPool-1 - Starting...
[2023-10-07 13:14:39] - HikariPool-1 - Added connection com.mysql.cj.jdbc.ConnectionImpl@749d7c01
[2023-10-07 13:14:39] - HikariPool-1 - Start completed.
[2023-10-07 13:14:39] - HHH000021: Bytecode provider name : bytebuddy
[2023-10-07 13:14:39] - HHH000490: Using JtaPlatform implementation: [org.hibernate.engine.transaction.jta.platform.internal.NoJtaPlatform]
[2023-10-07 13:14:39] - Initialized JPA EntityManagerFactory for persistence unit 'default'
[2023-10-07 13:14:40] - error setting bots command List: Error executing org.telegram.telegrambots.meta.api.methods.commands.SetMyCommands query: [400] Bad Request: BOT_COMMAND_INVALID
[2023-10-07 13:14:40] - spring.jpa.open-in-view is enabled by default. Therefore, database queries may be performed during view rendering. Explicitly configure spring.jpa.open-in-view to disable this warning
[2023-10-07 13:14:40] - Starting ProtocolHandler ["http-nio-8080"]
[2023-10-07 13:14:40] - Tomcat started on port(s): 8080 (http) with context path ''
[2023-10-07 13:14:40] - Started App in 3.709 seconds (process running for 4.442)
[2023-10-07 13:14:45] - Repository safe user: DjTjapka
[2023-10-07 13:14:45] - Replied to User: Алекс
[2023-10-07 13:15:12] - Index 5 out of bounds for length 4
java.lang.ArrayIndexOutOfBoundsException: Index 5 out of bounds for length 4
	at com.tele.qwest.service.TelegramBot.checking(TelegramBot.java:125)
	at com.tele.qwest.service.TelegramBot.onUpdateReceived(TelegramBot.java:117)
	at java.base/java.util.ArrayList.forEach(ArrayList.java:1511)
	at org.telegram.telegrambots.meta.generics.LongPollingBot.onUpdatesReceived(LongPollingBot.java:27)
	at org.telegram.telegrambots.updatesreceivers.DefaultBotSession$HandlerThread.run(DefaultBotSession.java:317)
[2023-10-07 13:15:19] - Replied to User: Алекс
[2023-10-07 13:18:15] - Closing JPA EntityManagerFactory for persistence unit 'default'
[2023-10-07 13:18:15] - HikariPool-1 - Shutdown initiated...
[2023-10-07 13:18:15] - HikariPool-1 - Shutdown completed.
[2023-10-07 13:18:20] - Starting App using Java 17.0.8 with PID 23956 (F:\Java\qwest\target\classes started by tjapka in F:\Java\qwest)
[2023-10-07 13:18:20] - No active profile set, falling back to 1 default profile: "default"
[2023-10-07 13:18:20] - Bootstrapping Spring Data JPA repositories in DEFAULT mode.
[2023-10-07 13:18:20] - Finished Spring Data repository scanning in 35 ms. Found 1 JPA repository interfaces.
[2023-10-07 13:18:21] - Tomcat initialized with port(s): 8080 (http)
[2023-10-07 13:18:21] - Initializing ProtocolHandler ["http-nio-8080"]
[2023-10-07 13:18:21] - Starting service [Tomcat]
[2023-10-07 13:18:21] - Starting Servlet engine: [Apache Tomcat/10.1.12]
[2023-10-07 13:18:21] - Initializing Spring embedded WebApplicationContext
[2023-10-07 13:18:21] - Root WebApplicationContext: initialization completed in 937 ms
[2023-10-07 13:18:21] - HHH000204: Processing PersistenceUnitInfo [name: default]
[2023-10-07 13:18:21] - HHH000412: Hibernate ORM core version 6.2.7.Final
[2023-10-07 13:18:21] - HHH000406: Using bytecode reflection optimizer
[2023-10-07 13:18:21] - HHH000021: Bytecode provider name : bytebuddy
[2023-10-07 13:18:21] - No LoadTimeWeaver setup: ignoring JPA class transformer
[2023-10-07 13:18:21] - HikariPool-1 - Starting...
[2023-10-07 13:18:22] - HikariPool-1 - Added connection com.mysql.cj.jdbc.ConnectionImpl@69a73867
[2023-10-07 13:18:22] - HikariPool-1 - Start completed.
[2023-10-07 13:18:22] - HHH000021: Bytecode provider name : bytebuddy
[2023-10-07 13:18:22] - HHH000490: Using JtaPlatform implementation: [org.hibernate.engine.transaction.jta.platform.internal.NoJtaPlatform]
[2023-10-07 13:18:22] - Initialized JPA EntityManagerFactory for persistence unit 'default'
[2023-10-07 13:18:23] - error setting bots command List: Error executing org.telegram.telegrambots.meta.api.methods.commands.SetMyCommands query: [400] Bad Request: BOT_COMMAND_INVALID
[2023-10-07 13:18:23] - spring.jpa.open-in-view is enabled by default. Therefore, database queries may be performed during view rendering. Explicitly configure spring.jpa.open-in-view to disable this warning
[2023-10-07 13:18:23] - Starting ProtocolHandler ["http-nio-8080"]
[2023-10-07 13:18:23] - Tomcat started on port(s): 8080 (http) with context path ''
[2023-10-07 13:18:23] - Started App in 3.601 seconds (process running for 4.333)
[2023-10-07 13:18:49] - Index 5 out of bounds for length 4
java.lang.ArrayIndexOutOfBoundsException: Index 5 out of bounds for length 4
	at com.tele.qwest.service.TelegramBot.checking(TelegramBot.java:125)
	at com.tele.qwest.service.TelegramBot.onUpdateReceived(TelegramBot.java:117)
	at java.base/java.util.ArrayList.forEach(ArrayList.java:1511)
	at org.telegram.telegrambots.meta.generics.LongPollingBot.onUpdatesReceived(LongPollingBot.java:27)
	at org.telegram.telegrambots.updatesreceivers.DefaultBotSession$HandlerThread.run(DefaultBotSession.java:317)
[2023-10-07 13:19:13] - Index 5 out of bounds for length 4
java.lang.ArrayIndexOutOfBoundsException: Index 5 out of bounds for length 4
	at com.tele.qwest.service.TelegramBot.checking(TelegramBot.java:125)
	at com.tele.qwest.service.TelegramBot.onUpdateReceived(TelegramBot.java:117)
	at java.base/java.util.ArrayList.forEach(ArrayList.java:1511)
	at org.telegram.telegrambots.meta.generics.LongPollingBot.onUpdatesReceived(LongPollingBot.java:27)
	at org.telegram.telegrambots.updatesreceivers.DefaultBotSession$HandlerThread.run(DefaultBotSession.java:317)
[2023-10-07 13:19:30] - SQL Error: 1146, SQLState: 42S02
[2023-10-07 13:19:30] - Table 'bot_qurstion.user' doesn't exist
[2023-10-07 13:19:30] - HHH000327: Error performing load command
org.hibernate.exception.SQLGrammarException: JDBC exception executing SQL [select u1_0.chart_id,u1_0.balls,u1_0.count_false,u1_0.current_question,u1_0.first_name,u1_0.last_name,u1_0.live,u1_0.registered_at,u1_0.user_name from user u1_0 where u1_0.chart_id=?] [Table 'bot_qurstion.user' doesn't exist] [n/a]
	at org.hibernate.exception.internal.SQLExceptionTypeDelegate.convert(SQLExceptionTypeDelegate.java:64)
	at org.hibernate.exception.internal.StandardSQLExceptionConverter.convert(StandardSQLExceptionConverter.java:56)
	at org.hibernate.engine.jdbc.spi.SqlExceptionHelper.convert(SqlExceptionHelper.java:108)
	at org.hibernate.engine.jdbc.spi.SqlExceptionHelper.convert(SqlExceptionHelper.java:94)
	at org.hibernate.sql.results.jdbc.internal.DeferredResultSetAccess.executeQuery(DeferredResultSetAccess.java:257)
	at org.hibernate.sql.results.jdbc.internal.DeferredResultSetAccess.getResultSet(DeferredResultSetAccess.java:163)
	at org.hibernate.sql.results.jdbc.internal.JdbcValuesResultSetImpl.advanceNext(JdbcValuesResultSetImpl.java:254)
	at org.hibernate.sql.results.jdbc.internal.JdbcValuesResultSetImpl.processNext(JdbcValuesResultSetImpl.java:134)
	at org.hibernate.sql.results.jdbc.internal.AbstractJdbcValues.next(AbstractJdbcValues.java:19)
	at org.hibernate.sql.results.internal.RowProcessingStateStandardImpl.next(RowProcessingStateStandardImpl.java:66)
	at org.hibernate.sql.results.spi.ListResultsConsumer.consume(ListResultsConsumer.java:184)
	at org.hibernate.sql.results.spi.ListResultsConsumer.consume(ListResultsConsumer.java:33)
	at org.hibernate.sql.exec.internal.JdbcSelectExecutorStandardImpl.doExecuteQuery(JdbcSelectExecutorStandardImpl.java:361)
	at org.hibernate.sql.exec.internal.JdbcSelectExecutorStandardImpl.executeQuery(JdbcSelectExecutorStandardImpl.java:168)
	at org.hibernate.sql.exec.internal.JdbcSelectExecutorStandardImpl.list(JdbcSelectExecutorStandardImpl.java:93)
	at org.hibernate.sql.exec.spi.JdbcSelectExecutor.list(JdbcSelectExecutor.java:31)
	at org.hibernate.loader.ast.internal.SingleIdLoadPlan.load(SingleIdLoadPlan.java:146)
	at org.hibernate.loader.ast.internal.SingleIdLoadPlan.load(SingleIdLoadPlan.java:118)
	at org.hibernate.loader.ast.internal.SingleIdEntityLoaderStandardImpl.load(SingleIdEntityLoaderStandardImpl.java:73)
	at org.hibernate.persister.entity.AbstractEntityPersister.doLoad(AbstractEntityPersister.java:3482)
	at org.hibernate.persister.entity.AbstractEntityPersister.load(AbstractEntityPersister.java:3472)
	at org.hibernate.event.internal.DefaultLoadEventListener.loadFromDatasource(DefaultLoadEventListener.java:581)
	at org.hibernate.event.internal.DefaultLoadEventListener.loadFromCacheOrDatasource(DefaultLoadEventListener.java:567)
	at org.hibernate.event.internal.DefaultLoadEventListener.load(DefaultLoadEventListener.java:536)
	at org.hibernate.event.internal.DefaultLoadEventListener.doLoad(DefaultLoadEventListener.java:529)
	at org.hibernate.event.internal.DefaultLoadEventListener.load(DefaultLoadEventListener.java:202)
	at org.hibernate.event.internal.DefaultLoadEventListener.loadWithRegularProxy(DefaultLoadEventListener.java:282)
	at org.hibernate.event.internal.DefaultLoadEventListener.proxyOrLoad(DefaultLoadEventListener.java:237)
	at org.hibernate.event.internal.DefaultLoadEventListener.doOnLoad(DefaultLoadEventListener.java:106)
	at org.hibernate.event.internal.DefaultLoadEventListener.onLoad(DefaultLoadEventListener.java:78)
	at org.hibernate.event.service.internal.EventListenerGroupImpl.fireEventOnEachListener(EventListenerGroupImpl.java:138)
	at org.hibernate.internal.SessionImpl.fireLoadNoChecks(SessionImpl.java:1231)
	at org.hibernate.internal.SessionImpl.fireLoad(SessionImpl.java:1219)
	at org.hibernate.loader.internal.IdentifierLoadAccessImpl.doLoad(IdentifierLoadAccessImpl.java:194)
	at org.hibernate.loader.internal.IdentifierLoadAccessImpl.lambda$load$1(IdentifierLoadAccessImpl.java:160)
	at org.hibernate.loader.internal.IdentifierLoadAccessImpl.perform(IdentifierLoadAccessImpl.java:107)
	at org.hibernate.loader.internal.IdentifierLoadAccessImpl.load(IdentifierLoadAccessImpl.java:160)
	at org.hibernate.internal.SessionImpl.find(SessionImpl.java:2406)
	at org.hibernate.internal.SessionImpl.find(SessionImpl.java:2377)
	at jdk.internal.reflect.GeneratedMethodAccessor21.invoke(Unknown Source)
	at java.base/jdk.internal.reflect.DelegatingMethodAccessorImpl.invoke(DelegatingMethodAccessorImpl.java:43)
	at java.base/java.lang.reflect.Method.invoke(Method.java:568)
	at org.springframework.orm.jpa.SharedEntityManagerCreator$SharedEntityManagerInvocationHandler.invoke(SharedEntityManagerCreator.java:311)
	at jdk.proxy2/jdk.proxy2.$Proxy111.find(Unknown Source)
	at org.springframework.data.jpa.repository.support.SimpleJpaRepository.findById(SimpleJpaRepository.java:312)
	at jdk.internal.reflect.GeneratedMethodAccessor16.invoke(Unknown Source)
	at java.base/jdk.internal.reflect.DelegatingMethodAccessorImpl.invoke(DelegatingMethodAccessorImpl.java:43)
	at java.base/java.lang.reflect.Method.invoke(Method.java:568)
	at org.springframework.data.repository.core.support.RepositoryMethodInvoker$RepositoryFragmentMethodInvoker.lambda$new$0(RepositoryMethodInvoker.java:288)
	at org.springframework.data.repository.core.support.RepositoryMethodInvoker.doInvoke(RepositoryMethodInvoker.java:136)
	at org.springframework.data.repository.core.support.RepositoryMethodInvoker.invoke(RepositoryMethodInvoker.java:120)
	at org.springframework.data.repository.core.support.RepositoryComposition$RepositoryFragments.invoke(RepositoryComposition.java:516)
	at org.springframework.data.repository.core.support.RepositoryComposition.invoke(RepositoryComposition.java:285)
	at org.springframework.data.repository.core.support.RepositoryFactorySupport$ImplementationMethodExecutionInterceptor.invoke(RepositoryFactorySupport.java:628)
	at org.springframework.aop.framework.ReflectiveMethodInvocation.proceed(ReflectiveMethodInvocation.java:184)
	at org.springframework.data.repository.core.support.QueryExecutorMethodInterceptor.doInvoke(QueryExecutorMethodInterceptor.java:168)
	at org.springframework.data.repository.core.support.QueryExecutorMethodInterceptor.invoke(QueryExecutorMethodInterceptor.java:143)
	at org.springframework.aop.framework.ReflectiveMethodInvocation.proceed(ReflectiveMethodInvocation.java:184)
	at org.springframework.data.projection.DefaultMethodInvokingMethodInterceptor.invoke(DefaultMethodInvokingMethodInterceptor.java:72)
	at org.springframework.aop.framework.ReflectiveMethodInvocation.proceed(ReflectiveMethodInvocation.java:184)
	at org.springframework.transaction.interceptor.TransactionInterceptor$1.proceedWithInvocation(TransactionInterceptor.java:123)
	at org.springframework.transaction.interceptor.TransactionAspectSupport.invokeWithinTransaction(TransactionAspectSupport.java:391)
	at org.springframework.transaction.interceptor.TransactionInterceptor.invoke(TransactionInterceptor.java:119)
	at org.springframework.aop.framework.ReflectiveMethodInvocation.proceed(ReflectiveMethodInvocation.java:184)
	at org.springframework.dao.support.PersistenceExceptionTranslationInterceptor.invoke(PersistenceExceptionTranslationInterceptor.java:137)
	at org.springframework.aop.framework.ReflectiveMethodInvocation.proceed(ReflectiveMethodInvocation.java:184)
	at org.springframework.data.jpa.repository.support.CrudMethodMetadataPostProcessor$CrudMethodMetadataPopulatingMethodInterceptor.invoke(CrudMethodMetadataPostProcessor.java:164)
	at org.springframework.aop.framework.ReflectiveMethodInvocation.proceed(ReflectiveMethodInvocation.java:184)
	at org.springframework.aop.interceptor.ExposeInvocationInterceptor.invoke(ExposeInvocationInterceptor.java:97)
	at org.springframework.aop.framework.ReflectiveMethodInvocation.proceed(ReflectiveMethodInvocation.java:184)
	at org.springframework.aop.framework.JdkDynamicAopProxy.invoke(JdkDynamicAopProxy.java:244)
	at jdk.proxy2/jdk.proxy2.$Proxy115.findById(Unknown Source)
	at com.tele.qwest.service.TelegramBot.checkUser(TelegramBot.java:155)
	at com.tele.qwest.service.TelegramBot.onUpdateReceived(TelegramBot.java:94)
	at java.base/java.util.ArrayList.forEach(ArrayList.java:1511)
	at org.telegram.telegrambots.meta.generics.LongPollingBot.onUpdatesReceived(LongPollingBot.java:27)
	at org.telegram.telegrambots.updatesreceivers.DefaultBotSession$HandlerThread.run(DefaultBotSession.java:317)
Caused by: java.sql.SQLSyntaxErrorException: Table 'bot_qurstion.user' doesn't exist
	at com.mysql.cj.jdbc.exceptions.SQLError.createSQLException(SQLError.java:121)
	at com.mysql.cj.jdbc.exceptions.SQLExceptionsMapping.translateException(SQLExceptionsMapping.java:122)
	at com.mysql.cj.jdbc.ClientPreparedStatement.executeInternal(ClientPreparedStatement.java:916)
	at com.mysql.cj.jdbc.ClientPreparedStatement.executeQuery(ClientPreparedStatement.java:972)
	at com.zaxxer.hikari.pool.ProxyPreparedStatement.executeQuery(ProxyPreparedStatement.java:52)
	at com.zaxxer.hikari.pool.HikariProxyPreparedStatement.executeQuery(HikariProxyPreparedStatement.java)
	at org.hibernate.sql.results.jdbc.internal.DeferredResultSetAccess.executeQuery(DeferredResultSetAccess.java:239)
	... 72 common frames omitted
[2023-10-07 13:19:30] - JDBC exception executing SQL [select u1_0.chart_id,u1_0.balls,u1_0.count_false,u1_0.current_question,u1_0.first_name,u1_0.last_name,u1_0.live,u1_0.registered_at,u1_0.user_name from user u1_0 where u1_0.chart_id=?] [Table 'bot_qurstion.user' doesn't exist] [n/a]; SQL [n/a]
org.springframework.dao.InvalidDataAccessResourceUsageException: JDBC exception executing SQL [select u1_0.chart_id,u1_0.balls,u1_0.count_false,u1_0.current_question,u1_0.first_name,u1_0.last_name,u1_0.live,u1_0.registered_at,u1_0.user_name from user u1_0 where u1_0.chart_id=?] [Table 'bot_qurstion.user' doesn't exist] [n/a]; SQL [n/a]
	at org.springframework.orm.jpa.vendor.HibernateJpaDialect.convertHibernateAccessException(HibernateJpaDialect.java:256)
	at org.springframework.orm.jpa.vendor.HibernateJpaDialect.translateExceptionIfPossible(HibernateJpaDialect.java:229)
	at org.springframework.orm.jpa.AbstractEntityManagerFactoryBean.translateExceptionIfPossible(AbstractEntityManagerFactoryBean.java:550)
	at org.springframework.dao.support.ChainedPersistenceExceptionTranslator.translateExceptionIfPossible(ChainedPersistenceExceptionTranslator.java:61)
	at org.springframework.dao.support.DataAccessUtils.translateIfNecessary(DataAccessUtils.java:242)
	at org.springframework.dao.support.PersistenceExceptionTranslationInterceptor.invoke(PersistenceExceptionTranslationInterceptor.java:152)
	at org.springframework.aop.framework.ReflectiveMethodInvocation.proceed(ReflectiveMethodInvocation.java:184)
	at org.springframework.data.jpa.repository.support.CrudMethodMetadataPostProcessor$CrudMethodMetadataPopulatingMethodInterceptor.invoke(CrudMethodMetadataPostProcessor.java:164)
	at org.springframework.aop.framework.ReflectiveMethodInvocation.proceed(ReflectiveMethodInvocation.java:184)
	at org.springframework.aop.interceptor.ExposeInvocationInterceptor.invoke(ExposeInvocationInterceptor.java:97)
	at org.springframework.aop.framework.ReflectiveMethodInvocation.proceed(ReflectiveMethodInvocation.java:184)
	at org.springframework.aop.framework.JdkDynamicAopProxy.invoke(JdkDynamicAopProxy.java:244)
	at jdk.proxy2/jdk.proxy2.$Proxy115.findById(Unknown Source)
	at com.tele.qwest.service.TelegramBot.checkUser(TelegramBot.java:155)
	at com.tele.qwest.service.TelegramBot.onUpdateReceived(TelegramBot.java:94)
	at java.base/java.util.ArrayList.forEach(ArrayList.java:1511)
	at org.telegram.telegrambots.meta.generics.LongPollingBot.onUpdatesReceived(LongPollingBot.java:27)
	at org.telegram.telegrambots.updatesreceivers.DefaultBotSession$HandlerThread.run(DefaultBotSession.java:317)
Caused by: org.hibernate.exception.SQLGrammarException: JDBC exception executing SQL [select u1_0.chart_id,u1_0.balls,u1_0.count_false,u1_0.current_question,u1_0.first_name,u1_0.last_name,u1_0.live,u1_0.registered_at,u1_0.user_name from user u1_0 where u1_0.chart_id=?] [Table 'bot_qurstion.user' doesn't exist] [n/a]
	at org.hibernate.exception.internal.SQLExceptionTypeDelegate.convert(SQLExceptionTypeDelegate.java:64)
	at org.hibernate.exception.internal.StandardSQLExceptionConverter.convert(StandardSQLExceptionConverter.java:56)
	at org.hibernate.engine.jdbc.spi.SqlExceptionHelper.convert(SqlExceptionHelper.java:108)
	at org.hibernate.engine.jdbc.spi.SqlExceptionHelper.convert(SqlExceptionHelper.java:94)
	at org.hibernate.sql.results.jdbc.internal.DeferredResultSetAccess.executeQuery(DeferredResultSetAccess.java:257)
	at org.hibernate.sql.results.jdbc.internal.DeferredResultSetAccess.getResultSet(DeferredResultSetAccess.java:163)
	at org.hibernate.sql.results.jdbc.internal.JdbcValuesResultSetImpl.advanceNext(JdbcValuesResultSetImpl.java:254)
	at org.hibernate.sql.results.jdbc.internal.JdbcValuesResultSetImpl.processNext(JdbcValuesResultSetImpl.java:134)
	at org.hibernate.sql.results.jdbc.internal.AbstractJdbcValues.next(AbstractJdbcValues.java:19)
	at org.hibernate.sql.results.internal.RowProcessingStateStandardImpl.next(RowProcessingStateStandardImpl.java:66)
	at org.hibernate.sql.results.spi.ListResultsConsumer.consume(ListResultsConsumer.java:184)
	at org.hibernate.sql.results.spi.ListResultsConsumer.consume(ListResultsConsumer.java:33)
	at org.hibernate.sql.exec.internal.JdbcSelectExecutorStandardImpl.doExecuteQuery(JdbcSelectExecutorStandardImpl.java:361)
	at org.hibernate.sql.exec.internal.JdbcSelectExecutorStandardImpl.executeQuery(JdbcSelectExecutorStandardImpl.java:168)
	at org.hibernate.sql.exec.internal.JdbcSelectExecutorStandardImpl.list(JdbcSelectExecutorStandardImpl.java:93)
	at org.hibernate.sql.exec.spi.JdbcSelectExecutor.list(JdbcSelectExecutor.java:31)
	at org.hibernate.loader.ast.internal.SingleIdLoadPlan.load(SingleIdLoadPlan.java:146)
	at org.hibernate.loader.ast.internal.SingleIdLoadPlan.load(SingleIdLoadPlan.java:118)
	at org.hibernate.loader.ast.internal.SingleIdEntityLoaderStandardImpl.load(SingleIdEntityLoaderStandardImpl.java:73)
	at org.hibernate.persister.entity.AbstractEntityPersister.doLoad(AbstractEntityPersister.java:3482)
	at org.hibernate.persister.entity.AbstractEntityPersister.load(AbstractEntityPersister.java:3472)
	at org.hibernate.event.internal.DefaultLoadEventListener.loadFromDatasource(DefaultLoadEventListener.java:581)
	at org.hibernate.event.internal.DefaultLoadEventListener.loadFromCacheOrDatasource(DefaultLoadEventListener.java:567)
	at org.hibernate.event.internal.DefaultLoadEventListener.load(DefaultLoadEventListener.java:536)
	at org.hibernate.event.internal.DefaultLoadEventListener.doLoad(DefaultLoadEventListener.java:529)
	at org.hibernate.event.internal.DefaultLoadEventListener.load(DefaultLoadEventListener.java:202)
	at org.hibernate.event.internal.DefaultLoadEventListener.loadWithRegularProxy(DefaultLoadEventListener.java:282)
	at org.hibernate.event.internal.DefaultLoadEventListener.proxyOrLoad(DefaultLoadEventListener.java:237)
	at org.hibernate.event.internal.DefaultLoadEventListener.doOnLoad(DefaultLoadEventListener.java:106)
	at org.hibernate.event.internal.DefaultLoadEventListener.onLoad(DefaultLoadEventListener.java:78)
	at org.hibernate.event.service.internal.EventListenerGroupImpl.fireEventOnEachListener(EventListenerGroupImpl.java:138)
	at org.hibernate.internal.SessionImpl.fireLoadNoChecks(SessionImpl.java:1231)
	at org.hibernate.internal.SessionImpl.fireLoad(SessionImpl.java:1219)
	at org.hibernate.loader.internal.IdentifierLoadAccessImpl.doLoad(IdentifierLoadAccessImpl.java:194)
	at org.hibernate.loader.internal.IdentifierLoadAccessImpl.lambda$load$1(IdentifierLoadAccessImpl.java:160)
	at org.hibernate.loader.internal.IdentifierLoadAccessImpl.perform(IdentifierLoadAccessImpl.java:107)
	at org.hibernate.loader.internal.IdentifierLoadAccessImpl.load(IdentifierLoadAccessImpl.java:160)
	at org.hibernate.internal.SessionImpl.find(SessionImpl.java:2406)
	at org.hibernate.internal.SessionImpl.find(SessionImpl.java:2377)
	at jdk.internal.reflect.GeneratedMethodAccessor21.invoke(Unknown Source)
	at java.base/jdk.internal.reflect.DelegatingMethodAccessorImpl.invoke(DelegatingMethodAccessorImpl.java:43)
	at java.base/java.lang.reflect.Method.invoke(Method.java:568)
	at org.springframework.orm.jpa.SharedEntityManagerCreator$SharedEntityManagerInvocationHandler.invoke(SharedEntityManagerCreator.java:311)
	at jdk.proxy2/jdk.proxy2.$Proxy111.find(Unknown Source)
	at org.springframework.data.jpa.repository.support.SimpleJpaRepository.findById(SimpleJpaRepository.java:312)
	at jdk.internal.reflect.GeneratedMethodAccessor16.invoke(Unknown Source)
	at java.base/jdk.internal.reflect.DelegatingMethodAccessorImpl.invoke(DelegatingMethodAccessorImpl.java:43)
	at java.base/java.lang.reflect.Method.invoke(Method.java:568)
	at org.springframework.data.repository.core.support.RepositoryMethodInvoker$RepositoryFragmentMethodInvoker.lambda$new$0(RepositoryMethodInvoker.java:288)
	at org.springframework.data.repository.core.support.RepositoryMethodInvoker.doInvoke(RepositoryMethodInvoker.java:136)
	at org.springframework.data.repository.core.support.RepositoryMethodInvoker.invoke(RepositoryMethodInvoker.java:120)
	at org.springframework.data.repository.core.support.RepositoryComposition$RepositoryFragments.invoke(RepositoryComposition.java:516)
	at org.springframework.data.repository.core.support.RepositoryComposition.invoke(RepositoryComposition.java:285)
	at org.springframework.data.repository.core.support.RepositoryFactorySupport$ImplementationMethodExecutionInterceptor.invoke(RepositoryFactorySupport.java:628)
	at org.springframework.aop.framework.ReflectiveMethodInvocation.proceed(ReflectiveMethodInvocation.java:184)
	at org.springframework.data.repository.core.support.QueryExecutorMethodInterceptor.doInvoke(QueryExecutorMethodInterceptor.java:168)
	at org.springframework.data.repository.core.support.QueryExecutorMethodInterceptor.invoke(QueryExecutorMethodInterceptor.java:143)
	at org.springframework.aop.framework.ReflectiveMethodInvocation.proceed(ReflectiveMethodInvocation.java:184)
	at org.springframework.data.projection.DefaultMethodInvokingMethodInterceptor.invoke(DefaultMethodInvokingMethodInterceptor.java:72)
	at org.springframework.aop.framework.ReflectiveMethodInvocation.proceed(ReflectiveMethodInvocation.java:184)
	at org.springframework.transaction.interceptor.TransactionInterceptor$1.proceedWithInvocation(TransactionInterceptor.java:123)
	at org.springframework.transaction.interceptor.TransactionAspectSupport.invokeWithinTransaction(TransactionAspectSupport.java:391)
	at org.springframework.transaction.interceptor.TransactionInterceptor.invoke(TransactionInterceptor.java:119)
	at org.springframework.aop.framework.ReflectiveMethodInvocation.proceed(ReflectiveMethodInvocation.java:184)
	at org.springframework.dao.support.PersistenceExceptionTranslationInterceptor.invoke(PersistenceExceptionTranslationInterceptor.java:137)
	... 12 common frames omitted
Caused by: java.sql.SQLSyntaxErrorException: Table 'bot_qurstion.user' doesn't exist
	at com.mysql.cj.jdbc.exceptions.SQLError.createSQLException(SQLError.java:121)
	at com.mysql.cj.jdbc.exceptions.SQLExceptionsMapping.translateException(SQLExceptionsMapping.java:122)
	at com.mysql.cj.jdbc.ClientPreparedStatement.executeInternal(ClientPreparedStatement.java:916)
	at com.mysql.cj.jdbc.ClientPreparedStatement.executeQuery(ClientPreparedStatement.java:972)
	at com.zaxxer.hikari.pool.ProxyPreparedStatement.executeQuery(ProxyPreparedStatement.java:52)
	at com.zaxxer.hikari.pool.HikariProxyPreparedStatement.executeQuery(HikariProxyPreparedStatement.java)
	at org.hibernate.sql.results.jdbc.internal.DeferredResultSetAccess.executeQuery(DeferredResultSetAccess.java:239)
	... 72 common frames omitted
[2023-10-07 13:19:33] - Closing JPA EntityManagerFactory for persistence unit 'default'
[2023-10-07 13:19:33] - HikariPool-1 - Shutdown initiated...
[2023-10-07 13:19:33] - HikariPool-1 - Shutdown completed.
