[2023-10-07 15:12:27] - Closing JPA EntityManagerFactory for persistence unit 'default'
[2023-10-07 15:12:27] - HikariPool-1 - Shutdown initiated...
[2023-10-07 15:12:27] - HikariPool-1 - Shutdown completed.
[2023-10-07 15:13:23] - Starting App using Java 17.0.8 with PID 23668 (F:\Java\qwest\target\classes started by tjapka in F:\Java\qwest)
[2023-10-07 15:13:23] - No active profile set, falling back to 1 default profile: "default"
[2023-10-07 15:13:23] - Bootstrapping Spring Data JPA repositories in DEFAULT mode.
[2023-10-07 15:13:23] - Finished Spring Data repository scanning in 36 ms. Found 1 JPA repository interfaces.
[2023-10-07 15:13:24] - Tomcat initialized with port(s): 8080 (http)
[2023-10-07 15:13:24] - Initializing ProtocolHandler ["http-nio-8080"]
[2023-10-07 15:13:24] - Starting service [Tomcat]
[2023-10-07 15:13:24] - Starting Servlet engine: [Apache Tomcat/10.1.12]
[2023-10-07 15:13:24] - Initializing Spring embedded WebApplicationContext
[2023-10-07 15:13:24] - Root WebApplicationContext: initialization completed in 958 ms
[2023-10-07 15:13:24] - HHH000204: Processing PersistenceUnitInfo [name: default]
[2023-10-07 15:13:24] - HHH000412: Hibernate ORM core version 6.2.7.Final
[2023-10-07 15:13:24] - HHH000406: Using bytecode reflection optimizer
[2023-10-07 15:13:24] - HHH000021: Bytecode provider name : bytebuddy
[2023-10-07 15:13:24] - No LoadTimeWeaver setup: ignoring JPA class transformer
[2023-10-07 15:13:24] - HikariPool-1 - Starting...
[2023-10-07 15:13:25] - HikariPool-1 - Added connection com.mysql.cj.jdbc.ConnectionImpl@69a73867
[2023-10-07 15:13:25] - HikariPool-1 - Start completed.
[2023-10-07 15:13:25] - HHH000021: Bytecode provider name : bytebuddy
[2023-10-07 15:13:25] - HHH000490: Using JtaPlatform implementation: [org.hibernate.engine.transaction.jta.platform.internal.NoJtaPlatform]
[2023-10-07 15:13:25] - Initialized JPA EntityManagerFactory for persistence unit 'default'
[2023-10-07 15:13:26] - error setting bots command List: Error executing org.telegram.telegrambots.meta.api.methods.commands.SetMyCommands query: [400] Bad Request: BOT_COMMAND_INVALID
[2023-10-07 15:13:26] - spring.jpa.open-in-view is enabled by default. Therefore, database queries may be performed during view rendering. Explicitly configure spring.jpa.open-in-view to disable this warning
[2023-10-07 15:13:26] - Starting ProtocolHandler ["http-nio-8080"]
[2023-10-07 15:13:26] - Tomcat started on port(s): 8080 (http) with context path ''
[2023-10-07 15:13:26] - Started App in 3.67 seconds (process running for 4.366)
[2023-10-07 15:14:12] - Closing JPA EntityManagerFactory for persistence unit 'default'
[2023-10-07 15:14:12] - HikariPool-1 - Shutdown initiated...
[2023-10-07 15:14:12] - HikariPool-1 - Shutdown completed.
[2023-10-07 15:20:55] - Starting App using Java 17.0.8 with PID 10568 (F:\Java\qwest\target\classes started by tjapka in F:\Java\qwest)
[2023-10-07 15:20:55] - No active profile set, falling back to 1 default profile: "default"
[2023-10-07 15:20:55] - Bootstrapping Spring Data JPA repositories in DEFAULT mode.
[2023-10-07 15:20:55] - Finished Spring Data repository scanning in 34 ms. Found 1 JPA repository interfaces.
[2023-10-07 15:20:55] - Tomcat initialized with port(s): 8080 (http)
[2023-10-07 15:20:55] - Initializing ProtocolHandler ["http-nio-8080"]
[2023-10-07 15:20:55] - Starting service [Tomcat]
[2023-10-07 15:20:55] - Starting Servlet engine: [Apache Tomcat/10.1.12]
[2023-10-07 15:20:56] - Initializing Spring embedded WebApplicationContext
[2023-10-07 15:20:56] - Root WebApplicationContext: initialization completed in 948 ms
[2023-10-07 15:20:56] - HHH000204: Processing PersistenceUnitInfo [name: default]
[2023-10-07 15:20:56] - HHH000412: Hibernate ORM core version 6.2.7.Final
[2023-10-07 15:20:56] - HHH000406: Using bytecode reflection optimizer
[2023-10-07 15:20:56] - HHH000021: Bytecode provider name : bytebuddy
[2023-10-07 15:20:56] - No LoadTimeWeaver setup: ignoring JPA class transformer
[2023-10-07 15:20:56] - HikariPool-1 - Starting...
[2023-10-07 15:20:56] - HikariPool-1 - Added connection com.mysql.cj.jdbc.ConnectionImpl@749d7c01
[2023-10-07 15:20:56] - HikariPool-1 - Start completed.
[2023-10-07 15:20:56] - HHH000021: Bytecode provider name : bytebuddy
[2023-10-07 15:20:57] - HHH000490: Using JtaPlatform implementation: [org.hibernate.engine.transaction.jta.platform.internal.NoJtaPlatform]
[2023-10-07 15:20:57] - Initialized JPA EntityManagerFactory for persistence unit 'default'
[2023-10-07 15:20:57] - error setting bots command List: Error executing org.telegram.telegrambots.meta.api.methods.commands.SetMyCommands query: [400] Bad Request: BOT_COMMAND_INVALID
[2023-10-07 15:20:58] - spring.jpa.open-in-view is enabled by default. Therefore, database queries may be performed during view rendering. Explicitly configure spring.jpa.open-in-view to disable this warning
[2023-10-07 15:20:58] - Starting ProtocolHandler ["http-nio-8080"]
[2023-10-07 15:20:58] - Tomcat started on port(s): 8080 (http) with context path ''
[2023-10-07 15:20:58] - Started App in 3.787 seconds (process running for 4.482)
[2023-10-07 15:22:47] - No value present
java.util.NoSuchElementException: No value present
	at java.base/java.util.Optional.get(Optional.java:143)
	at com.tele.qwest.service.TelegramBot.minusCountFalse(TelegramBot.java:215)
	at com.tele.qwest.service.TelegramBot.checking(TelegramBot.java:138)
	at com.tele.qwest.service.TelegramBot.onUpdateReceived(TelegramBot.java:118)
	at java.base/java.util.ArrayList.forEach(ArrayList.java:1511)
	at org.telegram.telegrambots.meta.generics.LongPollingBot.onUpdatesReceived(LongPollingBot.java:27)
	at org.telegram.telegrambots.updatesreceivers.DefaultBotSession$HandlerThread.run(DefaultBotSession.java:317)
[2023-10-07 15:23:02] - No value present
java.util.NoSuchElementException: No value present
	at java.base/java.util.Optional.get(Optional.java:143)
	at com.tele.qwest.service.TelegramBot.minusCountFalse(TelegramBot.java:215)
	at com.tele.qwest.service.TelegramBot.checking(TelegramBot.java:138)
	at com.tele.qwest.service.TelegramBot.onUpdateReceived(TelegramBot.java:118)
	at java.base/java.util.ArrayList.forEach(ArrayList.java:1511)
	at org.telegram.telegrambots.meta.generics.LongPollingBot.onUpdatesReceived(LongPollingBot.java:27)
	at org.telegram.telegrambots.updatesreceivers.DefaultBotSession$HandlerThread.run(DefaultBotSession.java:317)
[2023-10-07 15:23:07] - No value present
java.util.NoSuchElementException: No value present
	at java.base/java.util.Optional.get(Optional.java:143)
	at com.tele.qwest.service.TelegramBot.minusCountFalse(TelegramBot.java:215)
	at com.tele.qwest.service.TelegramBot.checking(TelegramBot.java:138)
	at com.tele.qwest.service.TelegramBot.onUpdateReceived(TelegramBot.java:118)
	at java.base/java.util.ArrayList.forEach(ArrayList.java:1511)
	at org.telegram.telegrambots.meta.generics.LongPollingBot.onUpdatesReceived(LongPollingBot.java:27)
	at org.telegram.telegrambots.updatesreceivers.DefaultBotSession$HandlerThread.run(DefaultBotSession.java:317)
[2023-10-07 15:23:11] - No value present
java.util.NoSuchElementException: No value present
	at java.base/java.util.Optional.get(Optional.java:143)
	at com.tele.qwest.service.TelegramBot.minusCountFalse(TelegramBot.java:215)
	at com.tele.qwest.service.TelegramBot.checking(TelegramBot.java:138)
	at com.tele.qwest.service.TelegramBot.onUpdateReceived(TelegramBot.java:118)
	at java.base/java.util.ArrayList.forEach(ArrayList.java:1511)
	at org.telegram.telegrambots.meta.generics.LongPollingBot.onUpdatesReceived(LongPollingBot.java:27)
	at org.telegram.telegrambots.updatesreceivers.DefaultBotSession$HandlerThread.run(DefaultBotSession.java:317)
[2023-10-07 15:23:19] - No value present
java.util.NoSuchElementException: No value present
	at java.base/java.util.Optional.get(Optional.java:143)
	at com.tele.qwest.service.TelegramBot.userPlusBalls(TelegramBot.java:227)
	at com.tele.qwest.service.TelegramBot.checking(TelegramBot.java:127)
	at com.tele.qwest.service.TelegramBot.onUpdateReceived(TelegramBot.java:118)
	at java.base/java.util.ArrayList.forEach(ArrayList.java:1511)
	at org.telegram.telegrambots.meta.generics.LongPollingBot.onUpdatesReceived(LongPollingBot.java:27)
	at org.telegram.telegrambots.updatesreceivers.DefaultBotSession$HandlerThread.run(DefaultBotSession.java:317)
[2023-10-07 15:23:25] - No value present
java.util.NoSuchElementException: No value present
	at java.base/java.util.Optional.get(Optional.java:143)
	at com.tele.qwest.service.TelegramBot.minusCountFalse(TelegramBot.java:215)
	at com.tele.qwest.service.TelegramBot.checking(TelegramBot.java:138)
	at com.tele.qwest.service.TelegramBot.onUpdateReceived(TelegramBot.java:118)
	at java.base/java.util.ArrayList.forEach(ArrayList.java:1511)
	at org.telegram.telegrambots.meta.generics.LongPollingBot.onUpdatesReceived(LongPollingBot.java:27)
	at org.telegram.telegrambots.updatesreceivers.DefaultBotSession$HandlerThread.run(DefaultBotSession.java:317)
[2023-10-07 15:23:28] - No value present
java.util.NoSuchElementException: No value present
	at java.base/java.util.Optional.get(Optional.java:143)
	at com.tele.qwest.service.TelegramBot.minusCountFalse(TelegramBot.java:215)
	at com.tele.qwest.service.TelegramBot.checking(TelegramBot.java:138)
	at com.tele.qwest.service.TelegramBot.onUpdateReceived(TelegramBot.java:118)
	at java.base/java.util.ArrayList.forEach(ArrayList.java:1511)
	at org.telegram.telegrambots.meta.generics.LongPollingBot.onUpdatesReceived(LongPollingBot.java:27)
	at org.telegram.telegrambots.updatesreceivers.DefaultBotSession$HandlerThread.run(DefaultBotSession.java:317)
[2023-10-07 15:23:31] - No value present
java.util.NoSuchElementException: No value present
	at java.base/java.util.Optional.get(Optional.java:143)
	at com.tele.qwest.service.TelegramBot.minusCountFalse(TelegramBot.java:215)
	at com.tele.qwest.service.TelegramBot.checking(TelegramBot.java:138)
	at com.tele.qwest.service.TelegramBot.onUpdateReceived(TelegramBot.java:118)
	at java.base/java.util.ArrayList.forEach(ArrayList.java:1511)
	at org.telegram.telegrambots.meta.generics.LongPollingBot.onUpdatesReceived(LongPollingBot.java:27)
	at org.telegram.telegrambots.updatesreceivers.DefaultBotSession$HandlerThread.run(DefaultBotSession.java:317)
