[2023-10-07 20:08:03] - Closing JPA EntityManagerFactory for persistence unit 'default'
[2023-10-07 20:08:03] - HikariPool-1 - Shutdown initiated...
[2023-10-07 20:08:03] - HikariPool-1 - Shutdown completed.
[2023-10-07 20:08:08] - Starting App using Java 17.0.8 with PID 19796 (F:\Java\qwest\target\classes started by tjapka in F:\Java\qwest)
[2023-10-07 20:08:08] - No active profile set, falling back to 1 default profile: "default"
[2023-10-07 20:08:09] - Bootstrapping Spring Data JPA repositories in DEFAULT mode.
[2023-10-07 20:08:09] - Finished Spring Data repository scanning in 34 ms. Found 1 JPA repository interfaces.
[2023-10-07 20:08:09] - Tomcat initialized with port(s): 8080 (http)
[2023-10-07 20:08:09] - Initializing ProtocolHandler ["http-nio-8080"]
[2023-10-07 20:08:09] - Starting service [Tomcat]
[2023-10-07 20:08:09] - Starting Servlet engine: [Apache Tomcat/10.1.12]
[2023-10-07 20:08:09] - Initializing Spring embedded WebApplicationContext
[2023-10-07 20:08:09] - Root WebApplicationContext: initialization completed in 961 ms
[2023-10-07 20:08:09] - HHH000204: Processing PersistenceUnitInfo [name: default]
[2023-10-07 20:08:09] - HHH000412: Hibernate ORM core version 6.2.7.Final
[2023-10-07 20:08:09] - HHH000406: Using bytecode reflection optimizer
[2023-10-07 20:08:09] - HHH000021: Bytecode provider name : bytebuddy
[2023-10-07 20:08:09] - No LoadTimeWeaver setup: ignoring JPA class transformer
[2023-10-07 20:08:09] - HikariPool-1 - Starting...
[2023-10-07 20:08:10] - HikariPool-1 - Added connection com.mysql.cj.jdbc.ConnectionImpl@749d7c01
[2023-10-07 20:08:10] - HikariPool-1 - Start completed.
[2023-10-07 20:08:10] - HHH000021: Bytecode provider name : bytebuddy
[2023-10-07 20:08:10] - HHH000490: Using JtaPlatform implementation: [org.hibernate.engine.transaction.jta.platform.internal.NoJtaPlatform]
[2023-10-07 20:08:10] - Initialized JPA EntityManagerFactory for persistence unit 'default'
[2023-10-07 20:08:11] - error setting bots command List: Error executing org.telegram.telegrambots.meta.api.methods.commands.SetMyCommands query: [400] Bad Request: BOT_COMMAND_INVALID
[2023-10-07 20:08:11] - spring.jpa.open-in-view is enabled by default. Therefore, database queries may be performed during view rendering. Explicitly configure spring.jpa.open-in-view to disable this warning
[2023-10-07 20:08:11] - Starting ProtocolHandler ["http-nio-8080"]
[2023-10-07 20:08:11] - Tomcat started on port(s): 8080 (http) with context path ''
[2023-10-07 20:08:11] - Started App in 3.665 seconds (process running for 4.352)
[2023-10-07 20:11:32] - Closing JPA EntityManagerFactory for persistence unit 'default'
[2023-10-07 20:11:32] - HikariPool-1 - Shutdown initiated...
[2023-10-07 20:11:32] - HikariPool-1 - Shutdown completed.
[2023-10-07 20:20:56] - Starting App using Java 17.0.8 with PID 21692 (F:\Java\qwest\target\classes started by tjapka in F:\Java\qwest)
[2023-10-07 20:20:56] - No active profile set, falling back to 1 default profile: "default"
[2023-10-07 20:20:56] - Bootstrapping Spring Data JPA repositories in DEFAULT mode.
[2023-10-07 20:20:56] - Finished Spring Data repository scanning in 34 ms. Found 1 JPA repository interfaces.
[2023-10-07 20:20:57] - Tomcat initialized with port(s): 8080 (http)
[2023-10-07 20:20:57] - Initializing ProtocolHandler ["http-nio-8080"]
[2023-10-07 20:20:57] - Starting service [Tomcat]
[2023-10-07 20:20:57] - Starting Servlet engine: [Apache Tomcat/10.1.12]
[2023-10-07 20:20:57] - Initializing Spring embedded WebApplicationContext
[2023-10-07 20:20:57] - Root WebApplicationContext: initialization completed in 949 ms
[2023-10-07 20:20:57] - HHH000204: Processing PersistenceUnitInfo [name: default]
[2023-10-07 20:20:57] - HHH000412: Hibernate ORM core version 6.2.7.Final
[2023-10-07 20:20:57] - HHH000406: Using bytecode reflection optimizer
[2023-10-07 20:20:57] - HHH000021: Bytecode provider name : bytebuddy
[2023-10-07 20:20:57] - No LoadTimeWeaver setup: ignoring JPA class transformer
[2023-10-07 20:20:57] - HikariPool-1 - Starting...
[2023-10-07 20:20:58] - HikariPool-1 - Added connection com.mysql.cj.jdbc.ConnectionImpl@69a73867
[2023-10-07 20:20:58] - HikariPool-1 - Start completed.
[2023-10-07 20:20:58] - HHH000021: Bytecode provider name : bytebuddy
[2023-10-07 20:20:58] - HHH000490: Using JtaPlatform implementation: [org.hibernate.engine.transaction.jta.platform.internal.NoJtaPlatform]
[2023-10-07 20:20:58] - Initialized JPA EntityManagerFactory for persistence unit 'default'
[2023-10-07 20:20:59] - error setting bots command List: Error executing org.telegram.telegrambots.meta.api.methods.commands.SetMyCommands query: [400] Bad Request: BOT_COMMAND_INVALID
[2023-10-07 20:20:59] - spring.jpa.open-in-view is enabled by default. Therefore, database queries may be performed during view rendering. Explicitly configure spring.jpa.open-in-view to disable this warning
[2023-10-07 20:20:59] - Starting ProtocolHandler ["http-nio-8080"]
[2023-10-07 20:20:59] - Tomcat started on port(s): 8080 (http) with context path ''
[2023-10-07 20:20:59] - Started App in 3.675 seconds (process running for 4.385)
[2023-10-07 20:21:39] - Repository safe user: DjTjapka
[2023-10-07 20:21:39] - Replied to User: Алекс
[2023-10-07 20:27:53] - Repository safe user: null
[2023-10-07 20:27:53] - Replied to User: Г.Н.В
[2023-10-07 20:35:21] - Closing JPA EntityManagerFactory for persistence unit 'default'
[2023-10-07 20:35:21] - HikariPool-1 - Shutdown initiated...
[2023-10-07 20:35:22] - HikariPool-1 - Shutdown completed.
[2023-10-07 20:35:26] - Starting App using Java 17.0.8 with PID 13248 (F:\Java\qwest\target\classes started by tjapka in F:\Java\qwest)
[2023-10-07 20:35:26] - No active profile set, falling back to 1 default profile: "default"
[2023-10-07 20:35:27] - Bootstrapping Spring Data JPA repositories in DEFAULT mode.
[2023-10-07 20:35:27] - Finished Spring Data repository scanning in 35 ms. Found 1 JPA repository interfaces.
[2023-10-07 20:35:27] - Tomcat initialized with port(s): 8080 (http)
[2023-10-07 20:35:27] - Initializing ProtocolHandler ["http-nio-8080"]
[2023-10-07 20:35:27] - Starting service [Tomcat]
[2023-10-07 20:35:27] - Starting Servlet engine: [Apache Tomcat/10.1.12]
[2023-10-07 20:35:27] - Initializing Spring embedded WebApplicationContext
[2023-10-07 20:35:27] - Root WebApplicationContext: initialization completed in 959 ms
[2023-10-07 20:35:27] - HHH000204: Processing PersistenceUnitInfo [name: default]
[2023-10-07 20:35:27] - HHH000412: Hibernate ORM core version 6.2.7.Final
[2023-10-07 20:35:27] - HHH000406: Using bytecode reflection optimizer
[2023-10-07 20:35:27] - HHH000021: Bytecode provider name : bytebuddy
[2023-10-07 20:35:28] - No LoadTimeWeaver setup: ignoring JPA class transformer
[2023-10-07 20:35:28] - HikariPool-1 - Starting...
[2023-10-07 20:35:28] - HikariPool-1 - Added connection com.mysql.cj.jdbc.ConnectionImpl@749d7c01
[2023-10-07 20:35:28] - HikariPool-1 - Start completed.
[2023-10-07 20:35:28] - HHH000021: Bytecode provider name : bytebuddy
[2023-10-07 20:35:28] - HHH000490: Using JtaPlatform implementation: [org.hibernate.engine.transaction.jta.platform.internal.NoJtaPlatform]
[2023-10-07 20:35:29] - Initialized JPA EntityManagerFactory for persistence unit 'default'
[2023-10-07 20:35:29] - error setting bots command List: Error executing org.telegram.telegrambots.meta.api.methods.commands.SetMyCommands query: [400] Bad Request: BOT_COMMAND_INVALID
[2023-10-07 20:35:29] - spring.jpa.open-in-view is enabled by default. Therefore, database queries may be performed during view rendering. Explicitly configure spring.jpa.open-in-view to disable this warning
[2023-10-07 20:35:30] - Starting ProtocolHandler ["http-nio-8080"]
[2023-10-07 20:35:30] - Tomcat started on port(s): 8080 (http) with context path ''
[2023-10-07 20:35:30] - Started App in 3.754 seconds (process running for 4.459)
[2023-10-07 20:35:36] - Repository safe user: DjTjapka
[2023-10-07 20:35:36] - Replied to User: Алекс
[2023-10-07 20:42:15] - Closing JPA EntityManagerFactory for persistence unit 'default'
[2023-10-07 20:42:15] - HikariPool-1 - Shutdown initiated...
[2023-10-07 20:42:15] - HikariPool-1 - Shutdown completed.
[2023-10-07 20:42:21] - Starting App using Java 17.0.8 with PID 21092 (F:\Java\qwest\target\classes started by tjapka in F:\Java\qwest)
[2023-10-07 20:42:21] - No active profile set, falling back to 1 default profile: "default"
[2023-10-07 20:42:21] - Bootstrapping Spring Data JPA repositories in DEFAULT mode.
[2023-10-07 20:42:21] - Finished Spring Data repository scanning in 36 ms. Found 1 JPA repository interfaces.
[2023-10-07 20:42:22] - Tomcat initialized with port(s): 8080 (http)
[2023-10-07 20:42:22] - Initializing ProtocolHandler ["http-nio-8080"]
[2023-10-07 20:42:22] - Starting service [Tomcat]
[2023-10-07 20:42:22] - Starting Servlet engine: [Apache Tomcat/10.1.12]
[2023-10-07 20:42:22] - Initializing Spring embedded WebApplicationContext
[2023-10-07 20:42:22] - Root WebApplicationContext: initialization completed in 969 ms
[2023-10-07 20:42:22] - HHH000204: Processing PersistenceUnitInfo [name: default]
[2023-10-07 20:42:22] - HHH000412: Hibernate ORM core version 6.2.7.Final
[2023-10-07 20:42:22] - HHH000406: Using bytecode reflection optimizer
[2023-10-07 20:42:22] - HHH000021: Bytecode provider name : bytebuddy
[2023-10-07 20:42:22] - No LoadTimeWeaver setup: ignoring JPA class transformer
[2023-10-07 20:42:22] - HikariPool-1 - Starting...
[2023-10-07 20:42:22] - HikariPool-1 - Added connection com.mysql.cj.jdbc.ConnectionImpl@749d7c01
[2023-10-07 20:42:22] - HikariPool-1 - Start completed.
[2023-10-07 20:42:23] - HHH000021: Bytecode provider name : bytebuddy
[2023-10-07 20:42:23] - HHH000490: Using JtaPlatform implementation: [org.hibernate.engine.transaction.jta.platform.internal.NoJtaPlatform]
[2023-10-07 20:42:23] - Initialized JPA EntityManagerFactory for persistence unit 'default'
[2023-10-07 20:42:23] - error setting bots command List: Error executing org.telegram.telegrambots.meta.api.methods.commands.SetMyCommands query: [400] Bad Request: BOT_COMMAND_INVALID
[2023-10-07 20:42:24] - spring.jpa.open-in-view is enabled by default. Therefore, database queries may be performed during view rendering. Explicitly configure spring.jpa.open-in-view to disable this warning
[2023-10-07 20:42:24] - Starting ProtocolHandler ["http-nio-8080"]
[2023-10-07 20:42:24] - Tomcat started on port(s): 8080 (http) with context path ''
[2023-10-07 20:42:24] - Started App in 3.658 seconds (process running for 4.355)
