[2023-11-13 18:03:40] - Closing JPA EntityManagerFactory for persistence unit 'default'
[2023-11-13 18:03:40] - HikariPool-1 - Shutdown initiated...
[2023-11-13 18:03:40] - HikariPool-1 - Shutdown completed.
[2023-11-13 18:04:41] - Starting App using Java 17.0.8 with PID 21600 (F:\Java\qwest\target\classes started by tjapka in F:\Java\qwest)
[2023-11-13 18:04:41] - No active profile set, falling back to 1 default profile: "default"
[2023-11-13 18:04:41] - Bootstrapping Spring Data JPA repositories in DEFAULT mode.
[2023-11-13 18:04:41] - Finished Spring Data repository scanning in 38 ms. Found 1 JPA repository interfaces.
[2023-11-13 18:04:42] - Tomcat initialized with port(s): 8080 (http)
[2023-11-13 18:04:42] - Initializing ProtocolHandler ["http-nio-8080"]
[2023-11-13 18:04:42] - Starting service [Tomcat]
[2023-11-13 18:04:42] - Starting Servlet engine: [Apache Tomcat/10.1.12]
[2023-11-13 18:04:42] - Initializing Spring embedded WebApplicationContext
[2023-11-13 18:04:42] - Root WebApplicationContext: initialization completed in 968 ms
[2023-11-13 18:04:42] - HHH000204: Processing PersistenceUnitInfo [name: default]
[2023-11-13 18:04:42] - HHH000412: Hibernate ORM core version 6.2.7.Final
[2023-11-13 18:04:42] - HHH000406: Using bytecode reflection optimizer
[2023-11-13 18:04:42] - HHH000021: Bytecode provider name : bytebuddy
[2023-11-13 18:04:42] - No LoadTimeWeaver setup: ignoring JPA class transformer
[2023-11-13 18:04:42] - HikariPool-1 - Starting...
[2023-11-13 18:04:42] - HikariPool-1 - Added connection com.mysql.cj.jdbc.ConnectionImpl@794cb26b
[2023-11-13 18:04:42] - HikariPool-1 - Start completed.
[2023-11-13 18:04:42] - HHH000021: Bytecode provider name : bytebuddy
[2023-11-13 18:04:43] - HHH000490: Using JtaPlatform implementation: [org.hibernate.engine.transaction.jta.platform.internal.NoJtaPlatform]
[2023-11-13 18:04:43] - Initialized JPA EntityManagerFactory for persistence unit 'default'
[2023-11-13 18:04:43] - error setting bots command List: Error executing org.telegram.telegrambots.meta.api.methods.commands.SetMyCommands query: [400] Bad Request: BOT_COMMAND_INVALID
[2023-11-13 18:04:44] - spring.jpa.open-in-view is enabled by default. Therefore, database queries may be performed during view rendering. Explicitly configure spring.jpa.open-in-view to disable this warning
[2023-11-13 18:04:44] - Starting ProtocolHandler ["http-nio-8080"]
[2023-11-13 18:04:44] - Tomcat started on port(s): 8080 (http) with context path ''
[2023-11-13 18:04:44] - Started App in 3.806 seconds (process running for 4.512)
[2023-11-13 18:05:11] - Repository safe user: DjTjapka
[2023-11-13 18:05:12] - Replied to User: Алекс
[2023-11-13 18:15:41] - Repository safe user: null
[2023-11-13 18:15:41] - Replied to User: Наталия
[2023-11-13 18:58:37] - No value present
java.util.NoSuchElementException: No value present
	at java.base/java.util.Optional.get(Optional.java:143)
	at com.tele.qwest.service.TelegramBot.userUpdateQuestion(TelegramBot.java:253)
	at com.tele.qwest.service.TelegramBot.setOfNull(TelegramBot.java:230)
	at com.tele.qwest.service.TelegramBot.onUpdateReceived(TelegramBot.java:131)
	at java.base/java.util.ArrayList.forEach(ArrayList.java:1511)
	at org.telegram.telegrambots.meta.generics.LongPollingBot.onUpdatesReceived(LongPollingBot.java:27)
	at org.telegram.telegrambots.updatesreceivers.DefaultBotSession$HandlerThread.run(DefaultBotSession.java:317)
[2023-11-13 18:58:39] - No value present
java.util.NoSuchElementException: No value present
	at java.base/java.util.Optional.get(Optional.java:143)
	at com.tele.qwest.service.TelegramBot.userUpdateQuestion(TelegramBot.java:253)
	at com.tele.qwest.service.TelegramBot.setOfNull(TelegramBot.java:230)
	at com.tele.qwest.service.TelegramBot.onUpdateReceived(TelegramBot.java:131)
	at java.base/java.util.ArrayList.forEach(ArrayList.java:1511)
	at org.telegram.telegrambots.meta.generics.LongPollingBot.onUpdatesReceived(LongPollingBot.java:27)
	at org.telegram.telegrambots.updatesreceivers.DefaultBotSession$HandlerThread.run(DefaultBotSession.java:317)
[2023-11-13 18:58:42] - No value present
java.util.NoSuchElementException: No value present
	at java.base/java.util.Optional.get(Optional.java:143)
	at com.tele.qwest.service.TelegramBot.userUpdateQuestion(TelegramBot.java:253)
	at com.tele.qwest.service.TelegramBot.setOfNull(TelegramBot.java:230)
	at com.tele.qwest.service.TelegramBot.onUpdateReceived(TelegramBot.java:131)
	at java.base/java.util.ArrayList.forEach(ArrayList.java:1511)
	at org.telegram.telegrambots.meta.generics.LongPollingBot.onUpdatesReceived(LongPollingBot.java:27)
	at org.telegram.telegrambots.updatesreceivers.DefaultBotSession$HandlerThread.run(DefaultBotSession.java:317)
[2023-11-13 18:58:44] - No value present
java.util.NoSuchElementException: No value present
	at java.base/java.util.Optional.get(Optional.java:143)
	at com.tele.qwest.service.TelegramBot.userUpdateQuestion(TelegramBot.java:253)
	at com.tele.qwest.service.TelegramBot.setOfNull(TelegramBot.java:230)
	at com.tele.qwest.service.TelegramBot.onUpdateReceived(TelegramBot.java:131)
	at java.base/java.util.ArrayList.forEach(ArrayList.java:1511)
	at org.telegram.telegrambots.meta.generics.LongPollingBot.onUpdatesReceived(LongPollingBot.java:27)
	at org.telegram.telegrambots.updatesreceivers.DefaultBotSession$HandlerThread.run(DefaultBotSession.java:317)
[2023-11-13 18:59:16] - No value present
java.util.NoSuchElementException: No value present
	at java.base/java.util.Optional.get(Optional.java:143)
	at com.tele.qwest.service.TelegramBot.minusCountFalse(TelegramBot.java:258)
	at com.tele.qwest.service.TelegramBot.checking(TelegramBot.java:177)
	at com.tele.qwest.service.TelegramBot.onUpdateReceived(TelegramBot.java:153)
	at java.base/java.util.ArrayList.forEach(ArrayList.java:1511)
	at org.telegram.telegrambots.meta.generics.LongPollingBot.onUpdatesReceived(LongPollingBot.java:27)
	at org.telegram.telegrambots.updatesreceivers.DefaultBotSession$HandlerThread.run(DefaultBotSession.java:317)
[2023-11-13 18:59:29] - No value present
java.util.NoSuchElementException: No value present
	at java.base/java.util.Optional.get(Optional.java:143)
	at com.tele.qwest.service.TelegramBot.userPlusBalls(TelegramBot.java:270)
	at com.tele.qwest.service.TelegramBot.checking(TelegramBot.java:166)
	at com.tele.qwest.service.TelegramBot.onUpdateReceived(TelegramBot.java:153)
	at java.base/java.util.ArrayList.forEach(ArrayList.java:1511)
	at org.telegram.telegrambots.meta.generics.LongPollingBot.onUpdatesReceived(LongPollingBot.java:27)
	at org.telegram.telegrambots.updatesreceivers.DefaultBotSession$HandlerThread.run(DefaultBotSession.java:317)
[2023-11-13 19:01:02] - Repository safe user: null
[2023-11-13 19:01:02] - Replied to User: Г.Н.В
[2023-11-13 19:16:05] - Closing JPA EntityManagerFactory for persistence unit 'default'
[2023-11-13 19:16:05] - HikariPool-1 - Shutdown initiated...
[2023-11-13 19:16:05] - HikariPool-1 - Shutdown completed.
