[2023-10-07 12:13:59] - Closing JPA EntityManagerFactory for persistence unit 'default'
[2023-10-07 12:13:59] - HikariPool-1 - Shutdown initiated...
[2023-10-07 12:13:59] - HikariPool-1 - Shutdown completed.
[2023-10-07 12:14:04] - Starting App using Java 17.0.8 with PID 19856 (F:\Java\qwest\target\classes started by tjapka in F:\Java\qwest)
[2023-10-07 12:14:04] - No active profile set, falling back to 1 default profile: "default"
[2023-10-07 12:14:04] - Bootstrapping Spring Data JPA repositories in DEFAULT mode.
[2023-10-07 12:14:04] - Finished Spring Data repository scanning in 34 ms. Found 1 JPA repository interfaces.
[2023-10-07 12:14:05] - Tomcat initialized with port(s): 8080 (http)
[2023-10-07 12:14:05] - Initializing ProtocolHandler ["http-nio-8080"]
[2023-10-07 12:14:05] - Starting service [Tomcat]
[2023-10-07 12:14:05] - Starting Servlet engine: [Apache Tomcat/10.1.12]
[2023-10-07 12:14:05] - Initializing Spring embedded WebApplicationContext
[2023-10-07 12:14:05] - Root WebApplicationContext: initialization completed in 954 ms
[2023-10-07 12:14:05] - HHH000204: Processing PersistenceUnitInfo [name: default]
[2023-10-07 12:14:05] - HHH000412: Hibernate ORM core version 6.2.7.Final
[2023-10-07 12:14:05] - HHH000406: Using bytecode reflection optimizer
[2023-10-07 12:14:05] - HHH000021: Bytecode provider name : bytebuddy
[2023-10-07 12:14:05] - No LoadTimeWeaver setup: ignoring JPA class transformer
[2023-10-07 12:14:05] - HikariPool-1 - Starting...
[2023-10-07 12:14:05] - HikariPool-1 - Added connection com.mysql.cj.jdbc.ConnectionImpl@749d7c01
[2023-10-07 12:14:05] - HikariPool-1 - Start completed.
[2023-10-07 12:14:05] - HHH000021: Bytecode provider name : bytebuddy
[2023-10-07 12:14:06] - HHH000490: Using JtaPlatform implementation: [org.hibernate.engine.transaction.jta.platform.internal.NoJtaPlatform]
[2023-10-07 12:14:06] - Initialized JPA EntityManagerFactory for persistence unit 'default'
[2023-10-07 12:14:07] - error setting bots command List: Error executing org.telegram.telegrambots.meta.api.methods.commands.SetMyCommands query: [400] Bad Request: BOT_COMMAND_INVALID
[2023-10-07 12:14:07] - spring.jpa.open-in-view is enabled by default. Therefore, database queries may be performed during view rendering. Explicitly configure spring.jpa.open-in-view to disable this warning
[2023-10-07 12:14:07] - Starting ProtocolHandler ["http-nio-8080"]
[2023-10-07 12:14:07] - Tomcat started on port(s): 8080 (http) with context path ''
[2023-10-07 12:14:07] - Started App in 4.01 seconds (process running for 4.702)
[2023-10-07 12:18:24] - Closing JPA EntityManagerFactory for persistence unit 'default'
[2023-10-07 12:18:24] - HikariPool-1 - Shutdown initiated...
[2023-10-07 12:18:24] - HikariPool-1 - Shutdown completed.
[2023-10-07 12:24:40] - Starting App using Java 17.0.8 with PID 2932 (F:\Java\qwest\target\classes started by tjapka in F:\Java\qwest)
[2023-10-07 12:24:40] - No active profile set, falling back to 1 default profile: "default"
[2023-10-07 12:24:40] - Bootstrapping Spring Data JPA repositories in DEFAULT mode.
[2023-10-07 12:24:40] - Finished Spring Data repository scanning in 34 ms. Found 1 JPA repository interfaces.
[2023-10-07 12:24:40] - Tomcat initialized with port(s): 8080 (http)
[2023-10-07 12:24:40] - Initializing ProtocolHandler ["http-nio-8080"]
[2023-10-07 12:24:40] - Starting service [Tomcat]
[2023-10-07 12:24:40] - Starting Servlet engine: [Apache Tomcat/10.1.12]
[2023-10-07 12:24:40] - Initializing Spring embedded WebApplicationContext
[2023-10-07 12:24:40] - Root WebApplicationContext: initialization completed in 940 ms
[2023-10-07 12:24:41] - HHH000204: Processing PersistenceUnitInfo [name: default]
[2023-10-07 12:24:41] - HHH000412: Hibernate ORM core version 6.2.7.Final
[2023-10-07 12:24:41] - HHH000406: Using bytecode reflection optimizer
[2023-10-07 12:24:41] - HHH000021: Bytecode provider name : bytebuddy
[2023-10-07 12:24:41] - No LoadTimeWeaver setup: ignoring JPA class transformer
[2023-10-07 12:24:41] - HikariPool-1 - Starting...
[2023-10-07 12:24:41] - HikariPool-1 - Added connection com.mysql.cj.jdbc.ConnectionImpl@69a73867
[2023-10-07 12:24:41] - HikariPool-1 - Start completed.
[2023-10-07 12:24:41] - HHH000021: Bytecode provider name : bytebuddy
[2023-10-07 12:24:42] - HHH000490: Using JtaPlatform implementation: [org.hibernate.engine.transaction.jta.platform.internal.NoJtaPlatform]
[2023-10-07 12:24:42] - Initialized JPA EntityManagerFactory for persistence unit 'default'
[2023-10-07 12:24:42] - error setting bots command List: Error executing org.telegram.telegrambots.meta.api.methods.commands.SetMyCommands query: [400] Bad Request: BOT_COMMAND_INVALID
[2023-10-07 12:24:42] - spring.jpa.open-in-view is enabled by default. Therefore, database queries may be performed during view rendering. Explicitly configure spring.jpa.open-in-view to disable this warning
[2023-10-07 12:24:43] - Starting ProtocolHandler ["http-nio-8080"]
[2023-10-07 12:24:43] - Tomcat started on port(s): 8080 (http) with context path ''
[2023-10-07 12:24:43] - Started App in 3.673 seconds (process running for 4.366)
[2023-10-07 12:25:03] - Repository safe user: DjTjapka
[2023-10-07 12:25:03] - Replied to User: Алекс
[2023-10-07 12:28:32] - Closing JPA EntityManagerFactory for persistence unit 'default'
[2023-10-07 12:28:32] - HikariPool-1 - Shutdown initiated...
[2023-10-07 12:28:32] - HikariPool-1 - Shutdown completed.
[2023-10-07 12:31:52] - Starting App using Java 17.0.8 with PID 5220 (F:\Java\qwest\target\classes started by tjapka in F:\Java\qwest)
[2023-10-07 12:31:52] - No active profile set, falling back to 1 default profile: "default"
[2023-10-07 12:31:52] - Bootstrapping Spring Data JPA repositories in DEFAULT mode.
[2023-10-07 12:31:52] - Finished Spring Data repository scanning in 35 ms. Found 1 JPA repository interfaces.
[2023-10-07 12:31:53] - Tomcat initialized with port(s): 8080 (http)
[2023-10-07 12:31:53] - Initializing ProtocolHandler ["http-nio-8080"]
[2023-10-07 12:31:53] - Starting service [Tomcat]
[2023-10-07 12:31:53] - Starting Servlet engine: [Apache Tomcat/10.1.12]
[2023-10-07 12:31:53] - Initializing Spring embedded WebApplicationContext
[2023-10-07 12:31:53] - Root WebApplicationContext: initialization completed in 950 ms
[2023-10-07 12:31:53] - HHH000204: Processing PersistenceUnitInfo [name: default]
[2023-10-07 12:31:53] - HHH000412: Hibernate ORM core version 6.2.7.Final
[2023-10-07 12:31:53] - HHH000406: Using bytecode reflection optimizer
[2023-10-07 12:31:53] - HHH000021: Bytecode provider name : bytebuddy
[2023-10-07 12:31:53] - No LoadTimeWeaver setup: ignoring JPA class transformer
[2023-10-07 12:31:53] - HikariPool-1 - Starting...
[2023-10-07 12:31:53] - HikariPool-1 - Added connection com.mysql.cj.jdbc.ConnectionImpl@749d7c01
[2023-10-07 12:31:53] - HikariPool-1 - Start completed.
[2023-10-07 12:31:54] - HHH000021: Bytecode provider name : bytebuddy
[2023-10-07 12:31:54] - HHH000490: Using JtaPlatform implementation: [org.hibernate.engine.transaction.jta.platform.internal.NoJtaPlatform]
[2023-10-07 12:31:54] - Initialized JPA EntityManagerFactory for persistence unit 'default'
[2023-10-07 12:31:54] - error setting bots command List: Error executing org.telegram.telegrambots.meta.api.methods.commands.SetMyCommands query: [400] Bad Request: BOT_COMMAND_INVALID
[2023-10-07 12:31:55] - spring.jpa.open-in-view is enabled by default. Therefore, database queries may be performed during view rendering. Explicitly configure spring.jpa.open-in-view to disable this warning
[2023-10-07 12:31:55] - Starting ProtocolHandler ["http-nio-8080"]
[2023-10-07 12:31:55] - Tomcat started on port(s): 8080 (http) with context path ''
[2023-10-07 12:31:55] - Started App in 3.625 seconds (process running for 4.31)
[2023-10-07 12:32:12] - Closing JPA EntityManagerFactory for persistence unit 'default'
[2023-10-07 12:32:12] - HikariPool-1 - Shutdown initiated...
[2023-10-07 12:32:12] - HikariPool-1 - Shutdown completed.
[2023-10-07 12:32:32] - Starting App using Java 17.0.8 with PID 11824 (F:\Java\qwest\target\classes started by tjapka in F:\Java\qwest)
[2023-10-07 12:32:32] - No active profile set, falling back to 1 default profile: "default"
[2023-10-07 12:32:32] - Bootstrapping Spring Data JPA repositories in DEFAULT mode.
[2023-10-07 12:32:32] - Finished Spring Data repository scanning in 35 ms. Found 1 JPA repository interfaces.
[2023-10-07 12:32:33] - Tomcat initialized with port(s): 8080 (http)
[2023-10-07 12:32:33] - Initializing ProtocolHandler ["http-nio-8080"]
[2023-10-07 12:32:33] - Starting service [Tomcat]
[2023-10-07 12:32:33] - Starting Servlet engine: [Apache Tomcat/10.1.12]
[2023-10-07 12:32:33] - Initializing Spring embedded WebApplicationContext
[2023-10-07 12:32:33] - Root WebApplicationContext: initialization completed in 941 ms
[2023-10-07 12:32:33] - HHH000204: Processing PersistenceUnitInfo [name: default]
[2023-10-07 12:32:33] - HHH000412: Hibernate ORM core version 6.2.7.Final
[2023-10-07 12:32:33] - HHH000406: Using bytecode reflection optimizer
[2023-10-07 12:32:33] - HHH000021: Bytecode provider name : bytebuddy
[2023-10-07 12:32:33] - No LoadTimeWeaver setup: ignoring JPA class transformer
[2023-10-07 12:32:33] - HikariPool-1 - Starting...
[2023-10-07 12:32:33] - HikariPool-1 - Added connection com.mysql.cj.jdbc.ConnectionImpl@69a73867
[2023-10-07 12:32:33] - HikariPool-1 - Start completed.
[2023-10-07 12:32:33] - HHH000021: Bytecode provider name : bytebuddy
[2023-10-07 12:32:34] - HHH000490: Using JtaPlatform implementation: [org.hibernate.engine.transaction.jta.platform.internal.NoJtaPlatform]
[2023-10-07 12:32:34] - Initialized JPA EntityManagerFactory for persistence unit 'default'
[2023-10-07 12:32:34] - error setting bots command List: Error executing org.telegram.telegrambots.meta.api.methods.commands.SetMyCommands query: [400] Bad Request: BOT_COMMAND_INVALID
[2023-10-07 12:32:34] - spring.jpa.open-in-view is enabled by default. Therefore, database queries may be performed during view rendering. Explicitly configure spring.jpa.open-in-view to disable this warning
[2023-10-07 12:32:35] - Starting ProtocolHandler ["http-nio-8080"]
[2023-10-07 12:32:35] - Tomcat started on port(s): 8080 (http) with context path ''
[2023-10-07 12:32:35] - Started App in 3.611 seconds (process running for 4.31)
[2023-10-07 12:32:38] - Repository safe user: DjTjapka
[2023-10-07 12:32:38] - Replied to User: Алекс
