[2023-10-07 11:51:23] - Starting App using Java 17.0.8 with PID 10752 (F:\Java\qwest\target\classes started by tjapka in F:\Java\qwest)
[2023-10-07 11:51:23] - No active profile set, falling back to 1 default profile: "default"
[2023-10-07 11:51:23] - Bootstrapping Spring Data JPA repositories in DEFAULT mode.
[2023-10-07 11:51:23] - Finished Spring Data repository scanning in 33 ms. Found 1 JPA repository interfaces.
[2023-10-07 11:51:24] - Tomcat initialized with port(s): 8080 (http)
[2023-10-07 11:51:24] - Initializing ProtocolHandler ["http-nio-8080"]
[2023-10-07 11:51:24] - Starting service [Tomcat]
[2023-10-07 11:51:24] - Starting Servlet engine: [Apache Tomcat/10.1.12]
[2023-10-07 11:51:24] - Initializing Spring embedded WebApplicationContext
[2023-10-07 11:51:24] - Root WebApplicationContext: initialization completed in 951 ms
[2023-10-07 11:51:24] - HHH000204: Processing PersistenceUnitInfo [name: default]
[2023-10-07 11:51:24] - HHH000412: Hibernate ORM core version 6.2.7.Final
[2023-10-07 11:51:24] - HHH000406: Using bytecode reflection optimizer
[2023-10-07 11:51:24] - HHH000021: Bytecode provider name : bytebuddy
[2023-10-07 11:51:24] - No LoadTimeWeaver setup: ignoring JPA class transformer
[2023-10-07 11:51:24] - HikariPool-1 - Starting...
[2023-10-07 11:51:24] - HikariPool-1 - Added connection com.mysql.cj.jdbc.ConnectionImpl@4809c771
[2023-10-07 11:51:24] - HikariPool-1 - Start completed.
[2023-10-07 11:51:24] - HHH000021: Bytecode provider name : bytebuddy
[2023-10-07 11:51:25] - HHH000490: Using JtaPlatform implementation: [org.hibernate.engine.transaction.jta.platform.internal.NoJtaPlatform]
[2023-10-07 11:51:25] - Initialized JPA EntityManagerFactory for persistence unit 'default'
[2023-10-07 11:51:25] - error setting bots command List: Error executing org.telegram.telegrambots.meta.api.methods.commands.SetMyCommands query: [400] Bad Request: BOT_COMMAND_INVALID
[2023-10-07 11:51:26] - spring.jpa.open-in-view is enabled by default. Therefore, database queries may be performed during view rendering. Explicitly configure spring.jpa.open-in-view to disable this warning
[2023-10-07 11:51:26] - Starting ProtocolHandler ["http-nio-8080"]
[2023-10-07 11:51:26] - Tomcat started on port(s): 8080 (http) with context path ''
[2023-10-07 11:51:26] - Started App in 3.831 seconds (process running for 4.524)
[2023-10-07 11:51:48] - Repository safe user: DjTjapka
[2023-10-07 11:51:49] - Replied to User: Алекс
[2023-10-07 11:58:09] - Closing JPA EntityManagerFactory for persistence unit 'default'
[2023-10-07 11:58:09] - HikariPool-1 - Shutdown initiated...
[2023-10-07 11:58:09] - HikariPool-1 - Shutdown completed.
[2023-10-07 12:09:54] - Starting App using Java 17.0.8 with PID 17600 (F:\Java\qwest\target\classes started by tjapka in F:\Java\qwest)
[2023-10-07 12:09:54] - No active profile set, falling back to 1 default profile: "default"
[2023-10-07 12:09:55] - Bootstrapping Spring Data JPA repositories in DEFAULT mode.
[2023-10-07 12:09:55] - Finished Spring Data repository scanning in 34 ms. Found 1 JPA repository interfaces.
[2023-10-07 12:09:55] - Tomcat initialized with port(s): 8080 (http)
[2023-10-07 12:09:55] - Initializing ProtocolHandler ["http-nio-8080"]
[2023-10-07 12:09:55] - Starting service [Tomcat]
[2023-10-07 12:09:55] - Starting Servlet engine: [Apache Tomcat/10.1.12]
[2023-10-07 12:09:55] - Initializing Spring embedded WebApplicationContext
[2023-10-07 12:09:55] - Root WebApplicationContext: initialization completed in 941 ms
[2023-10-07 12:09:55] - HHH000204: Processing PersistenceUnitInfo [name: default]
[2023-10-07 12:09:55] - HHH000412: Hibernate ORM core version 6.2.7.Final
[2023-10-07 12:09:55] - HHH000406: Using bytecode reflection optimizer
[2023-10-07 12:09:55] - HHH000021: Bytecode provider name : bytebuddy
[2023-10-07 12:09:55] - No LoadTimeWeaver setup: ignoring JPA class transformer
[2023-10-07 12:09:55] - HikariPool-1 - Starting...
[2023-10-07 12:09:56] - HikariPool-1 - Added connection com.mysql.cj.jdbc.ConnectionImpl@69a73867
[2023-10-07 12:09:56] - HikariPool-1 - Start completed.
[2023-10-07 12:09:56] - HHH000021: Bytecode provider name : bytebuddy
[2023-10-07 12:09:56] - HHH000490: Using JtaPlatform implementation: [org.hibernate.engine.transaction.jta.platform.internal.NoJtaPlatform]
[2023-10-07 12:09:57] - Initialized JPA EntityManagerFactory for persistence unit 'default'
[2023-10-07 12:09:57] - error setting bots command List: Error executing org.telegram.telegrambots.meta.api.methods.commands.SetMyCommands query: [400] Bad Request: BOT_COMMAND_INVALID
[2023-10-07 12:09:57] - spring.jpa.open-in-view is enabled by default. Therefore, database queries may be performed during view rendering. Explicitly configure spring.jpa.open-in-view to disable this warning
[2023-10-07 12:09:57] - Starting ProtocolHandler ["http-nio-8080"]
[2023-10-07 12:09:57] - Tomcat started on port(s): 8080 (http) with context path ''
[2023-10-07 12:09:58] - Started App in 3.647 seconds (process running for 4.346)
[2023-10-07 12:10:19] - Repository safe user: DjTjapka
[2023-10-07 12:10:19] - Replied to User: Алекс
[2023-10-07 12:12:20] - Closing JPA EntityManagerFactory for persistence unit 'default'
[2023-10-07 12:12:20] - HikariPool-1 - Shutdown initiated...
[2023-10-07 12:12:20] - HikariPool-1 - Shutdown completed.
[2023-10-07 12:12:24] - Starting App using Java 17.0.8 with PID 12280 (F:\Java\qwest\target\classes started by tjapka in F:\Java\qwest)
[2023-10-07 12:12:24] - No active profile set, falling back to 1 default profile: "default"
[2023-10-07 12:12:25] - Bootstrapping Spring Data JPA repositories in DEFAULT mode.
[2023-10-07 12:12:25] - Finished Spring Data repository scanning in 34 ms. Found 1 JPA repository interfaces.
[2023-10-07 12:12:25] - Tomcat initialized with port(s): 8080 (http)
[2023-10-07 12:12:25] - Initializing ProtocolHandler ["http-nio-8080"]
[2023-10-07 12:12:25] - Starting service [Tomcat]
[2023-10-07 12:12:25] - Starting Servlet engine: [Apache Tomcat/10.1.12]
[2023-10-07 12:12:25] - Initializing Spring embedded WebApplicationContext
[2023-10-07 12:12:25] - Root WebApplicationContext: initialization completed in 958 ms
[2023-10-07 12:12:25] - HHH000204: Processing PersistenceUnitInfo [name: default]
[2023-10-07 12:12:25] - HHH000412: Hibernate ORM core version 6.2.7.Final
[2023-10-07 12:12:25] - HHH000406: Using bytecode reflection optimizer
[2023-10-07 12:12:25] - HHH000021: Bytecode provider name : bytebuddy
[2023-10-07 12:12:25] - No LoadTimeWeaver setup: ignoring JPA class transformer
[2023-10-07 12:12:25] - HikariPool-1 - Starting...
[2023-10-07 12:12:26] - HikariPool-1 - Added connection com.mysql.cj.jdbc.ConnectionImpl@749d7c01
[2023-10-07 12:12:26] - HikariPool-1 - Start completed.
[2023-10-07 12:12:26] - HHH000021: Bytecode provider name : bytebuddy
[2023-10-07 12:12:26] - HHH000490: Using JtaPlatform implementation: [org.hibernate.engine.transaction.jta.platform.internal.NoJtaPlatform]
[2023-10-07 12:12:27] - Initialized JPA EntityManagerFactory for persistence unit 'default'
[2023-10-07 12:12:27] - error setting bots command List: Error executing org.telegram.telegrambots.meta.api.methods.commands.SetMyCommands query: [400] Bad Request: BOT_COMMAND_INVALID
[2023-10-07 12:12:27] - spring.jpa.open-in-view is enabled by default. Therefore, database queries may be performed during view rendering. Explicitly configure spring.jpa.open-in-view to disable this warning
[2023-10-07 12:12:27] - Starting ProtocolHandler ["http-nio-8080"]
[2023-10-07 12:12:27] - Tomcat started on port(s): 8080 (http) with context path ''
[2023-10-07 12:12:28] - Started App in 3.665 seconds (process running for 4.352)
[2023-10-07 12:13:03] - Closing JPA EntityManagerFactory for persistence unit 'default'
[2023-10-07 12:13:03] - HikariPool-1 - Shutdown initiated...
[2023-10-07 12:13:03] - HikariPool-1 - Shutdown completed.
[2023-10-07 12:13:08] - Starting App using Java 17.0.8 with PID 18664 (F:\Java\qwest\target\classes started by tjapka in F:\Java\qwest)
[2023-10-07 12:13:08] - No active profile set, falling back to 1 default profile: "default"
[2023-10-07 12:13:08] - Bootstrapping Spring Data JPA repositories in DEFAULT mode.
[2023-10-07 12:13:08] - Finished Spring Data repository scanning in 34 ms. Found 1 JPA repository interfaces.
[2023-10-07 12:13:09] - Tomcat initialized with port(s): 8080 (http)
[2023-10-07 12:13:09] - Initializing ProtocolHandler ["http-nio-8080"]
[2023-10-07 12:13:09] - Starting service [Tomcat]
[2023-10-07 12:13:09] - Starting Servlet engine: [Apache Tomcat/10.1.12]
[2023-10-07 12:13:09] - Initializing Spring embedded WebApplicationContext
[2023-10-07 12:13:09] - Root WebApplicationContext: initialization completed in 944 ms
[2023-10-07 12:13:09] - HHH000204: Processing PersistenceUnitInfo [name: default]
[2023-10-07 12:13:09] - HHH000412: Hibernate ORM core version 6.2.7.Final
[2023-10-07 12:13:09] - HHH000406: Using bytecode reflection optimizer
[2023-10-07 12:13:09] - HHH000021: Bytecode provider name : bytebuddy
[2023-10-07 12:13:09] - No LoadTimeWeaver setup: ignoring JPA class transformer
[2023-10-07 12:13:09] - HikariPool-1 - Starting...
[2023-10-07 12:13:09] - HikariPool-1 - Added connection com.mysql.cj.jdbc.ConnectionImpl@749d7c01
[2023-10-07 12:13:09] - HikariPool-1 - Start completed.
[2023-10-07 12:13:10] - HHH000021: Bytecode provider name : bytebuddy
[2023-10-07 12:13:10] - HHH000490: Using JtaPlatform implementation: [org.hibernate.engine.transaction.jta.platform.internal.NoJtaPlatform]
[2023-10-07 12:13:10] - Initialized JPA EntityManagerFactory for persistence unit 'default'
[2023-10-07 12:13:10] - error setting bots command List: Error executing org.telegram.telegrambots.meta.api.methods.commands.SetMyCommands query: [400] Bad Request: BOT_COMMAND_INVALID
[2023-10-07 12:13:11] - spring.jpa.open-in-view is enabled by default. Therefore, database queries may be performed during view rendering. Explicitly configure spring.jpa.open-in-view to disable this warning
[2023-10-07 12:13:11] - Starting ProtocolHandler ["http-nio-8080"]
[2023-10-07 12:13:11] - Tomcat started on port(s): 8080 (http) with context path ''
[2023-10-07 12:13:11] - Started App in 3.6 seconds (process running for 4.29)
