[2023-10-07 12:32:54] - Closing JPA EntityManagerFactory for persistence unit 'default'
[2023-10-07 12:32:54] - HikariPool-1 - Shutdown initiated...
[2023-10-07 12:32:54] - HikariPool-1 - Shutdown completed.
[2023-10-07 12:33:00] - Starting App using Java 17.0.8 with PID 5432 (F:\Java\qwest\target\classes started by tjapka in F:\Java\qwest)
[2023-10-07 12:33:00] - No active profile set, falling back to 1 default profile: "default"
[2023-10-07 12:33:00] - Bootstrapping Spring Data JPA repositories in DEFAULT mode.
[2023-10-07 12:33:00] - Finished Spring Data repository scanning in 34 ms. Found 1 JPA repository interfaces.
[2023-10-07 12:33:01] - Tomcat initialized with port(s): 8080 (http)
[2023-10-07 12:33:01] - Initializing ProtocolHandler ["http-nio-8080"]
[2023-10-07 12:33:01] - Starting service [Tomcat]
[2023-10-07 12:33:01] - Starting Servlet engine: [Apache Tomcat/10.1.12]
[2023-10-07 12:33:01] - Initializing Spring embedded WebApplicationContext
[2023-10-07 12:33:01] - Root WebApplicationContext: initialization completed in 956 ms
[2023-10-07 12:33:01] - HHH000204: Processing PersistenceUnitInfo [name: default]
[2023-10-07 12:33:01] - HHH000412: Hibernate ORM core version 6.2.7.Final
[2023-10-07 12:33:01] - HHH000406: Using bytecode reflection optimizer
[2023-10-07 12:33:01] - HHH000021: Bytecode provider name : bytebuddy
[2023-10-07 12:33:01] - No LoadTimeWeaver setup: ignoring JPA class transformer
[2023-10-07 12:33:01] - HikariPool-1 - Starting...
[2023-10-07 12:33:01] - HikariPool-1 - Added connection com.mysql.cj.jdbc.ConnectionImpl@794cb26b
[2023-10-07 12:33:01] - HikariPool-1 - Start completed.
[2023-10-07 12:33:02] - HHH000021: Bytecode provider name : bytebuddy
[2023-10-07 12:33:02] - HHH000490: Using JtaPlatform implementation: [org.hibernate.engine.transaction.jta.platform.internal.NoJtaPlatform]
[2023-10-07 12:33:02] - Initialized JPA EntityManagerFactory for persistence unit 'default'
[2023-10-07 12:33:02] - error setting bots command List: Error executing org.telegram.telegrambots.meta.api.methods.commands.SetMyCommands query: [400] Bad Request: BOT_COMMAND_INVALID
[2023-10-07 12:33:03] - spring.jpa.open-in-view is enabled by default. Therefore, database queries may be performed during view rendering. Explicitly configure spring.jpa.open-in-view to disable this warning
[2023-10-07 12:33:03] - Starting ProtocolHandler ["http-nio-8080"]
[2023-10-07 12:33:03] - Tomcat started on port(s): 8080 (http) with context path ''
[2023-10-07 12:33:03] - Started App in 3.649 seconds (process running for 4.328)
[2023-10-07 12:33:15] - Repository safe user: DjTjapka
[2023-10-07 12:33:15] - Replied to User: Алекс
[2023-10-07 12:43:01] - Closing JPA EntityManagerFactory for persistence unit 'default'
[2023-10-07 12:43:01] - HikariPool-1 - Shutdown initiated...
[2023-10-07 12:43:01] - HikariPool-1 - Shutdown completed.
[2023-10-07 12:43:06] - Starting App using Java 17.0.8 with PID 12792 (F:\Java\qwest\target\classes started by tjapka in F:\Java\qwest)
[2023-10-07 12:43:06] - No active profile set, falling back to 1 default profile: "default"
[2023-10-07 12:43:06] - Bootstrapping Spring Data JPA repositories in DEFAULT mode.
[2023-10-07 12:43:06] - Finished Spring Data repository scanning in 34 ms. Found 1 JPA repository interfaces.
[2023-10-07 12:43:07] - Tomcat initialized with port(s): 8080 (http)
[2023-10-07 12:43:07] - Initializing ProtocolHandler ["http-nio-8080"]
[2023-10-07 12:43:07] - Starting service [Tomcat]
[2023-10-07 12:43:07] - Starting Servlet engine: [Apache Tomcat/10.1.12]
[2023-10-07 12:43:07] - Initializing Spring embedded WebApplicationContext
[2023-10-07 12:43:07] - Root WebApplicationContext: initialization completed in 948 ms
[2023-10-07 12:43:07] - HHH000204: Processing PersistenceUnitInfo [name: default]
[2023-10-07 12:43:07] - HHH000412: Hibernate ORM core version 6.2.7.Final
[2023-10-07 12:43:07] - HHH000406: Using bytecode reflection optimizer
[2023-10-07 12:43:07] - HHH000021: Bytecode provider name : bytebuddy
[2023-10-07 12:43:07] - No LoadTimeWeaver setup: ignoring JPA class transformer
[2023-10-07 12:43:07] - HikariPool-1 - Starting...
[2023-10-07 12:43:07] - HikariPool-1 - Added connection com.mysql.cj.jdbc.ConnectionImpl@f48a080
[2023-10-07 12:43:07] - HikariPool-1 - Start completed.
[2023-10-07 12:43:08] - HHH000021: Bytecode provider name : bytebuddy
[2023-10-07 12:43:08] - HHH000490: Using JtaPlatform implementation: [org.hibernate.engine.transaction.jta.platform.internal.NoJtaPlatform]
[2023-10-07 12:43:08] - Initialized JPA EntityManagerFactory for persistence unit 'default'
[2023-10-07 12:43:09] - error setting bots command List: Error executing org.telegram.telegrambots.meta.api.methods.commands.SetMyCommands query: [400] Bad Request: BOT_COMMAND_INVALID
[2023-10-07 12:43:09] - spring.jpa.open-in-view is enabled by default. Therefore, database queries may be performed during view rendering. Explicitly configure spring.jpa.open-in-view to disable this warning
[2023-10-07 12:43:09] - Starting ProtocolHandler ["http-nio-8080"]
[2023-10-07 12:43:09] - Tomcat started on port(s): 8080 (http) with context path ''
[2023-10-07 12:43:09] - Started App in 3.793 seconds (process running for 4.477)
[2023-10-07 12:44:01] - Closing JPA EntityManagerFactory for persistence unit 'default'
[2023-10-07 12:44:01] - HikariPool-1 - Shutdown initiated...
[2023-10-07 12:44:01] - HikariPool-1 - Shutdown completed.
[2023-10-07 12:44:06] - Starting App using Java 17.0.8 with PID 10776 (F:\Java\qwest\target\classes started by tjapka in F:\Java\qwest)
[2023-10-07 12:44:06] - No active profile set, falling back to 1 default profile: "default"
[2023-10-07 12:44:06] - Bootstrapping Spring Data JPA repositories in DEFAULT mode.
[2023-10-07 12:44:06] - Finished Spring Data repository scanning in 37 ms. Found 1 JPA repository interfaces.
[2023-10-07 12:44:07] - Tomcat initialized with port(s): 8080 (http)
[2023-10-07 12:44:07] - Initializing ProtocolHandler ["http-nio-8080"]
[2023-10-07 12:44:07] - Starting service [Tomcat]
[2023-10-07 12:44:07] - Starting Servlet engine: [Apache Tomcat/10.1.12]
[2023-10-07 12:44:07] - Initializing Spring embedded WebApplicationContext
[2023-10-07 12:44:07] - Root WebApplicationContext: initialization completed in 930 ms
[2023-10-07 12:44:07] - HHH000204: Processing PersistenceUnitInfo [name: default]
[2023-10-07 12:44:07] - HHH000412: Hibernate ORM core version 6.2.7.Final
[2023-10-07 12:44:07] - HHH000406: Using bytecode reflection optimizer
[2023-10-07 12:44:07] - HHH000021: Bytecode provider name : bytebuddy
[2023-10-07 12:44:07] - No LoadTimeWeaver setup: ignoring JPA class transformer
[2023-10-07 12:44:07] - HikariPool-1 - Starting...
[2023-10-07 12:44:07] - HikariPool-1 - Added connection com.mysql.cj.jdbc.ConnectionImpl@794cb26b
[2023-10-07 12:44:07] - HikariPool-1 - Start completed.
[2023-10-07 12:44:08] - HHH000021: Bytecode provider name : bytebuddy
[2023-10-07 12:44:08] - HHH000490: Using JtaPlatform implementation: [org.hibernate.engine.transaction.jta.platform.internal.NoJtaPlatform]
[2023-10-07 12:44:08] - Initialized JPA EntityManagerFactory for persistence unit 'default'
[2023-10-07 12:44:09] - error setting bots command List: Error executing org.telegram.telegrambots.meta.api.methods.commands.SetMyCommands query: [400] Bad Request: BOT_COMMAND_INVALID
[2023-10-07 12:44:09] - spring.jpa.open-in-view is enabled by default. Therefore, database queries may be performed during view rendering. Explicitly configure spring.jpa.open-in-view to disable this warning
[2023-10-07 12:44:09] - Starting ProtocolHandler ["http-nio-8080"]
[2023-10-07 12:44:09] - Tomcat started on port(s): 8080 (http) with context path ''
[2023-10-07 12:44:09] - Started App in 3.741 seconds (process running for 4.438)
[2023-10-07 12:54:29] - Closing JPA EntityManagerFactory for persistence unit 'default'
[2023-10-07 12:54:29] - HikariPool-1 - Shutdown initiated...
[2023-10-07 12:54:29] - HikariPool-1 - Shutdown completed.
[2023-10-07 12:54:35] - Starting App using Java 17.0.8 with PID 4060 (F:\Java\qwest\target\classes started by tjapka in F:\Java\qwest)
[2023-10-07 12:54:35] - No active profile set, falling back to 1 default profile: "default"
[2023-10-07 12:54:35] - Bootstrapping Spring Data JPA repositories in DEFAULT mode.
[2023-10-07 12:54:35] - Finished Spring Data repository scanning in 35 ms. Found 1 JPA repository interfaces.
[2023-10-07 12:54:35] - Tomcat initialized with port(s): 8080 (http)
[2023-10-07 12:54:35] - Initializing ProtocolHandler ["http-nio-8080"]
[2023-10-07 12:54:35] - Starting service [Tomcat]
[2023-10-07 12:54:35] - Starting Servlet engine: [Apache Tomcat/10.1.12]
[2023-10-07 12:54:36] - Initializing Spring embedded WebApplicationContext
[2023-10-07 12:54:36] - Root WebApplicationContext: initialization completed in 968 ms
[2023-10-07 12:54:36] - HHH000204: Processing PersistenceUnitInfo [name: default]
[2023-10-07 12:54:36] - HHH000412: Hibernate ORM core version 6.2.7.Final
[2023-10-07 12:54:36] - HHH000406: Using bytecode reflection optimizer
[2023-10-07 12:54:36] - HHH000021: Bytecode provider name : bytebuddy
[2023-10-07 12:54:36] - No LoadTimeWeaver setup: ignoring JPA class transformer
[2023-10-07 12:54:36] - HikariPool-1 - Starting...
[2023-10-07 12:54:36] - HikariPool-1 - Added connection com.mysql.cj.jdbc.ConnectionImpl@5f7cd50e
[2023-10-07 12:54:36] - HikariPool-1 - Start completed.
[2023-10-07 12:54:36] - HHH000021: Bytecode provider name : bytebuddy
[2023-10-07 12:54:37] - HHH000490: Using JtaPlatform implementation: [org.hibernate.engine.transaction.jta.platform.internal.NoJtaPlatform]
[2023-10-07 12:54:37] - Initialized JPA EntityManagerFactory for persistence unit 'default'
[2023-10-07 12:54:37] - error setting bots command List: Error executing org.telegram.telegrambots.meta.api.methods.commands.SetMyCommands query: [400] Bad Request: BOT_COMMAND_INVALID
[2023-10-07 12:54:37] - spring.jpa.open-in-view is enabled by default. Therefore, database queries may be performed during view rendering. Explicitly configure spring.jpa.open-in-view to disable this warning
[2023-10-07 12:54:38] - Starting ProtocolHandler ["http-nio-8080"]
[2023-10-07 12:54:38] - Tomcat started on port(s): 8080 (http) with context path ''
[2023-10-07 12:54:38] - Started App in 3.598 seconds (process running for 4.303)
