[2023-10-06 14:34:59] - Replied to User: Алекс
[2023-10-06 14:36:20] - Closing JPA EntityManagerFactory for persistence unit 'default'
[2023-10-06 14:36:20] - HikariPool-1 - Shutdown initiated...
[2023-10-06 14:36:20] - HikariPool-1 - Shutdown completed.
[2023-10-06 14:36:26] - Starting App using Java 17.0.8 with PID 3848 (F:\Java\qwest\target\classes started by tjapka in F:\Java\qwest)
[2023-10-06 14:36:26] - No active profile set, falling back to 1 default profile: "default"
[2023-10-06 14:36:26] - Bootstrapping Spring Data JPA repositories in DEFAULT mode.
[2023-10-06 14:36:26] - Finished Spring Data repository scanning in 35 ms. Found 1 JPA repository interfaces.
[2023-10-06 14:36:26] - Tomcat initialized with port(s): 8080 (http)
[2023-10-06 14:36:26] - Initializing ProtocolHandler ["http-nio-8080"]
[2023-10-06 14:36:26] - Starting service [Tomcat]
[2023-10-06 14:36:26] - Starting Servlet engine: [Apache Tomcat/10.1.12]
[2023-10-06 14:36:27] - Initializing Spring embedded WebApplicationContext
[2023-10-06 14:36:27] - Root WebApplicationContext: initialization completed in 960 ms
[2023-10-06 14:36:27] - HHH000204: Processing PersistenceUnitInfo [name: default]
[2023-10-06 14:36:27] - HHH000412: Hibernate ORM core version 6.2.7.Final
[2023-10-06 14:36:27] - HHH000406: Using bytecode reflection optimizer
[2023-10-06 14:36:27] - HHH000021: Bytecode provider name : bytebuddy
[2023-10-06 14:36:27] - No LoadTimeWeaver setup: ignoring JPA class transformer
[2023-10-06 14:36:27] - HikariPool-1 - Starting...
[2023-10-06 14:36:27] - HikariPool-1 - Added connection com.mysql.cj.jdbc.ConnectionImpl@69a73867
[2023-10-06 14:36:27] - HikariPool-1 - Start completed.
[2023-10-06 14:36:27] - HHH000021: Bytecode provider name : bytebuddy
[2023-10-06 14:36:28] - HHH000490: Using JtaPlatform implementation: [org.hibernate.engine.transaction.jta.platform.internal.NoJtaPlatform]
[2023-10-06 14:36:28] - Initialized JPA EntityManagerFactory for persistence unit 'default'
[2023-10-06 14:36:28] - spring.jpa.open-in-view is enabled by default. Therefore, database queries may be performed during view rendering. Explicitly configure spring.jpa.open-in-view to disable this warning
[2023-10-06 14:36:29] - Starting ProtocolHandler ["http-nio-8080"]
[2023-10-06 14:36:29] - Tomcat started on port(s): 8080 (http) with context path ''
[2023-10-06 14:36:29] - Started App in 3.675 seconds (process running for 4.396)
[2023-10-06 14:36:37] - Replied to User: Алекс
[2023-10-06 14:38:09] - Closing JPA EntityManagerFactory for persistence unit 'default'
[2023-10-06 14:38:09] - HikariPool-1 - Shutdown initiated...
[2023-10-06 14:38:09] - HikariPool-1 - Shutdown completed.
[2023-10-06 14:38:12] - Starting App using Java 17.0.8 with PID 3856 (F:\Java\qwest\target\classes started by tjapka in F:\Java\qwest)
[2023-10-06 14:38:12] - No active profile set, falling back to 1 default profile: "default"
[2023-10-06 14:38:13] - Bootstrapping Spring Data JPA repositories in DEFAULT mode.
[2023-10-06 14:38:13] - Finished Spring Data repository scanning in 39 ms. Found 1 JPA repository interfaces.
[2023-10-06 14:38:13] - Tomcat initialized with port(s): 8080 (http)
[2023-10-06 14:38:13] - Initializing ProtocolHandler ["http-nio-8080"]
[2023-10-06 14:38:13] - Starting service [Tomcat]
[2023-10-06 14:38:13] - Starting Servlet engine: [Apache Tomcat/10.1.12]
[2023-10-06 14:38:13] - Initializing Spring embedded WebApplicationContext
[2023-10-06 14:38:13] - Root WebApplicationContext: initialization completed in 1054 ms
[2023-10-06 14:38:13] - HHH000204: Processing PersistenceUnitInfo [name: default]
[2023-10-06 14:38:13] - HHH000412: Hibernate ORM core version 6.2.7.Final
[2023-10-06 14:38:13] - HHH000406: Using bytecode reflection optimizer
[2023-10-06 14:38:13] - HHH000021: Bytecode provider name : bytebuddy
[2023-10-06 14:38:14] - No LoadTimeWeaver setup: ignoring JPA class transformer
[2023-10-06 14:38:14] - HikariPool-1 - Starting...
[2023-10-06 14:38:14] - HikariPool-1 - Added connection com.mysql.cj.jdbc.ConnectionImpl@6f6c8d45
[2023-10-06 14:38:14] - HikariPool-1 - Start completed.
[2023-10-06 14:38:14] - HHH000021: Bytecode provider name : bytebuddy
[2023-10-06 14:38:15] - HHH000490: Using JtaPlatform implementation: [org.hibernate.engine.transaction.jta.platform.internal.NoJtaPlatform]
[2023-10-06 14:38:15] - Initialized JPA EntityManagerFactory for persistence unit 'default'
[2023-10-06 14:41:05] - HikariPool-1 - Thread starvation or clock leap detected (housekeeper delta=1m8s716ms92µs500ns).
[2023-10-06 14:41:05] - spring.jpa.open-in-view is enabled by default. Therefore, database queries may be performed during view rendering. Explicitly configure spring.jpa.open-in-view to disable this warning
[2023-10-06 14:41:05] - Tomcat started on port(s): 8080 (http) with context path ''
[2023-10-06 14:41:05] - Started App in 173.397 seconds (process running for 174.491)
[2023-10-06 14:41:05] - Closing JPA EntityManagerFactory for persistence unit 'default'
[2023-10-06 14:41:05] - HikariPool-1 - Shutdown initiated...
[2023-10-06 14:41:05] - HikariPool-1 - Shutdown completed.
[2023-10-06 14:41:10] - Starting App using Java 17.0.8 with PID 23032 (F:\Java\qwest\target\classes started by tjapka in F:\Java\qwest)
[2023-10-06 14:41:10] - No active profile set, falling back to 1 default profile: "default"
[2023-10-06 14:41:11] - Bootstrapping Spring Data JPA repositories in DEFAULT mode.
[2023-10-06 14:41:11] - Finished Spring Data repository scanning in 34 ms. Found 1 JPA repository interfaces.
[2023-10-06 14:41:11] - Tomcat initialized with port(s): 8080 (http)
[2023-10-06 14:41:11] - Initializing ProtocolHandler ["http-nio-8080"]
[2023-10-06 14:41:11] - Starting service [Tomcat]
[2023-10-06 14:41:11] - Starting Servlet engine: [Apache Tomcat/10.1.12]
[2023-10-06 14:41:11] - Initializing Spring embedded WebApplicationContext
[2023-10-06 14:41:11] - Root WebApplicationContext: initialization completed in 964 ms
[2023-10-06 14:41:11] - HHH000204: Processing PersistenceUnitInfo [name: default]
[2023-10-06 14:41:11] - HHH000412: Hibernate ORM core version 6.2.7.Final
[2023-10-06 14:41:11] - HHH000406: Using bytecode reflection optimizer
[2023-10-06 14:41:12] - HHH000021: Bytecode provider name : bytebuddy
[2023-10-06 14:41:12] - No LoadTimeWeaver setup: ignoring JPA class transformer
[2023-10-06 14:41:12] - HikariPool-1 - Starting...
[2023-10-06 14:41:12] - HikariPool-1 - Added connection com.mysql.cj.jdbc.ConnectionImpl@69a73867
[2023-10-06 14:41:12] - HikariPool-1 - Start completed.
[2023-10-06 14:41:12] - HHH000021: Bytecode provider name : bytebuddy
[2023-10-06 14:41:13] - HHH000490: Using JtaPlatform implementation: [org.hibernate.engine.transaction.jta.platform.internal.NoJtaPlatform]
[2023-10-06 14:41:13] - Initialized JPA EntityManagerFactory for persistence unit 'default'
[2023-10-06 14:41:13] - spring.jpa.open-in-view is enabled by default. Therefore, database queries may be performed during view rendering. Explicitly configure spring.jpa.open-in-view to disable this warning
[2023-10-06 14:41:14] - Starting ProtocolHandler ["http-nio-8080"]
[2023-10-06 14:41:14] - Tomcat started on port(s): 8080 (http) with context path ''
[2023-10-06 14:41:14] - Started App in 3.678 seconds (process running for 4.384)
[2023-10-06 14:41:14] - Replied to User: Алекс
[2023-10-06 14:44:57] - Closing JPA EntityManagerFactory for persistence unit 'default'
[2023-10-06 14:44:57] - HikariPool-1 - Shutdown initiated...
[2023-10-06 14:44:57] - HikariPool-1 - Shutdown completed.
[2023-10-06 14:45:01] - Starting App using Java 17.0.8 with PID 2628 (F:\Java\qwest\target\classes started by tjapka in F:\Java\qwest)
[2023-10-06 14:45:01] - No active profile set, falling back to 1 default profile: "default"
[2023-10-06 14:45:02] - Bootstrapping Spring Data JPA repositories in DEFAULT mode.
[2023-10-06 14:45:02] - Finished Spring Data repository scanning in 34 ms. Found 1 JPA repository interfaces.
[2023-10-06 14:45:02] - Tomcat initialized with port(s): 8080 (http)
[2023-10-06 14:45:02] - Initializing ProtocolHandler ["http-nio-8080"]
[2023-10-06 14:45:02] - Starting service [Tomcat]
[2023-10-06 14:45:02] - Starting Servlet engine: [Apache Tomcat/10.1.12]
[2023-10-06 14:45:02] - Initializing Spring embedded WebApplicationContext
[2023-10-06 14:45:02] - Root WebApplicationContext: initialization completed in 961 ms
[2023-10-06 14:45:03] - HHH000204: Processing PersistenceUnitInfo [name: default]
[2023-10-06 14:45:03] - HHH000412: Hibernate ORM core version 6.2.7.Final
[2023-10-06 14:45:03] - HHH000406: Using bytecode reflection optimizer
[2023-10-06 14:45:03] - HHH000021: Bytecode provider name : bytebuddy
[2023-10-06 14:45:03] - No LoadTimeWeaver setup: ignoring JPA class transformer
[2023-10-06 14:45:03] - HikariPool-1 - Starting...
[2023-10-06 14:45:03] - HikariPool-1 - Added connection com.mysql.cj.jdbc.ConnectionImpl@749d7c01
[2023-10-06 14:45:03] - HikariPool-1 - Start completed.
[2023-10-06 14:45:03] - HHH000021: Bytecode provider name : bytebuddy
[2023-10-06 14:45:04] - HHH000490: Using JtaPlatform implementation: [org.hibernate.engine.transaction.jta.platform.internal.NoJtaPlatform]
[2023-10-06 14:45:04] - Initialized JPA EntityManagerFactory for persistence unit 'default'
[2023-10-06 14:45:04] - spring.jpa.open-in-view is enabled by default. Therefore, database queries may be performed during view rendering. Explicitly configure spring.jpa.open-in-view to disable this warning
[2023-10-06 14:45:05] - Starting ProtocolHandler ["http-nio-8080"]
[2023-10-06 14:45:05] - Tomcat started on port(s): 8080 (http) with context path ''
[2023-10-06 14:45:05] - Started App in 3.608 seconds (process running for 4.332)
[2023-10-06 14:45:10] - Replied to User: Алекс
[2023-10-06 14:45:34] - Closing JPA EntityManagerFactory for persistence unit 'default'
[2023-10-06 14:45:34] - HikariPool-1 - Shutdown initiated...
[2023-10-06 14:45:34] - HikariPool-1 - Shutdown completed.
[2023-10-06 14:45:38] - Starting App using Java 17.0.8 with PID 5764 (F:\Java\qwest\target\classes started by tjapka in F:\Java\qwest)
[2023-10-06 14:45:38] - No active profile set, falling back to 1 default profile: "default"
[2023-10-06 14:45:38] - Bootstrapping Spring Data JPA repositories in DEFAULT mode.
[2023-10-06 14:45:38] - Finished Spring Data repository scanning in 34 ms. Found 1 JPA repository interfaces.
[2023-10-06 14:45:39] - Tomcat initialized with port(s): 8080 (http)
[2023-10-06 14:45:39] - Initializing ProtocolHandler ["http-nio-8080"]
[2023-10-06 14:45:39] - Starting service [Tomcat]
[2023-10-06 14:45:39] - Starting Servlet engine: [Apache Tomcat/10.1.12]
[2023-10-06 14:45:39] - Initializing Spring embedded WebApplicationContext
[2023-10-06 14:45:39] - Root WebApplicationContext: initialization completed in 946 ms
[2023-10-06 14:45:39] - HHH000204: Processing PersistenceUnitInfo [name: default]
[2023-10-06 14:45:39] - HHH000412: Hibernate ORM core version 6.2.7.Final
[2023-10-06 14:45:39] - HHH000406: Using bytecode reflection optimizer
[2023-10-06 14:45:39] - HHH000021: Bytecode provider name : bytebuddy
[2023-10-06 14:45:39] - No LoadTimeWeaver setup: ignoring JPA class transformer
[2023-10-06 14:45:39] - HikariPool-1 - Starting...
[2023-10-06 14:45:39] - HikariPool-1 - Added connection com.mysql.cj.jdbc.ConnectionImpl@69a73867
[2023-10-06 14:45:39] - HikariPool-1 - Start completed.
[2023-10-06 14:45:40] - HHH000021: Bytecode provider name : bytebuddy
[2023-10-06 14:45:40] - HHH000490: Using JtaPlatform implementation: [org.hibernate.engine.transaction.jta.platform.internal.NoJtaPlatform]
[2023-10-06 14:45:40] - Initialized JPA EntityManagerFactory for persistence unit 'default'
[2023-10-06 14:45:41] - spring.jpa.open-in-view is enabled by default. Therefore, database queries may be performed during view rendering. Explicitly configure spring.jpa.open-in-view to disable this warning
[2023-10-06 14:45:41] - Starting ProtocolHandler ["http-nio-8080"]
[2023-10-06 14:45:41] - Tomcat started on port(s): 8080 (http) with context path ''
[2023-10-06 14:45:41] - Started App in 3.628 seconds (process running for 4.343)
