[2023-10-07 18:49:39] - Starting App using Java 17.0.8 with PID 4640 (F:\Java\qwest\target\classes started by tjapka in F:\Java\qwest)
[2023-10-07 18:49:39] - No active profile set, falling back to 1 default profile: "default"
[2023-10-07 18:49:39] - Bootstrapping Spring Data JPA repositories in DEFAULT mode.
[2023-10-07 18:49:40] - Finished Spring Data repository scanning in 33 ms. Found 1 JPA repository interfaces.
[2023-10-07 18:49:40] - Tomcat initialized with port(s): 8080 (http)
[2023-10-07 18:49:40] - Initializing ProtocolHandler ["http-nio-8080"]
[2023-10-07 18:49:40] - Starting service [Tomcat]
[2023-10-07 18:49:40] - Starting Servlet engine: [Apache Tomcat/10.1.12]
[2023-10-07 18:49:40] - Initializing Spring embedded WebApplicationContext
[2023-10-07 18:49:40] - Root WebApplicationContext: initialization completed in 929 ms
[2023-10-07 18:49:40] - HHH000204: Processing PersistenceUnitInfo [name: default]
[2023-10-07 18:49:40] - HHH000412: Hibernate ORM core version 6.2.7.Final
[2023-10-07 18:49:40] - HHH000406: Using bytecode reflection optimizer
[2023-10-07 18:49:40] - HHH000021: Bytecode provider name : bytebuddy
[2023-10-07 18:49:40] - No LoadTimeWeaver setup: ignoring JPA class transformer
[2023-10-07 18:49:40] - HikariPool-1 - Starting...
[2023-10-07 18:49:41] - HikariPool-1 - Added connection com.mysql.cj.jdbc.ConnectionImpl@7e1d8d41
[2023-10-07 18:49:41] - HikariPool-1 - Start completed.
[2023-10-07 18:49:41] - HHH000021: Bytecode provider name : bytebuddy
[2023-10-07 18:49:41] - HHH000490: Using JtaPlatform implementation: [org.hibernate.engine.transaction.jta.platform.internal.NoJtaPlatform]
[2023-10-07 18:49:41] - Initialized JPA EntityManagerFactory for persistence unit 'default'
[2023-10-07 18:49:44] - error setting bots command List: Error executing org.telegram.telegrambots.meta.api.methods.commands.SetMyCommands query: [400] Bad Request: BOT_COMMAND_INVALID
[2023-10-07 18:49:44] - spring.jpa.open-in-view is enabled by default. Therefore, database queries may be performed during view rendering. Explicitly configure spring.jpa.open-in-view to disable this warning
[2023-10-07 18:49:45] - Starting ProtocolHandler ["http-nio-8080"]
[2023-10-07 18:49:45] - Tomcat started on port(s): 8080 (http) with context path ''
[2023-10-07 18:49:45] - Started App in 6.195 seconds (process running for 6.885)
[2023-10-07 18:49:53] - Replied to User: Алекс
[2023-10-07 18:50:06] - Closing JPA EntityManagerFactory for persistence unit 'default'
[2023-10-07 18:50:06] - HikariPool-1 - Shutdown initiated...
[2023-10-07 18:50:06] - HikariPool-1 - Shutdown completed.
[2023-10-07 18:50:18] - Starting App using Java 17.0.8 with PID 21320 (F:\Java\qwest\target\classes started by tjapka in F:\Java\qwest)
[2023-10-07 18:50:18] - No active profile set, falling back to 1 default profile: "default"
[2023-10-07 18:50:19] - Bootstrapping Spring Data JPA repositories in DEFAULT mode.
[2023-10-07 18:50:19] - Finished Spring Data repository scanning in 34 ms. Found 1 JPA repository interfaces.
[2023-10-07 18:50:19] - Tomcat initialized with port(s): 8080 (http)
[2023-10-07 18:50:19] - Initializing ProtocolHandler ["http-nio-8080"]
[2023-10-07 18:50:19] - Starting service [Tomcat]
[2023-10-07 18:50:19] - Starting Servlet engine: [Apache Tomcat/10.1.12]
[2023-10-07 18:50:19] - Initializing Spring embedded WebApplicationContext
[2023-10-07 18:50:19] - Root WebApplicationContext: initialization completed in 944 ms
[2023-10-07 18:50:19] - HHH000204: Processing PersistenceUnitInfo [name: default]
[2023-10-07 18:50:19] - HHH000412: Hibernate ORM core version 6.2.7.Final
[2023-10-07 18:50:19] - HHH000406: Using bytecode reflection optimizer
[2023-10-07 18:50:19] - HHH000021: Bytecode provider name : bytebuddy
[2023-10-07 18:50:20] - No LoadTimeWeaver setup: ignoring JPA class transformer
[2023-10-07 18:50:20] - HikariPool-1 - Starting...
[2023-10-07 18:50:20] - HikariPool-1 - Added connection com.mysql.cj.jdbc.ConnectionImpl@749d7c01
[2023-10-07 18:50:20] - HikariPool-1 - Start completed.
[2023-10-07 18:50:20] - HHH000021: Bytecode provider name : bytebuddy
[2023-10-07 18:50:21] - HHH000490: Using JtaPlatform implementation: [org.hibernate.engine.transaction.jta.platform.internal.NoJtaPlatform]
[2023-10-07 18:50:21] - Initialized JPA EntityManagerFactory for persistence unit 'default'
[2023-10-07 18:50:21] - error setting bots command List: Error executing org.telegram.telegrambots.meta.api.methods.commands.SetMyCommands query: [400] Bad Request: BOT_COMMAND_INVALID
[2023-10-07 18:50:21] - spring.jpa.open-in-view is enabled by default. Therefore, database queries may be performed during view rendering. Explicitly configure spring.jpa.open-in-view to disable this warning
[2023-10-07 18:50:22] - Starting ProtocolHandler ["http-nio-8080"]
[2023-10-07 18:50:22] - Tomcat started on port(s): 8080 (http) with context path ''
[2023-10-07 18:50:22] - Started App in 3.672 seconds (process running for 4.355)
[2023-10-07 18:50:36] - Replied to User: Алекс
[2023-10-07 18:52:16] - Index 4 out of bounds for length 4
java.lang.ArrayIndexOutOfBoundsException: Index 4 out of bounds for length 4
	at com.tele.qwest.service.TelegramBot.checking(TelegramBot.java:125)
	at com.tele.qwest.service.TelegramBot.onUpdateReceived(TelegramBot.java:118)
	at java.base/java.util.ArrayList.forEach(ArrayList.java:1511)
	at org.telegram.telegrambots.meta.generics.LongPollingBot.onUpdatesReceived(LongPollingBot.java:27)
	at org.telegram.telegrambots.updatesreceivers.DefaultBotSession$HandlerThread.run(DefaultBotSession.java:317)
[2023-10-07 18:56:43] - Closing JPA EntityManagerFactory for persistence unit 'default'
[2023-10-07 18:56:43] - HikariPool-1 - Shutdown initiated...
[2023-10-07 18:56:43] - HikariPool-1 - Shutdown completed.
[2023-10-07 18:56:48] - Starting App using Java 17.0.8 with PID 8820 (F:\Java\qwest\target\classes started by tjapka in F:\Java\qwest)
[2023-10-07 18:56:48] - No active profile set, falling back to 1 default profile: "default"
[2023-10-07 18:56:48] - Bootstrapping Spring Data JPA repositories in DEFAULT mode.
[2023-10-07 18:56:48] - Finished Spring Data repository scanning in 33 ms. Found 1 JPA repository interfaces.
[2023-10-07 18:56:49] - Tomcat initialized with port(s): 8080 (http)
[2023-10-07 18:56:49] - Initializing ProtocolHandler ["http-nio-8080"]
[2023-10-07 18:56:49] - Starting service [Tomcat]
[2023-10-07 18:56:49] - Starting Servlet engine: [Apache Tomcat/10.1.12]
[2023-10-07 18:56:49] - Initializing Spring embedded WebApplicationContext
[2023-10-07 18:56:49] - Root WebApplicationContext: initialization completed in 927 ms
[2023-10-07 18:56:49] - HHH000204: Processing PersistenceUnitInfo [name: default]
[2023-10-07 18:56:49] - HHH000412: Hibernate ORM core version 6.2.7.Final
[2023-10-07 18:56:49] - HHH000406: Using bytecode reflection optimizer
[2023-10-07 18:56:49] - HHH000021: Bytecode provider name : bytebuddy
[2023-10-07 18:56:49] - No LoadTimeWeaver setup: ignoring JPA class transformer
[2023-10-07 18:56:49] - HikariPool-1 - Starting...
[2023-10-07 18:56:49] - HikariPool-1 - Added connection com.mysql.cj.jdbc.ConnectionImpl@794cb26b
[2023-10-07 18:56:49] - HikariPool-1 - Start completed.
[2023-10-07 18:56:49] - HHH000021: Bytecode provider name : bytebuddy
[2023-10-07 18:56:50] - HHH000490: Using JtaPlatform implementation: [org.hibernate.engine.transaction.jta.platform.internal.NoJtaPlatform]
[2023-10-07 18:56:50] - Initialized JPA EntityManagerFactory for persistence unit 'default'
[2023-10-07 18:56:50] - error setting bots command List: Error executing org.telegram.telegrambots.meta.api.methods.commands.SetMyCommands query: [400] Bad Request: BOT_COMMAND_INVALID
[2023-10-07 18:56:51] - spring.jpa.open-in-view is enabled by default. Therefore, database queries may be performed during view rendering. Explicitly configure spring.jpa.open-in-view to disable this warning
[2023-10-07 18:56:51] - Starting ProtocolHandler ["http-nio-8080"]
[2023-10-07 18:56:51] - Tomcat started on port(s): 8080 (http) with context path ''
[2023-10-07 18:56:51] - Started App in 3.63 seconds (process running for 4.32)
[2023-10-07 18:58:20] - Closing JPA EntityManagerFactory for persistence unit 'default'
[2023-10-07 18:58:20] - HikariPool-1 - Shutdown initiated...
[2023-10-07 18:58:20] - HikariPool-1 - Shutdown completed.
[2023-10-07 18:58:24] - Starting App using Java 17.0.8 with PID 24028 (F:\Java\qwest\target\classes started by tjapka in F:\Java\qwest)
[2023-10-07 18:58:24] - No active profile set, falling back to 1 default profile: "default"
[2023-10-07 18:58:24] - Bootstrapping Spring Data JPA repositories in DEFAULT mode.
[2023-10-07 18:58:24] - Finished Spring Data repository scanning in 35 ms. Found 1 JPA repository interfaces.
[2023-10-07 18:58:24] - Tomcat initialized with port(s): 8080 (http)
[2023-10-07 18:58:24] - Initializing ProtocolHandler ["http-nio-8080"]
[2023-10-07 18:58:24] - Starting service [Tomcat]
[2023-10-07 18:58:24] - Starting Servlet engine: [Apache Tomcat/10.1.12]
[2023-10-07 18:58:25] - Initializing Spring embedded WebApplicationContext
[2023-10-07 18:58:25] - Root WebApplicationContext: initialization completed in 926 ms
[2023-10-07 18:58:25] - HHH000204: Processing PersistenceUnitInfo [name: default]
[2023-10-07 18:58:25] - HHH000412: Hibernate ORM core version 6.2.7.Final
[2023-10-07 18:58:25] - HHH000406: Using bytecode reflection optimizer
[2023-10-07 18:58:25] - HHH000021: Bytecode provider name : bytebuddy
[2023-10-07 18:58:25] - No LoadTimeWeaver setup: ignoring JPA class transformer
[2023-10-07 18:58:25] - HikariPool-1 - Starting...
[2023-10-07 18:58:25] - HikariPool-1 - Added connection com.mysql.cj.jdbc.ConnectionImpl@749d7c01
[2023-10-07 18:58:25] - HikariPool-1 - Start completed.
[2023-10-07 18:58:25] - HHH000021: Bytecode provider name : bytebuddy
[2023-10-07 18:58:26] - HHH000490: Using JtaPlatform implementation: [org.hibernate.engine.transaction.jta.platform.internal.NoJtaPlatform]
[2023-10-07 18:58:26] - Initialized JPA EntityManagerFactory for persistence unit 'default'
[2023-10-07 18:58:26] - error setting bots command List: Error executing org.telegram.telegrambots.meta.api.methods.commands.SetMyCommands query: [400] Bad Request: BOT_COMMAND_INVALID
[2023-10-07 18:58:26] - spring.jpa.open-in-view is enabled by default. Therefore, database queries may be performed during view rendering. Explicitly configure spring.jpa.open-in-view to disable this warning
[2023-10-07 18:58:27] - Starting ProtocolHandler ["http-nio-8080"]
[2023-10-07 18:58:27] - Tomcat started on port(s): 8080 (http) with context path ''
[2023-10-07 18:58:27] - Started App in 3.613 seconds (process running for 4.298)
