[2023-10-06 17:30:26] - Index 4 out of bounds for length 4
java.lang.ArrayIndexOutOfBoundsException: Index 4 out of bounds for length 4
	at com.tele.qwest.service.TelegramBot.getQuestion(TelegramBot.java:151)
	at com.tele.qwest.service.TelegramBot.onUpdateReceived(TelegramBot.java:103)
	at java.base/java.util.ArrayList.forEach(ArrayList.java:1511)
	at org.telegram.telegrambots.meta.generics.LongPollingBot.onUpdatesReceived(LongPollingBot.java:27)
	at org.telegram.telegrambots.updatesreceivers.DefaultBotSession$HandlerThread.run(DefaultBotSession.java:317)
[2023-10-06 17:30:44] - Index 4 out of bounds for length 4
java.lang.ArrayIndexOutOfBoundsException: Index 4 out of bounds for length 4
	at com.tele.qwest.service.TelegramBot.checking(TelegramBot.java:137)
	at com.tele.qwest.service.TelegramBot.onUpdateReceived(TelegramBot.java:112)
	at java.base/java.util.ArrayList.forEach(ArrayList.java:1511)
	at org.telegram.telegrambots.meta.generics.LongPollingBot.onUpdatesReceived(LongPollingBot.java:27)
	at org.telegram.telegrambots.updatesreceivers.DefaultBotSession$HandlerThread.run(DefaultBotSession.java:317)
[2023-10-06 17:31:32] - Index 4 out of bounds for length 4
java.lang.ArrayIndexOutOfBoundsException: Index 4 out of bounds for length 4
	at com.tele.qwest.service.TelegramBot.getQuestion(TelegramBot.java:151)
	at com.tele.qwest.service.TelegramBot.checking(TelegramBot.java:141)
	at com.tele.qwest.service.TelegramBot.onUpdateReceived(TelegramBot.java:112)
	at java.base/java.util.ArrayList.forEach(ArrayList.java:1511)
	at org.telegram.telegrambots.meta.generics.LongPollingBot.onUpdatesReceived(LongPollingBot.java:27)
	at org.telegram.telegrambots.updatesreceivers.DefaultBotSession$HandlerThread.run(DefaultBotSession.java:317)
[2023-10-06 17:32:00] - Index 4 out of bounds for length 4
java.lang.ArrayIndexOutOfBoundsException: Index 4 out of bounds for length 4
	at com.tele.qwest.service.TelegramBot.getQuestion(TelegramBot.java:151)
	at com.tele.qwest.service.TelegramBot.onUpdateReceived(TelegramBot.java:103)
	at java.base/java.util.ArrayList.forEach(ArrayList.java:1511)
	at org.telegram.telegrambots.meta.generics.LongPollingBot.onUpdatesReceived(LongPollingBot.java:27)
	at org.telegram.telegrambots.updatesreceivers.DefaultBotSession$HandlerThread.run(DefaultBotSession.java:317)
[2023-10-06 17:32:04] - Index 4 out of bounds for length 4
java.lang.ArrayIndexOutOfBoundsException: Index 4 out of bounds for length 4
	at com.tele.qwest.service.TelegramBot.checking(TelegramBot.java:137)
	at com.tele.qwest.service.TelegramBot.onUpdateReceived(TelegramBot.java:112)
	at java.base/java.util.ArrayList.forEach(ArrayList.java:1511)
	at org.telegram.telegrambots.meta.generics.LongPollingBot.onUpdatesReceived(LongPollingBot.java:27)
	at org.telegram.telegrambots.updatesreceivers.DefaultBotSession$HandlerThread.run(DefaultBotSession.java:317)
[2023-10-06 17:33:01] - Closing JPA EntityManagerFactory for persistence unit 'default'
[2023-10-06 17:33:01] - HikariPool-1 - Shutdown initiated...
[2023-10-06 17:33:01] - HikariPool-1 - Shutdown completed.
[2023-10-06 17:33:06] - Starting App using Java 17.0.8 with PID 2784 (F:\Java\qwest\target\classes started by tjapka in F:\Java\qwest)
[2023-10-06 17:33:06] - No active profile set, falling back to 1 default profile: "default"
[2023-10-06 17:33:07] - Bootstrapping Spring Data JPA repositories in DEFAULT mode.
[2023-10-06 17:33:07] - Finished Spring Data repository scanning in 34 ms. Found 1 JPA repository interfaces.
[2023-10-06 17:33:07] - Tomcat initialized with port(s): 8080 (http)
[2023-10-06 17:33:07] - Initializing ProtocolHandler ["http-nio-8080"]
[2023-10-06 17:33:07] - Starting service [Tomcat]
[2023-10-06 17:33:07] - Starting Servlet engine: [Apache Tomcat/10.1.12]
[2023-10-06 17:33:07] - Initializing Spring embedded WebApplicationContext
[2023-10-06 17:33:07] - Root WebApplicationContext: initialization completed in 985 ms
[2023-10-06 17:33:07] - HHH000204: Processing PersistenceUnitInfo [name: default]
[2023-10-06 17:33:07] - HHH000412: Hibernate ORM core version 6.2.7.Final
[2023-10-06 17:33:07] - HHH000406: Using bytecode reflection optimizer
[2023-10-06 17:33:08] - HHH000021: Bytecode provider name : bytebuddy
[2023-10-06 17:33:08] - No LoadTimeWeaver setup: ignoring JPA class transformer
[2023-10-06 17:33:08] - HikariPool-1 - Starting...
[2023-10-06 17:33:08] - HikariPool-1 - Added connection com.mysql.cj.jdbc.ConnectionImpl@749d7c01
[2023-10-06 17:33:08] - HikariPool-1 - Start completed.
[2023-10-06 17:33:08] - HHH000021: Bytecode provider name : bytebuddy
[2023-10-06 17:33:09] - HHH000490: Using JtaPlatform implementation: [org.hibernate.engine.transaction.jta.platform.internal.NoJtaPlatform]
[2023-10-06 17:33:09] - Initialized JPA EntityManagerFactory for persistence unit 'default'
[2023-10-06 17:33:09] - error setting bots command List: Error executing org.telegram.telegrambots.meta.api.methods.commands.SetMyCommands query: [400] Bad Request: BOT_COMMAND_INVALID
[2023-10-06 17:33:09] - spring.jpa.open-in-view is enabled by default. Therefore, database queries may be performed during view rendering. Explicitly configure spring.jpa.open-in-view to disable this warning
[2023-10-06 17:33:10] - Starting ProtocolHandler ["http-nio-8080"]
[2023-10-06 17:33:10] - Tomcat started on port(s): 8080 (http) with context path ''
[2023-10-06 17:33:10] - Started App in 3.621 seconds (process running for 4.307)
[2023-10-06 17:34:00] - Index 4 out of bounds for length 4
java.lang.ArrayIndexOutOfBoundsException: Index 4 out of bounds for length 4
	at com.tele.qwest.service.TelegramBot.getQuestion(TelegramBot.java:155)
	at com.tele.qwest.service.TelegramBot.checking(TelegramBot.java:141)
	at com.tele.qwest.service.TelegramBot.onUpdateReceived(TelegramBot.java:112)
	at java.base/java.util.ArrayList.forEach(ArrayList.java:1511)
	at org.telegram.telegrambots.meta.generics.LongPollingBot.onUpdatesReceived(LongPollingBot.java:27)
	at org.telegram.telegrambots.updatesreceivers.DefaultBotSession$HandlerThread.run(DefaultBotSession.java:317)
[2023-10-06 17:35:06] - Closing JPA EntityManagerFactory for persistence unit 'default'
[2023-10-06 17:35:06] - HikariPool-1 - Shutdown initiated...
[2023-10-06 17:35:06] - HikariPool-1 - Shutdown completed.
[2023-10-06 17:35:14] - Starting App using Java 17.0.8 with PID 19132 (F:\Java\qwest\target\classes started by tjapka in F:\Java\qwest)
[2023-10-06 17:35:14] - No active profile set, falling back to 1 default profile: "default"
[2023-10-06 17:35:14] - Bootstrapping Spring Data JPA repositories in DEFAULT mode.
[2023-10-06 17:35:14] - Finished Spring Data repository scanning in 34 ms. Found 1 JPA repository interfaces.
[2023-10-06 17:35:15] - Tomcat initialized with port(s): 8080 (http)
[2023-10-06 17:35:15] - Initializing ProtocolHandler ["http-nio-8080"]
[2023-10-06 17:35:15] - Starting service [Tomcat]
[2023-10-06 17:35:15] - Starting Servlet engine: [Apache Tomcat/10.1.12]
[2023-10-06 17:35:15] - Initializing Spring embedded WebApplicationContext
[2023-10-06 17:35:15] - Root WebApplicationContext: initialization completed in 976 ms
[2023-10-06 17:35:15] - HHH000204: Processing PersistenceUnitInfo [name: default]
[2023-10-06 17:35:15] - HHH000412: Hibernate ORM core version 6.2.7.Final
[2023-10-06 17:35:15] - HHH000406: Using bytecode reflection optimizer
[2023-10-06 17:35:15] - HHH000021: Bytecode provider name : bytebuddy
[2023-10-06 17:35:15] - No LoadTimeWeaver setup: ignoring JPA class transformer
[2023-10-06 17:35:15] - HikariPool-1 - Starting...
[2023-10-06 17:35:15] - HikariPool-1 - Added connection com.mysql.cj.jdbc.ConnectionImpl@749d7c01
[2023-10-06 17:35:15] - HikariPool-1 - Start completed.
[2023-10-06 17:35:16] - HHH000021: Bytecode provider name : bytebuddy
[2023-10-06 17:35:16] - HHH000490: Using JtaPlatform implementation: [org.hibernate.engine.transaction.jta.platform.internal.NoJtaPlatform]
[2023-10-06 17:35:16] - Initialized JPA EntityManagerFactory for persistence unit 'default'
[2023-10-06 17:35:17] - error setting bots command List: Error executing org.telegram.telegrambots.meta.api.methods.commands.SetMyCommands query: [400] Bad Request: BOT_COMMAND_INVALID
[2023-10-06 17:35:17] - spring.jpa.open-in-view is enabled by default. Therefore, database queries may be performed during view rendering. Explicitly configure spring.jpa.open-in-view to disable this warning
[2023-10-06 17:35:17] - Starting ProtocolHandler ["http-nio-8080"]
[2023-10-06 17:35:17] - Tomcat started on port(s): 8080 (http) with context path ''
[2023-10-06 17:35:17] - Started App in 3.749 seconds (process running for 4.443)
[2023-10-06 17:35:22] - Index 4 out of bounds for length 4
java.lang.ArrayIndexOutOfBoundsException: Index 4 out of bounds for length 4
	at com.tele.qwest.service.TelegramBot.getQuestion(TelegramBot.java:155)
	at com.tele.qwest.service.TelegramBot.onUpdateReceived(TelegramBot.java:103)
	at java.base/java.util.ArrayList.forEach(ArrayList.java:1511)
	at org.telegram.telegrambots.meta.generics.LongPollingBot.onUpdatesReceived(LongPollingBot.java:27)
	at org.telegram.telegrambots.updatesreceivers.DefaultBotSession$HandlerThread.run(DefaultBotSession.java:317)
[2023-10-06 17:36:18] - Closing JPA EntityManagerFactory for persistence unit 'default'
[2023-10-06 17:36:18] - HikariPool-1 - Shutdown initiated...
[2023-10-06 17:36:18] - HikariPool-1 - Shutdown completed.
[2023-10-06 17:36:22] - Starting App using Java 17.0.8 with PID 24532 (F:\Java\qwest\target\classes started by tjapka in F:\Java\qwest)
[2023-10-06 17:36:22] - No active profile set, falling back to 1 default profile: "default"
[2023-10-06 17:36:22] - Bootstrapping Spring Data JPA repositories in DEFAULT mode.
[2023-10-06 17:36:22] - Finished Spring Data repository scanning in 35 ms. Found 1 JPA repository interfaces.
[2023-10-06 17:36:23] - Tomcat initialized with port(s): 8080 (http)
[2023-10-06 17:36:23] - Initializing ProtocolHandler ["http-nio-8080"]
[2023-10-06 17:36:23] - Starting service [Tomcat]
[2023-10-06 17:36:23] - Starting Servlet engine: [Apache Tomcat/10.1.12]
[2023-10-06 17:36:23] - Initializing Spring embedded WebApplicationContext
[2023-10-06 17:36:23] - Root WebApplicationContext: initialization completed in 967 ms
[2023-10-06 17:36:23] - HHH000204: Processing PersistenceUnitInfo [name: default]
[2023-10-06 17:36:23] - HHH000412: Hibernate ORM core version 6.2.7.Final
[2023-10-06 17:36:23] - HHH000406: Using bytecode reflection optimizer
[2023-10-06 17:36:23] - HHH000021: Bytecode provider name : bytebuddy
[2023-10-06 17:36:23] - No LoadTimeWeaver setup: ignoring JPA class transformer
[2023-10-06 17:36:23] - HikariPool-1 - Starting...
[2023-10-06 17:36:24] - HikariPool-1 - Added connection com.mysql.cj.jdbc.ConnectionImpl@749d7c01
[2023-10-06 17:36:24] - HikariPool-1 - Start completed.
[2023-10-06 17:36:24] - HHH000021: Bytecode provider name : bytebuddy
[2023-10-06 17:36:24] - HHH000490: Using JtaPlatform implementation: [org.hibernate.engine.transaction.jta.platform.internal.NoJtaPlatform]
[2023-10-06 17:36:24] - Initialized JPA EntityManagerFactory for persistence unit 'default'
[2023-10-06 17:36:25] - error setting bots command List: Error executing org.telegram.telegrambots.meta.api.methods.commands.SetMyCommands query: [400] Bad Request: BOT_COMMAND_INVALID
[2023-10-06 17:36:25] - spring.jpa.open-in-view is enabled by default. Therefore, database queries may be performed during view rendering. Explicitly configure spring.jpa.open-in-view to disable this warning
[2023-10-06 17:36:25] - Starting ProtocolHandler ["http-nio-8080"]
[2023-10-06 17:36:25] - Tomcat started on port(s): 8080 (http) with context path ''
[2023-10-06 17:36:25] - Started App in 3.654 seconds (process running for 4.349)
