[2023-10-07 14:56:11] - Closing JPA EntityManagerFactory for persistence unit 'default'
[2023-10-07 14:56:11] - HikariPool-1 - Shutdown initiated...
[2023-10-07 14:56:11] - HikariPool-1 - Shutdown completed.
[2023-10-07 14:56:27] - Starting App using Java 17.0.8 with PID 6580 (F:\Java\qwest\target\classes started by tjapka in F:\Java\qwest)
[2023-10-07 14:56:27] - No active profile set, falling back to 1 default profile: "default"
[2023-10-07 14:56:27] - Bootstrapping Spring Data JPA repositories in DEFAULT mode.
[2023-10-07 14:56:27] - Finished Spring Data repository scanning in 34 ms. Found 1 JPA repository interfaces.
[2023-10-07 14:56:28] - Tomcat initialized with port(s): 8080 (http)
[2023-10-07 14:56:28] - Initializing ProtocolHandler ["http-nio-8080"]
[2023-10-07 14:56:28] - Starting service [Tomcat]
[2023-10-07 14:56:28] - Starting Servlet engine: [Apache Tomcat/10.1.12]
[2023-10-07 14:56:28] - Initializing Spring embedded WebApplicationContext
[2023-10-07 14:56:28] - Root WebApplicationContext: initialization completed in 951 ms
[2023-10-07 14:56:28] - HHH000204: Processing PersistenceUnitInfo [name: default]
[2023-10-07 14:56:28] - HHH000412: Hibernate ORM core version 6.2.7.Final
[2023-10-07 14:56:28] - HHH000406: Using bytecode reflection optimizer
[2023-10-07 14:56:28] - HHH000021: Bytecode provider name : bytebuddy
[2023-10-07 14:56:28] - No LoadTimeWeaver setup: ignoring JPA class transformer
[2023-10-07 14:56:28] - HikariPool-1 - Starting...
[2023-10-07 14:56:29] - HikariPool-1 - Added connection com.mysql.cj.jdbc.ConnectionImpl@749d7c01
[2023-10-07 14:56:29] - HikariPool-1 - Start completed.
[2023-10-07 14:56:29] - HHH000021: Bytecode provider name : bytebuddy
[2023-10-07 14:56:29] - HHH000490: Using JtaPlatform implementation: [org.hibernate.engine.transaction.jta.platform.internal.NoJtaPlatform]
[2023-10-07 14:56:29] - Initialized JPA EntityManagerFactory for persistence unit 'default'
[2023-10-07 14:56:30] - error setting bots command List: Error executing org.telegram.telegrambots.meta.api.methods.commands.SetMyCommands query: [400] Bad Request: BOT_COMMAND_INVALID
[2023-10-07 14:56:30] - spring.jpa.open-in-view is enabled by default. Therefore, database queries may be performed during view rendering. Explicitly configure spring.jpa.open-in-view to disable this warning
[2023-10-07 14:56:30] - Starting ProtocolHandler ["http-nio-8080"]
[2023-10-07 14:56:30] - Tomcat started on port(s): 8080 (http) with context path ''
[2023-10-07 14:56:30] - Started App in 3.654 seconds (process running for 4.347)
[2023-10-07 14:56:45] - Closing JPA EntityManagerFactory for persistence unit 'default'
[2023-10-07 14:56:45] - HikariPool-1 - Shutdown initiated...
[2023-10-07 14:56:45] - HikariPool-1 - Shutdown completed.
[2023-10-07 15:00:00] - Starting App using Java 17.0.8 with PID 24544 (F:\Java\qwest\target\classes started by tjapka in F:\Java\qwest)
[2023-10-07 15:00:00] - No active profile set, falling back to 1 default profile: "default"
[2023-10-07 15:00:00] - Bootstrapping Spring Data JPA repositories in DEFAULT mode.
[2023-10-07 15:00:00] - Finished Spring Data repository scanning in 35 ms. Found 1 JPA repository interfaces.
[2023-10-07 15:00:01] - Tomcat initialized with port(s): 8080 (http)
[2023-10-07 15:00:01] - Initializing ProtocolHandler ["http-nio-8080"]
[2023-10-07 15:00:01] - Starting service [Tomcat]
[2023-10-07 15:00:01] - Starting Servlet engine: [Apache Tomcat/10.1.12]
[2023-10-07 15:00:01] - Initializing Spring embedded WebApplicationContext
[2023-10-07 15:00:01] - Root WebApplicationContext: initialization completed in 946 ms
[2023-10-07 15:00:01] - HHH000204: Processing PersistenceUnitInfo [name: default]
[2023-10-07 15:00:01] - HHH000412: Hibernate ORM core version 6.2.7.Final
[2023-10-07 15:00:01] - HHH000406: Using bytecode reflection optimizer
[2023-10-07 15:00:01] - HHH000021: Bytecode provider name : bytebuddy
[2023-10-07 15:00:01] - No LoadTimeWeaver setup: ignoring JPA class transformer
[2023-10-07 15:00:01] - HikariPool-1 - Starting...
[2023-10-07 15:00:02] - HikariPool-1 - Added connection com.mysql.cj.jdbc.ConnectionImpl@69a73867
[2023-10-07 15:00:02] - HikariPool-1 - Start completed.
[2023-10-07 15:00:02] - HHH000021: Bytecode provider name : bytebuddy
[2023-10-07 15:00:02] - HHH000490: Using JtaPlatform implementation: [org.hibernate.engine.transaction.jta.platform.internal.NoJtaPlatform]
[2023-10-07 15:00:02] - Initialized JPA EntityManagerFactory for persistence unit 'default'
[2023-10-07 15:00:03] - error setting bots command List: Error executing org.telegram.telegrambots.meta.api.methods.commands.SetMyCommands query: [400] Bad Request: BOT_COMMAND_INVALID
[2023-10-07 15:00:03] - spring.jpa.open-in-view is enabled by default. Therefore, database queries may be performed during view rendering. Explicitly configure spring.jpa.open-in-view to disable this warning
[2023-10-07 15:00:03] - Starting ProtocolHandler ["http-nio-8080"]
[2023-10-07 15:00:03] - Tomcat started on port(s): 8080 (http) with context path ''
[2023-10-07 15:00:04] - Started App in 3.817 seconds (process running for 4.62)
[2023-10-07 15:00:23] - Repository safe user: DjTjapka
[2023-10-07 15:00:23] - Replied to User: Алекс
[2023-10-07 15:01:46] - Closing JPA EntityManagerFactory for persistence unit 'default'
[2023-10-07 15:01:46] - HikariPool-1 - Shutdown initiated...
[2023-10-07 15:01:46] - HikariPool-1 - Shutdown completed.
[2023-10-07 15:01:50] - Starting App using Java 17.0.8 with PID 24020 (F:\Java\qwest\target\classes started by tjapka in F:\Java\qwest)
[2023-10-07 15:01:50] - No active profile set, falling back to 1 default profile: "default"
[2023-10-07 15:01:50] - Bootstrapping Spring Data JPA repositories in DEFAULT mode.
[2023-10-07 15:01:50] - Finished Spring Data repository scanning in 34 ms. Found 1 JPA repository interfaces.
[2023-10-07 15:01:51] - Tomcat initialized with port(s): 8080 (http)
[2023-10-07 15:01:51] - Initializing ProtocolHandler ["http-nio-8080"]
[2023-10-07 15:01:51] - Starting service [Tomcat]
[2023-10-07 15:01:51] - Starting Servlet engine: [Apache Tomcat/10.1.12]
[2023-10-07 15:01:51] - Initializing Spring embedded WebApplicationContext
[2023-10-07 15:01:51] - Root WebApplicationContext: initialization completed in 948 ms
[2023-10-07 15:01:51] - HHH000204: Processing PersistenceUnitInfo [name: default]
[2023-10-07 15:01:51] - HHH000412: Hibernate ORM core version 6.2.7.Final
[2023-10-07 15:01:51] - HHH000406: Using bytecode reflection optimizer
[2023-10-07 15:01:51] - HHH000021: Bytecode provider name : bytebuddy
[2023-10-07 15:01:51] - No LoadTimeWeaver setup: ignoring JPA class transformer
[2023-10-07 15:01:51] - HikariPool-1 - Starting...
[2023-10-07 15:01:52] - HikariPool-1 - Added connection com.mysql.cj.jdbc.ConnectionImpl@749d7c01
[2023-10-07 15:01:52] - HikariPool-1 - Start completed.
[2023-10-07 15:01:52] - HHH000021: Bytecode provider name : bytebuddy
[2023-10-07 15:01:52] - HHH000490: Using JtaPlatform implementation: [org.hibernate.engine.transaction.jta.platform.internal.NoJtaPlatform]
[2023-10-07 15:01:52] - Initialized JPA EntityManagerFactory for persistence unit 'default'
[2023-10-07 15:01:53] - error setting bots command List: Error executing org.telegram.telegrambots.meta.api.methods.commands.SetMyCommands query: [400] Bad Request: BOT_COMMAND_INVALID
[2023-10-07 15:01:53] - spring.jpa.open-in-view is enabled by default. Therefore, database queries may be performed during view rendering. Explicitly configure spring.jpa.open-in-view to disable this warning
[2023-10-07 15:01:53] - Starting ProtocolHandler ["http-nio-8080"]
[2023-10-07 15:01:53] - Tomcat started on port(s): 8080 (http) with context path ''
[2023-10-07 15:01:53] - Started App in 3.687 seconds (process running for 4.374)
[2023-10-07 15:02:20] - Repository safe user: DjTjapka
[2023-10-07 15:02:21] - Replied to User: Алекс
[2023-10-07 15:08:32] - Closing JPA EntityManagerFactory for persistence unit 'default'
[2023-10-07 15:08:32] - HikariPool-1 - Shutdown initiated...
[2023-10-07 15:08:32] - HikariPool-1 - Shutdown completed.
[2023-10-07 15:08:38] - Starting App using Java 17.0.8 with PID 20672 (F:\Java\qwest\target\classes started by tjapka in F:\Java\qwest)
[2023-10-07 15:08:38] - No active profile set, falling back to 1 default profile: "default"
[2023-10-07 15:08:38] - Bootstrapping Spring Data JPA repositories in DEFAULT mode.
[2023-10-07 15:08:39] - Finished Spring Data repository scanning in 35 ms. Found 1 JPA repository interfaces.
[2023-10-07 15:08:39] - Tomcat initialized with port(s): 8080 (http)
[2023-10-07 15:08:39] - Initializing ProtocolHandler ["http-nio-8080"]
[2023-10-07 15:08:39] - Starting service [Tomcat]
[2023-10-07 15:08:39] - Starting Servlet engine: [Apache Tomcat/10.1.12]
[2023-10-07 15:08:39] - Initializing Spring embedded WebApplicationContext
[2023-10-07 15:08:39] - Root WebApplicationContext: initialization completed in 957 ms
[2023-10-07 15:08:39] - HHH000204: Processing PersistenceUnitInfo [name: default]
[2023-10-07 15:08:39] - HHH000412: Hibernate ORM core version 6.2.7.Final
[2023-10-07 15:08:39] - HHH000406: Using bytecode reflection optimizer
[2023-10-07 15:08:39] - HHH000021: Bytecode provider name : bytebuddy
[2023-10-07 15:08:39] - No LoadTimeWeaver setup: ignoring JPA class transformer
[2023-10-07 15:08:39] - HikariPool-1 - Starting...
[2023-10-07 15:08:40] - HikariPool-1 - Added connection com.mysql.cj.jdbc.ConnectionImpl@749d7c01
[2023-10-07 15:08:40] - HikariPool-1 - Start completed.
[2023-10-07 15:08:40] - HHH000021: Bytecode provider name : bytebuddy
[2023-10-07 15:08:40] - HHH000490: Using JtaPlatform implementation: [org.hibernate.engine.transaction.jta.platform.internal.NoJtaPlatform]
[2023-10-07 15:08:40] - Initialized JPA EntityManagerFactory for persistence unit 'default'
[2023-10-07 15:08:41] - error setting bots command List: Error executing org.telegram.telegrambots.meta.api.methods.commands.SetMyCommands query: [400] Bad Request: BOT_COMMAND_INVALID
[2023-10-07 15:08:41] - spring.jpa.open-in-view is enabled by default. Therefore, database queries may be performed during view rendering. Explicitly configure spring.jpa.open-in-view to disable this warning
[2023-10-07 15:08:42] - Starting ProtocolHandler ["http-nio-8080"]
[2023-10-07 15:08:42] - Tomcat started on port(s): 8080 (http) with context path ''
[2023-10-07 15:08:42] - Started App in 3.815 seconds (process running for 4.521)
