[2023-10-06 15:03:58] - Replied to User: Алекс
[2023-10-06 15:05:10] - Closing JPA EntityManagerFactory for persistence unit 'default'
[2023-10-06 15:05:10] - HikariPool-1 - Shutdown initiated...
[2023-10-06 15:05:10] - HikariPool-1 - Shutdown completed.
[2023-10-06 15:05:16] - Starting App using Java 17.0.8 with PID 23396 (F:\Java\qwest\target\classes started by tjapka in F:\Java\qwest)
[2023-10-06 15:05:16] - No active profile set, falling back to 1 default profile: "default"
[2023-10-06 15:05:16] - Bootstrapping Spring Data JPA repositories in DEFAULT mode.
[2023-10-06 15:05:16] - Finished Spring Data repository scanning in 34 ms. Found 1 JPA repository interfaces.
[2023-10-06 15:05:17] - Tomcat initialized with port(s): 8080 (http)
[2023-10-06 15:05:17] - Initializing ProtocolHandler ["http-nio-8080"]
[2023-10-06 15:05:17] - Starting service [Tomcat]
[2023-10-06 15:05:17] - Starting Servlet engine: [Apache Tomcat/10.1.12]
[2023-10-06 15:05:17] - Initializing Spring embedded WebApplicationContext
[2023-10-06 15:05:17] - Root WebApplicationContext: initialization completed in 965 ms
[2023-10-06 15:05:17] - HHH000204: Processing PersistenceUnitInfo [name: default]
[2023-10-06 15:05:17] - HHH000412: Hibernate ORM core version 6.2.7.Final
[2023-10-06 15:05:17] - HHH000406: Using bytecode reflection optimizer
[2023-10-06 15:05:17] - HHH000021: Bytecode provider name : bytebuddy
[2023-10-06 15:05:17] - No LoadTimeWeaver setup: ignoring JPA class transformer
[2023-10-06 15:05:17] - HikariPool-1 - Starting...
[2023-10-06 15:05:18] - HikariPool-1 - Added connection com.mysql.cj.jdbc.ConnectionImpl@794cb26b
[2023-10-06 15:05:18] - HikariPool-1 - Start completed.
[2023-10-06 15:05:18] - HHH000021: Bytecode provider name : bytebuddy
[2023-10-06 15:05:18] - HHH000490: Using JtaPlatform implementation: [org.hibernate.engine.transaction.jta.platform.internal.NoJtaPlatform]
[2023-10-06 15:05:18] - Initialized JPA EntityManagerFactory for persistence unit 'default'
[2023-10-06 15:05:19] - spring.jpa.open-in-view is enabled by default. Therefore, database queries may be performed during view rendering. Explicitly configure spring.jpa.open-in-view to disable this warning
[2023-10-06 15:05:19] - Starting ProtocolHandler ["http-nio-8080"]
[2023-10-06 15:05:19] - Tomcat started on port(s): 8080 (http) with context path ''
[2023-10-06 15:05:19] - Started App in 3.673 seconds (process running for 4.395)
[2023-10-06 15:05:27] - Replied to User: Алекс
[2023-10-06 15:08:46] - Closing JPA EntityManagerFactory for persistence unit 'default'
[2023-10-06 15:08:46] - HikariPool-1 - Shutdown initiated...
[2023-10-06 15:08:46] - HikariPool-1 - Shutdown completed.
[2023-10-06 15:08:51] - Starting App using Java 17.0.8 with PID 14340 (F:\Java\qwest\target\classes started by tjapka in F:\Java\qwest)
[2023-10-06 15:08:51] - No active profile set, falling back to 1 default profile: "default"
[2023-10-06 15:08:52] - Bootstrapping Spring Data JPA repositories in DEFAULT mode.
[2023-10-06 15:08:52] - Finished Spring Data repository scanning in 33 ms. Found 1 JPA repository interfaces.
[2023-10-06 15:08:52] - Tomcat initialized with port(s): 8080 (http)
[2023-10-06 15:08:52] - Initializing ProtocolHandler ["http-nio-8080"]
[2023-10-06 15:08:52] - Starting service [Tomcat]
[2023-10-06 15:08:52] - Starting Servlet engine: [Apache Tomcat/10.1.12]
[2023-10-06 15:08:52] - Initializing Spring embedded WebApplicationContext
[2023-10-06 15:08:52] - Root WebApplicationContext: initialization completed in 945 ms
[2023-10-06 15:08:52] - HHH000204: Processing PersistenceUnitInfo [name: default]
[2023-10-06 15:08:52] - HHH000412: Hibernate ORM core version 6.2.7.Final
[2023-10-06 15:08:52] - HHH000406: Using bytecode reflection optimizer
[2023-10-06 15:08:53] - HHH000021: Bytecode provider name : bytebuddy
[2023-10-06 15:08:53] - No LoadTimeWeaver setup: ignoring JPA class transformer
[2023-10-06 15:08:53] - HikariPool-1 - Starting...
[2023-10-06 15:08:53] - HikariPool-1 - Added connection com.mysql.cj.jdbc.ConnectionImpl@749d7c01
[2023-10-06 15:08:53] - HikariPool-1 - Start completed.
[2023-10-06 15:08:53] - HHH000021: Bytecode provider name : bytebuddy
[2023-10-06 15:08:54] - HHH000490: Using JtaPlatform implementation: [org.hibernate.engine.transaction.jta.platform.internal.NoJtaPlatform]
[2023-10-06 15:08:54] - Initialized JPA EntityManagerFactory for persistence unit 'default'
[2023-10-06 15:08:54] - spring.jpa.open-in-view is enabled by default. Therefore, database queries may be performed during view rendering. Explicitly configure spring.jpa.open-in-view to disable this warning
[2023-10-06 15:08:55] - Starting ProtocolHandler ["http-nio-8080"]
[2023-10-06 15:08:55] - Tomcat started on port(s): 8080 (http) with context path ''
[2023-10-06 15:08:55] - Started App in 3.706 seconds (process running for 4.398)
[2023-10-06 15:09:01] - Replied to User: Алекс
[2023-10-06 15:12:16] - Closing JPA EntityManagerFactory for persistence unit 'default'
[2023-10-06 15:12:16] - HikariPool-1 - Shutdown initiated...
[2023-10-06 15:12:16] - HikariPool-1 - Shutdown completed.
[2023-10-06 15:12:20] - Starting App using Java 17.0.8 with PID 14208 (F:\Java\qwest\target\classes started by tjapka in F:\Java\qwest)
[2023-10-06 15:12:20] - No active profile set, falling back to 1 default profile: "default"
[2023-10-06 15:12:21] - Bootstrapping Spring Data JPA repositories in DEFAULT mode.
[2023-10-06 15:12:21] - Finished Spring Data repository scanning in 35 ms. Found 1 JPA repository interfaces.
[2023-10-06 15:12:21] - Tomcat initialized with port(s): 8080 (http)
[2023-10-06 15:12:21] - Initializing ProtocolHandler ["http-nio-8080"]
[2023-10-06 15:12:21] - Starting service [Tomcat]
[2023-10-06 15:12:21] - Starting Servlet engine: [Apache Tomcat/10.1.12]
[2023-10-06 15:12:21] - Initializing Spring embedded WebApplicationContext
[2023-10-06 15:12:21] - Root WebApplicationContext: initialization completed in 933 ms
[2023-10-06 15:12:22] - HHH000204: Processing PersistenceUnitInfo [name: default]
[2023-10-06 15:12:22] - HHH000412: Hibernate ORM core version 6.2.7.Final
[2023-10-06 15:12:22] - HHH000406: Using bytecode reflection optimizer
[2023-10-06 15:12:22] - HHH000021: Bytecode provider name : bytebuddy
[2023-10-06 15:12:22] - No LoadTimeWeaver setup: ignoring JPA class transformer
[2023-10-06 15:12:22] - HikariPool-1 - Starting...
[2023-10-06 15:12:22] - HikariPool-1 - Added connection com.mysql.cj.jdbc.ConnectionImpl@6c70b7c3
[2023-10-06 15:12:22] - HikariPool-1 - Start completed.
[2023-10-06 15:12:22] - HHH000021: Bytecode provider name : bytebuddy
[2023-10-06 15:12:23] - HHH000490: Using JtaPlatform implementation: [org.hibernate.engine.transaction.jta.platform.internal.NoJtaPlatform]
[2023-10-06 15:12:23] - Initialized JPA EntityManagerFactory for persistence unit 'default'
[2023-10-06 15:12:23] - spring.jpa.open-in-view is enabled by default. Therefore, database queries may be performed during view rendering. Explicitly configure spring.jpa.open-in-view to disable this warning
[2023-10-06 15:12:24] - Starting ProtocolHandler ["http-nio-8080"]
[2023-10-06 15:12:24] - Tomcat started on port(s): 8080 (http) with context path ''
[2023-10-06 15:12:24] - Started App in 3.544 seconds (process running for 4.484)
[2023-10-06 15:46:34] - Closing JPA EntityManagerFactory for persistence unit 'default'
[2023-10-06 15:46:34] - HikariPool-1 - Shutdown initiated...
[2023-10-06 15:46:34] - HikariPool-1 - Shutdown completed.
[2023-10-06 15:46:38] - Starting App using Java 17.0.8 with PID 23776 (F:\Java\qwest\target\classes started by tjapka in F:\Java\qwest)
[2023-10-06 15:46:38] - No active profile set, falling back to 1 default profile: "default"
[2023-10-06 15:46:39] - Bootstrapping Spring Data JPA repositories in DEFAULT mode.
[2023-10-06 15:46:39] - Finished Spring Data repository scanning in 34 ms. Found 1 JPA repository interfaces.
[2023-10-06 15:46:39] - Tomcat initialized with port(s): 8080 (http)
[2023-10-06 15:46:39] - Initializing ProtocolHandler ["http-nio-8080"]
[2023-10-06 15:46:39] - Starting service [Tomcat]
[2023-10-06 15:46:39] - Starting Servlet engine: [Apache Tomcat/10.1.12]
[2023-10-06 15:46:39] - Initializing Spring embedded WebApplicationContext
[2023-10-06 15:46:39] - Root WebApplicationContext: initialization completed in 945 ms
[2023-10-06 15:46:40] - HHH000204: Processing PersistenceUnitInfo [name: default]
[2023-10-06 15:46:40] - HHH000412: Hibernate ORM core version 6.2.7.Final
[2023-10-06 15:46:40] - HHH000406: Using bytecode reflection optimizer
[2023-10-06 15:46:40] - HHH000021: Bytecode provider name : bytebuddy
[2023-10-06 15:46:40] - No LoadTimeWeaver setup: ignoring JPA class transformer
[2023-10-06 15:46:40] - HikariPool-1 - Starting...
[2023-10-06 15:46:40] - HikariPool-1 - Added connection com.mysql.cj.jdbc.ConnectionImpl@749d7c01
[2023-10-06 15:46:40] - HikariPool-1 - Start completed.
[2023-10-06 15:46:40] - HHH000021: Bytecode provider name : bytebuddy
[2023-10-06 15:46:41] - HHH000490: Using JtaPlatform implementation: [org.hibernate.engine.transaction.jta.platform.internal.NoJtaPlatform]
[2023-10-06 15:46:41] - Initialized JPA EntityManagerFactory for persistence unit 'default'
[2023-10-06 15:46:41] - spring.jpa.open-in-view is enabled by default. Therefore, database queries may be performed during view rendering. Explicitly configure spring.jpa.open-in-view to disable this warning
[2023-10-06 15:46:42] - Starting ProtocolHandler ["http-nio-8080"]
[2023-10-06 15:46:42] - Tomcat started on port(s): 8080 (http) with context path ''
[2023-10-06 15:46:42] - Started App in 3.678 seconds (process running for 4.393)
[2023-10-06 15:47:57] - Closing JPA EntityManagerFactory for persistence unit 'default'
[2023-10-06 15:47:57] - HikariPool-1 - Shutdown initiated...
[2023-10-06 15:47:57] - HikariPool-1 - Shutdown completed.
[2023-10-06 15:48:00] - Starting App using Java 17.0.8 with PID 17856 (F:\Java\qwest\target\classes started by tjapka in F:\Java\qwest)
[2023-10-06 15:48:00] - No active profile set, falling back to 1 default profile: "default"
[2023-10-06 15:48:00] - Bootstrapping Spring Data JPA repositories in DEFAULT mode.
[2023-10-06 15:48:00] - Finished Spring Data repository scanning in 34 ms. Found 1 JPA repository interfaces.
[2023-10-06 15:48:00] - Tomcat initialized with port(s): 8080 (http)
[2023-10-06 15:48:00] - Initializing ProtocolHandler ["http-nio-8080"]
[2023-10-06 15:48:00] - Starting service [Tomcat]
[2023-10-06 15:48:00] - Starting Servlet engine: [Apache Tomcat/10.1.12]
[2023-10-06 15:48:01] - Initializing Spring embedded WebApplicationContext
[2023-10-06 15:48:01] - Root WebApplicationContext: initialization completed in 935 ms
[2023-10-06 15:48:01] - HHH000204: Processing PersistenceUnitInfo [name: default]
[2023-10-06 15:48:01] - HHH000412: Hibernate ORM core version 6.2.7.Final
[2023-10-06 15:48:01] - HHH000406: Using bytecode reflection optimizer
[2023-10-06 15:48:01] - HHH000021: Bytecode provider name : bytebuddy
[2023-10-06 15:48:01] - No LoadTimeWeaver setup: ignoring JPA class transformer
[2023-10-06 15:48:01] - HikariPool-1 - Starting...
[2023-10-06 15:48:01] - HikariPool-1 - Added connection com.mysql.cj.jdbc.ConnectionImpl@749d7c01
[2023-10-06 15:48:01] - HikariPool-1 - Start completed.
[2023-10-06 15:48:01] - HHH000021: Bytecode provider name : bytebuddy
[2023-10-06 15:48:02] - HHH000490: Using JtaPlatform implementation: [org.hibernate.engine.transaction.jta.platform.internal.NoJtaPlatform]
[2023-10-06 15:48:02] - Initialized JPA EntityManagerFactory for persistence unit 'default'
[2023-10-06 15:48:03] - spring.jpa.open-in-view is enabled by default. Therefore, database queries may be performed during view rendering. Explicitly configure spring.jpa.open-in-view to disable this warning
[2023-10-06 15:48:03] - Starting ProtocolHandler ["http-nio-8080"]
[2023-10-06 15:48:03] - Tomcat started on port(s): 8080 (http) with context path ''
[2023-10-06 15:48:03] - Started App in 3.745 seconds (process running for 4.444)
[2023-10-06 15:48:10] - Replied to User: Алекс
