[2023-10-07 19:42:46] - Starting App using Java 17.0.8 with PID 24524 (F:\Java\qwest\target\classes started by tjapka in F:\Java\qwest)
[2023-10-07 19:42:46] - No active profile set, falling back to 1 default profile: "default"
[2023-10-07 19:42:46] - Bootstrapping Spring Data JPA repositories in DEFAULT mode.
[2023-10-07 19:42:46] - Finished Spring Data repository scanning in 35 ms. Found 1 JPA repository interfaces.
[2023-10-07 19:42:47] - Tomcat initialized with port(s): 8080 (http)
[2023-10-07 19:42:47] - Initializing ProtocolHandler ["http-nio-8080"]
[2023-10-07 19:42:47] - Starting service [Tomcat]
[2023-10-07 19:42:47] - Starting Servlet engine: [Apache Tomcat/10.1.12]
[2023-10-07 19:42:47] - Initializing Spring embedded WebApplicationContext
[2023-10-07 19:42:47] - Root WebApplicationContext: initialization completed in 956 ms
[2023-10-07 19:42:47] - HHH000204: Processing PersistenceUnitInfo [name: default]
[2023-10-07 19:42:47] - HHH000412: Hibernate ORM core version 6.2.7.Final
[2023-10-07 19:42:47] - HHH000406: Using bytecode reflection optimizer
[2023-10-07 19:42:47] - HHH000021: Bytecode provider name : bytebuddy
[2023-10-07 19:42:47] - No LoadTimeWeaver setup: ignoring JPA class transformer
[2023-10-07 19:42:47] - HikariPool-1 - Starting...
[2023-10-07 19:42:48] - HikariPool-1 - Added connection com.mysql.cj.jdbc.ConnectionImpl@4809c771
[2023-10-07 19:42:48] - HikariPool-1 - Start completed.
[2023-10-07 19:42:48] - HHH000021: Bytecode provider name : bytebuddy
[2023-10-07 19:42:48] - HHH000490: Using JtaPlatform implementation: [org.hibernate.engine.transaction.jta.platform.internal.NoJtaPlatform]
[2023-10-07 19:42:48] - Initialized JPA EntityManagerFactory for persistence unit 'default'
[2023-10-07 19:42:49] - error setting bots command List: Error executing org.telegram.telegrambots.meta.api.methods.commands.SetMyCommands query: [400] Bad Request: BOT_COMMAND_INVALID
[2023-10-07 19:42:49] - spring.jpa.open-in-view is enabled by default. Therefore, database queries may be performed during view rendering. Explicitly configure spring.jpa.open-in-view to disable this warning
[2023-10-07 19:42:49] - Starting ProtocolHandler ["http-nio-8080"]
[2023-10-07 19:42:49] - Tomcat started on port(s): 8080 (http) with context path ''
[2023-10-07 19:42:49] - Started App in 3.605 seconds (process running for 4.298)
[2023-10-07 19:42:59] - Replied to User: Алекс
[2023-10-07 19:48:10] - Closing JPA EntityManagerFactory for persistence unit 'default'
[2023-10-07 19:48:10] - HikariPool-1 - Shutdown initiated...
[2023-10-07 19:48:10] - HikariPool-1 - Shutdown completed.
[2023-10-07 19:48:15] - Starting App using Java 17.0.8 with PID 4244 (F:\Java\qwest\target\classes started by tjapka in F:\Java\qwest)
[2023-10-07 19:48:15] - No active profile set, falling back to 1 default profile: "default"
[2023-10-07 19:48:16] - Bootstrapping Spring Data JPA repositories in DEFAULT mode.
[2023-10-07 19:48:16] - Finished Spring Data repository scanning in 34 ms. Found 1 JPA repository interfaces.
[2023-10-07 19:48:16] - Tomcat initialized with port(s): 8080 (http)
[2023-10-07 19:48:16] - Initializing ProtocolHandler ["http-nio-8080"]
[2023-10-07 19:48:16] - Starting service [Tomcat]
[2023-10-07 19:48:16] - Starting Servlet engine: [Apache Tomcat/10.1.12]
[2023-10-07 19:48:16] - Initializing Spring embedded WebApplicationContext
[2023-10-07 19:48:16] - Root WebApplicationContext: initialization completed in 962 ms
[2023-10-07 19:48:17] - HHH000204: Processing PersistenceUnitInfo [name: default]
[2023-10-07 19:48:17] - HHH000412: Hibernate ORM core version 6.2.7.Final
[2023-10-07 19:48:17] - HHH000406: Using bytecode reflection optimizer
[2023-10-07 19:48:17] - HHH000021: Bytecode provider name : bytebuddy
[2023-10-07 19:48:17] - No LoadTimeWeaver setup: ignoring JPA class transformer
[2023-10-07 19:48:17] - HikariPool-1 - Starting...
[2023-10-07 19:48:17] - HikariPool-1 - Added connection com.mysql.cj.jdbc.ConnectionImpl@749d7c01
[2023-10-07 19:48:17] - HikariPool-1 - Start completed.
[2023-10-07 19:48:17] - HHH000021: Bytecode provider name : bytebuddy
[2023-10-07 19:48:18] - HHH000490: Using JtaPlatform implementation: [org.hibernate.engine.transaction.jta.platform.internal.NoJtaPlatform]
[2023-10-07 19:48:18] - Initialized JPA EntityManagerFactory for persistence unit 'default'
[2023-10-07 19:48:18] - error setting bots command List: Error executing org.telegram.telegrambots.meta.api.methods.commands.SetMyCommands query: [400] Bad Request: BOT_COMMAND_INVALID
[2023-10-07 19:48:18] - spring.jpa.open-in-view is enabled by default. Therefore, database queries may be performed during view rendering. Explicitly configure spring.jpa.open-in-view to disable this warning
[2023-10-07 19:48:19] - Starting ProtocolHandler ["http-nio-8080"]
[2023-10-07 19:48:19] - Tomcat started on port(s): 8080 (http) with context path ''
[2023-10-07 19:48:19] - Started App in 3.65 seconds (process running for 4.351)
[2023-10-07 19:58:42] - Closing JPA EntityManagerFactory for persistence unit 'default'
[2023-10-07 19:58:42] - HikariPool-1 - Shutdown initiated...
[2023-10-07 19:58:42] - HikariPool-1 - Shutdown completed.
[2023-10-07 19:58:47] - Starting App using Java 17.0.8 with PID 23276 (F:\Java\qwest\target\classes started by tjapka in F:\Java\qwest)
[2023-10-07 19:58:47] - No active profile set, falling back to 1 default profile: "default"
[2023-10-07 19:58:48] - Bootstrapping Spring Data JPA repositories in DEFAULT mode.
[2023-10-07 19:58:48] - Finished Spring Data repository scanning in 36 ms. Found 1 JPA repository interfaces.
[2023-10-07 19:58:48] - Tomcat initialized with port(s): 8080 (http)
[2023-10-07 19:58:48] - Initializing ProtocolHandler ["http-nio-8080"]
[2023-10-07 19:58:48] - Starting service [Tomcat]
[2023-10-07 19:58:48] - Starting Servlet engine: [Apache Tomcat/10.1.12]
[2023-10-07 19:58:48] - Initializing Spring embedded WebApplicationContext
[2023-10-07 19:58:48] - Root WebApplicationContext: initialization completed in 938 ms
[2023-10-07 19:58:48] - HHH000204: Processing PersistenceUnitInfo [name: default]
[2023-10-07 19:58:48] - HHH000412: Hibernate ORM core version 6.2.7.Final
[2023-10-07 19:58:48] - HHH000406: Using bytecode reflection optimizer
[2023-10-07 19:58:48] - HHH000021: Bytecode provider name : bytebuddy
[2023-10-07 19:58:49] - No LoadTimeWeaver setup: ignoring JPA class transformer
[2023-10-07 19:58:49] - HikariPool-1 - Starting...
[2023-10-07 19:58:49] - HikariPool-1 - Added connection com.mysql.cj.jdbc.ConnectionImpl@749d7c01
[2023-10-07 19:58:49] - HikariPool-1 - Start completed.
[2023-10-07 19:58:49] - HHH000021: Bytecode provider name : bytebuddy
[2023-10-07 19:58:50] - HHH000490: Using JtaPlatform implementation: [org.hibernate.engine.transaction.jta.platform.internal.NoJtaPlatform]
[2023-10-07 19:58:50] - Initialized JPA EntityManagerFactory for persistence unit 'default'
[2023-10-07 19:58:50] - error setting bots command List: Error executing org.telegram.telegrambots.meta.api.methods.commands.SetMyCommands query: [400] Bad Request: BOT_COMMAND_INVALID
[2023-10-07 19:58:50] - spring.jpa.open-in-view is enabled by default. Therefore, database queries may be performed during view rendering. Explicitly configure spring.jpa.open-in-view to disable this warning
[2023-10-07 19:58:51] - Starting ProtocolHandler ["http-nio-8080"]
[2023-10-07 19:58:51] - Tomcat started on port(s): 8080 (http) with context path ''
[2023-10-07 19:58:51] - Started App in 3.829 seconds (process running for 4.543)
[2023-10-07 19:58:51] - Replied to User: Алекс
[2023-10-07 20:02:46] - Closing JPA EntityManagerFactory for persistence unit 'default'
[2023-10-07 20:02:46] - HikariPool-1 - Shutdown initiated...
[2023-10-07 20:02:46] - HikariPool-1 - Shutdown completed.
[2023-10-07 20:02:51] - Starting App using Java 17.0.8 with PID 22668 (F:\Java\qwest\target\classes started by tjapka in F:\Java\qwest)
[2023-10-07 20:02:51] - No active profile set, falling back to 1 default profile: "default"
[2023-10-07 20:02:51] - Bootstrapping Spring Data JPA repositories in DEFAULT mode.
[2023-10-07 20:02:51] - Finished Spring Data repository scanning in 35 ms. Found 1 JPA repository interfaces.
[2023-10-07 20:02:52] - Tomcat initialized with port(s): 8080 (http)
[2023-10-07 20:02:52] - Initializing ProtocolHandler ["http-nio-8080"]
[2023-10-07 20:02:52] - Starting service [Tomcat]
[2023-10-07 20:02:52] - Starting Servlet engine: [Apache Tomcat/10.1.12]
[2023-10-07 20:02:52] - Initializing Spring embedded WebApplicationContext
[2023-10-07 20:02:52] - Root WebApplicationContext: initialization completed in 966 ms
[2023-10-07 20:02:52] - HHH000204: Processing PersistenceUnitInfo [name: default]
[2023-10-07 20:02:52] - HHH000412: Hibernate ORM core version 6.2.7.Final
[2023-10-07 20:02:52] - HHH000406: Using bytecode reflection optimizer
[2023-10-07 20:02:52] - HHH000021: Bytecode provider name : bytebuddy
[2023-10-07 20:02:52] - No LoadTimeWeaver setup: ignoring JPA class transformer
[2023-10-07 20:02:52] - HikariPool-1 - Starting...
[2023-10-07 20:02:52] - HikariPool-1 - Added connection com.mysql.cj.jdbc.ConnectionImpl@749d7c01
[2023-10-07 20:02:52] - HikariPool-1 - Start completed.
[2023-10-07 20:02:53] - HHH000021: Bytecode provider name : bytebuddy
[2023-10-07 20:02:53] - HHH000490: Using JtaPlatform implementation: [org.hibernate.engine.transaction.jta.platform.internal.NoJtaPlatform]
[2023-10-07 20:02:53] - Initialized JPA EntityManagerFactory for persistence unit 'default'
[2023-10-07 20:02:54] - error setting bots command List: Error executing org.telegram.telegrambots.meta.api.methods.commands.SetMyCommands query: [400] Bad Request: BOT_COMMAND_INVALID
[2023-10-07 20:02:54] - spring.jpa.open-in-view is enabled by default. Therefore, database queries may be performed during view rendering. Explicitly configure spring.jpa.open-in-view to disable this warning
[2023-10-07 20:02:54] - Starting ProtocolHandler ["http-nio-8080"]
[2023-10-07 20:02:54] - Tomcat started on port(s): 8080 (http) with context path ''
[2023-10-07 20:02:54] - Started App in 3.786 seconds (process running for 4.48)
